(2014-11-12T08:30:12.219600)(8ms)[Default,Utilities][Warning][Non-fatal] : WARNING: A problem has been raised by one of the utility codes.
Raised at line 541 in function Gambit::module_functor_common::module_functor_common(Gambit::str, Gambit::str, Gambit::str, Gambit::str, Gambit::Models::ModelFunctorClaw&) of Utils/src/functors.cpp.
Error retrieving LogTag number (in functors.cpp, constructor for module_functor_common)! No match for module name in tag2str map! Probably this is just a model functor, so this is no problem. (myOrigin=Standard_Model, myName=primary_parameters)
(2014-11-12T08:30:12.219627)(8ms)[Default][Debug,Warning] : 
(2014-11-12T08:30:12.245309)(33ms)[Default,Utilities][Warning][Non-fatal] : WARNING: A problem has been raised by one of the utility codes.
Raised at line 541 in function Gambit::module_functor_common::module_functor_common(Gambit::str, Gambit::str, Gambit::str, Gambit::str, Gambit::Models::ModelFunctorClaw&) of Utils/src/functors.cpp.
Error retrieving LogTag number (in functors.cpp, constructor for module_functor_common)! No match for module name in tag2str map! Probably this is just a model functor, so this is no problem. (myOrigin=MSSM29, myName=primary_parameters)
(2014-11-12T08:30:12.245314)(33ms)[Default][Debug,Warning] : 
(2014-11-12T08:30:12.245401)(33ms)[Default,Utilities][Warning][Non-fatal] : WARNING: A problem has been raised by one of the utility codes.
Raised at line 541 in function Gambit::module_functor_common::module_functor_common(Gambit::str, Gambit::str, Gambit::str, Gambit::str, Gambit::Models::ModelFunctorClaw&) of Utils/src/functors.cpp.
Error retrieving LogTag number (in functors.cpp, constructor for module_functor_common)! No match for module name in tag2str map! Probably this is just a model functor, so this is no problem. (myOrigin=MSSM25, myName=primary_parameters)
(2014-11-12T08:30:12.245404)(33ms)[Default][Debug,Warning] : 
(2014-11-12T08:30:12.245466)(33ms)[Default,Utilities][Warning][Non-fatal] : WARNING: A problem has been raised by one of the utility codes.
Raised at line 541 in function Gambit::module_functor_common::module_functor_common(Gambit::str, Gambit::str, Gambit::str, Gambit::str, Gambit::Models::ModelFunctorClaw&) of Utils/src/functors.cpp.
Error retrieving LogTag number (in functors.cpp, constructor for module_functor_common)! No match for module name in tag2str map! Probably this is just a model functor, so this is no problem. (myOrigin=GUTMSSMA, myName=primary_parameters)
(2014-11-12T08:30:12.245469)(33ms)[Default][Debug,Warning] : 
(2014-11-12T08:30:12.245547)(34ms)[Default,Utilities][Warning][Non-fatal] : WARNING: A problem has been raised by one of the utility codes.
Raised at line 541 in function Gambit::module_functor_common::module_functor_common(Gambit::str, Gambit::str, Gambit::str, Gambit::str, Gambit::Models::ModelFunctorClaw&) of Utils/src/functors.cpp.
Error retrieving LogTag number (in functors.cpp, constructor for module_functor_common)! No match for module name in tag2str map! Probably this is just a model functor, so this is no problem. (myOrigin=GUTMSSMB, myName=primary_parameters)
(2014-11-12T08:30:12.245551)(34ms)[Default][Debug,Warning] : 
(2014-11-12T08:30:12.245621)(34ms)[Default,Utilities][Warning][Non-fatal] : WARNING: A problem has been raised by one of the utility codes.
Raised at line 541 in function Gambit::module_functor_common::module_functor_common(Gambit::str, Gambit::str, Gambit::str, Gambit::str, Gambit::Models::ModelFunctorClaw&) of Utils/src/functors.cpp.
Error retrieving LogTag number (in functors.cpp, constructor for module_functor_common)! No match for module name in tag2str map! Probably this is just a model functor, so this is no problem. (myOrigin=CMSSM, myName=primary_parameters)
(2014-11-12T08:30:12.245624)(34ms)[Default][Debug,Warning] : 
(2014-11-12T08:30:12.245647)(34ms)[Default,Utilities][Warning][Non-fatal] : WARNING: A problem has been raised by one of the utility codes.
Raised at line 541 in function Gambit::module_functor_common::module_functor_common(Gambit::str, Gambit::str, Gambit::str, Gambit::str, Gambit::Models::ModelFunctorClaw&) of Utils/src/functors.cpp.
Error retrieving LogTag number (in functors.cpp, constructor for module_functor_common)! No match for module name in tag2str map! Probably this is just a model functor, so this is no problem. (myOrigin=CMSSM, myName=GUTMSSMA_parameters)
(2014-11-12T08:30:12.245650)(34ms)[Default][Debug,Warning] : 
(2014-11-12T08:30:12.245892)(34ms)[Default,Utilities][Warning][Non-fatal] : WARNING: A problem has been raised by one of the utility codes.
Raised at line 541 in function Gambit::module_functor_common::module_functor_common(Gambit::str, Gambit::str, Gambit::str, Gambit::str, Gambit::Models::ModelFunctorClaw&) of Utils/src/functors.cpp.
Error retrieving LogTag number (in functors.cpp, constructor for module_functor_common)! No match for module name in tag2str map! Probably this is just a model functor, so this is no problem. (myOrigin=CMSSM, myName=GUTMSSMB_parameters)
(2014-11-12T08:30:12.245895)(34ms)[Default][Debug,Warning] : 
(2014-11-12T08:30:12.245957)(34ms)[Default,Utilities][Warning][Non-fatal] : WARNING: A problem has been raised by one of the utility codes.
Raised at line 541 in function Gambit::module_functor_common::module_functor_common(Gambit::str, Gambit::str, Gambit::str, Gambit::str, Gambit::Models::ModelFunctorClaw&) of Utils/src/functors.cpp.
Error retrieving LogTag number (in functors.cpp, constructor for module_functor_common)! No match for module name in tag2str map! Probably this is just a model functor, so this is no problem. (myOrigin=extraCMSSM, myName=primary_parameters)
(2014-11-12T08:30:12.245961)(34ms)[Default][Debug,Warning] : 
(2014-11-12T08:30:12.245983)(34ms)[Default,Utilities][Warning][Non-fatal] : WARNING: A problem has been raised by one of the utility codes.
Raised at line 541 in function Gambit::module_functor_common::module_functor_common(Gambit::str, Gambit::str, Gambit::str, Gambit::str, Gambit::Models::ModelFunctorClaw&) of Utils/src/functors.cpp.
Error retrieving LogTag number (in functors.cpp, constructor for module_functor_common)! No match for module name in tag2str map! Probably this is just a model functor, so this is no problem. (myOrigin=extraCMSSM, myName=CMSSM_parameters)
(2014-11-12T08:30:12.245986)(34ms)[Default][Debug,Warning] : 
(2014-11-12T08:30:12.246031)(34ms)[Default,Utilities][Warning][Non-fatal] : WARNING: A problem has been raised by one of the utility codes.
Raised at line 541 in function Gambit::module_functor_common::module_functor_common(Gambit::str, Gambit::str, Gambit::str, Gambit::str, Gambit::Models::ModelFunctorClaw&) of Utils/src/functors.cpp.
Error retrieving LogTag number (in functors.cpp, constructor for module_functor_common)! No match for module name in tag2str map! Probably this is just a model functor, so this is no problem. (myOrigin=test_parent_I, myName=primary_parameters)
(2014-11-12T08:30:12.246034)(34ms)[Default][Debug,Warning] : 
(2014-11-12T08:30:12.246082)(34ms)[Default,Utilities][Warning][Non-fatal] : WARNING: A problem has been raised by one of the utility codes.
Raised at line 541 in function Gambit::module_functor_common::module_functor_common(Gambit::str, Gambit::str, Gambit::str, Gambit::str, Gambit::Models::ModelFunctorClaw&) of Utils/src/functors.cpp.
Error retrieving LogTag number (in functors.cpp, constructor for module_functor_common)! No match for module name in tag2str map! Probably this is just a model functor, so this is no problem. (myOrigin=NormalDist, myName=primary_parameters)
(2014-11-12T08:30:12.246085)(34ms)[Default][Debug,Warning] : 
(2014-11-12T08:30:12.246119)(34ms)[Default,Utilities][Warning][Non-fatal] : WARNING: A problem has been raised by one of the utility codes.
Raised at line 541 in function Gambit::module_functor_common::module_functor_common(Gambit::str, Gambit::str, Gambit::str, Gambit::str, Gambit::Models::ModelFunctorClaw&) of Utils/src/functors.cpp.
Error retrieving LogTag number (in functors.cpp, constructor for module_functor_common)! No match for module name in tag2str map! Probably this is just a model functor, so this is no problem. (myOrigin=MSSM_demo, myName=primary_parameters)
(2014-11-12T08:30:12.246122)(34ms)[Default][Debug,Warning] : 
(2014-11-12T08:30:12.262175)(50ms)[Default,Utilities][Warning][Non-fatal] : WARNING: A problem has been raised by one of the utility codes.
Raised at line 541 in function Gambit::module_functor_common::module_functor_common(Gambit::str, Gambit::str, Gambit::str, Gambit::str, Gambit::Models::ModelFunctorClaw&) of Utils/src/functors.cpp.
Error retrieving LogTag number (in functors.cpp, constructor for module_functor_common)! No match for module name in tag2str map! Probably this is just a model functor, so this is no problem. (myOrigin=MSSM_demo, myName=test_parent_I_parameters)
(2014-11-12T08:30:12.262179)(50ms)[Default][Debug,Warning] : 
(2014-11-12T08:30:12.262268)(50ms)[Default,Utilities][Warning][Non-fatal] : WARNING: A problem has been raised by one of the utility codes.
Raised at line 541 in function Gambit::module_functor_common::module_functor_common(Gambit::str, Gambit::str, Gambit::str, Gambit::str, Gambit::Models::ModelFunctorClaw&) of Utils/src/functors.cpp.
Error retrieving LogTag number (in functors.cpp, constructor for module_functor_common)! No match for module name in tag2str map! Probably this is just a model functor, so this is no problem. (myOrigin=CMSSM_demo, myName=primary_parameters)
(2014-11-12T08:30:12.262272)(50ms)[Default][Debug,Warning] : 
(2014-11-12T08:30:12.262300)(50ms)[Default,Utilities][Warning][Non-fatal] : WARNING: A problem has been raised by one of the utility codes.
Raised at line 541 in function Gambit::module_functor_common::module_functor_common(Gambit::str, Gambit::str, Gambit::str, Gambit::str, Gambit::Models::ModelFunctorClaw&) of Utils/src/functors.cpp.
Error retrieving LogTag number (in functors.cpp, constructor for module_functor_common)! No match for module name in tag2str map! Probably this is just a model functor, so this is no problem. (myOrigin=CMSSM_demo, myName=Mstop)
(2014-11-12T08:30:12.262303)(50ms)[Default][Debug,Warning] : 
(2014-11-12T08:30:12.262341)(50ms)[Default,Utilities][Warning][Non-fatal] : WARNING: A problem has been raised by one of the utility codes.
Raised at line 541 in function Gambit::module_functor_common::module_functor_common(Gambit::str, Gambit::str, Gambit::str, Gambit::str, Gambit::Models::ModelFunctorClaw&) of Utils/src/functors.cpp.
Error retrieving LogTag number (in functors.cpp, constructor for module_functor_common)! No match for module name in tag2str map! Probably this is just a model functor, so this is no problem. (myOrigin=CMSSM_demo, myName=MSSM_demo_parameters)
(2014-11-12T08:30:12.262345)(50ms)[Default][Debug,Warning] : 
(2014-11-12T08:30:12.262418)(50ms)[Default,Utilities][Warning][Non-fatal] : WARNING: A problem has been raised by one of the utility codes.
Raised at line 541 in function Gambit::module_functor_common::module_functor_common(Gambit::str, Gambit::str, Gambit::str, Gambit::str, Gambit::Models::ModelFunctorClaw&) of Utils/src/functors.cpp.
Error retrieving LogTag number (in functors.cpp, constructor for module_functor_common)! No match for module name in tag2str map! Probably this is just a model functor, so this is no problem. (myOrigin=CMSSM_II_demo, myName=primary_parameters)
(2014-11-12T08:30:12.262422)(50ms)[Default][Debug,Warning] : 
(2014-11-12T08:30:12.262457)(50ms)[Default,Utilities][Warning][Non-fatal] : WARNING: A problem has been raised by one of the utility codes.
Raised at line 541 in function Gambit::module_functor_common::module_functor_common(Gambit::str, Gambit::str, Gambit::str, Gambit::str, Gambit::Models::ModelFunctorClaw&) of Utils/src/functors.cpp.
Error retrieving LogTag number (in functors.cpp, constructor for module_functor_common)! No match for module name in tag2str map! Probably this is just a model functor, so this is no problem. (myOrigin=DMHalo_base_demo, myName=primary_parameters)
(2014-11-12T08:30:12.262460)(50ms)[Default][Debug,Warning] : 
(2014-11-12T08:30:12.262508)(51ms)[Default,Utilities][Warning][Non-fatal] : WARNING: A problem has been raised by one of the utility codes.
Raised at line 541 in function Gambit::module_functor_common::module_functor_common(Gambit::str, Gambit::str, Gambit::str, Gambit::str, Gambit::Models::ModelFunctorClaw&) of Utils/src/functors.cpp.
Error retrieving LogTag number (in functors.cpp, constructor for module_functor_common)! No match for module name in tag2str map! Probably this is just a model functor, so this is no problem. (myOrigin=Gaussian_Halo_demo, myName=primary_parameters)
(2014-11-12T08:30:12.262511)(51ms)[Default][Debug,Warning] : 
(2014-11-12T08:30:12.262579)(51ms)[Default,Utilities][Warning][Non-fatal] : WARNING: A problem has been raised by one of the utility codes.
Raised at line 541 in function Gambit::module_functor_common::module_functor_common(Gambit::str, Gambit::str, Gambit::str, Gambit::str, Gambit::Models::ModelFunctorClaw&) of Utils/src/functors.cpp.
Error retrieving LogTag number (in functors.cpp, constructor for module_functor_common)! No match for module name in tag2str map! Probably this is just a model functor, so this is no problem. (myOrigin=SomeOther_Halo_demo, myName=primary_parameters)
(2014-11-12T08:30:12.262582)(51ms)[Default][Debug,Warning] : 
(2014-11-12T08:30:12.262607)(51ms)[Default,Utilities][Warning][Non-fatal] : WARNING: A problem has been raised by one of the utility codes.
Raised at line 541 in function Gambit::module_functor_common::module_functor_common(Gambit::str, Gambit::str, Gambit::str, Gambit::str, Gambit::Models::ModelFunctorClaw&) of Utils/src/functors.cpp.
Error retrieving LogTag number (in functors.cpp, constructor for module_functor_common)! No match for module name in tag2str map! Probably this is just a model functor, so this is no problem. (myOrigin=SomeOther_Halo_demo, myName=v_earth)
(2014-11-12T08:30:12.262610)(51ms)[Default][Debug,Warning] : 
(2014-11-12T08:30:12.262643)(51ms)[Default,Utilities][Warning][Non-fatal] : WARNING: A problem has been raised by one of the utility codes.
Raised at line 541 in function Gambit::module_functor_common::module_functor_common(Gambit::str, Gambit::str, Gambit::str, Gambit::str, Gambit::Models::ModelFunctorClaw&) of Utils/src/functors.cpp.
Error retrieving LogTag number (in functors.cpp, constructor for module_functor_common)! No match for module name in tag2str map! Probably this is just a model functor, so this is no problem. (myOrigin=SomeOther_Halo_demo, myName=blah0)
(2014-11-12T08:30:12.262646)(51ms)[Default][Debug,Warning] : 
(2014-11-12T08:30:12.262682)(51ms)[Default,Utilities][Warning][Non-fatal] : WARNING: A problem has been raised by one of the utility codes.
Raised at line 541 in function Gambit::module_functor_common::module_functor_common(Gambit::str, Gambit::str, Gambit::str, Gambit::str, Gambit::Models::ModelFunctorClaw&) of Utils/src/functors.cpp.
Error retrieving LogTag number (in functors.cpp, constructor for module_functor_common)! No match for module name in tag2str map! Probably this is just a model functor, so this is no problem. (myOrigin=TWOHDM_demo_parent, myName=primary_parameters)
(2014-11-12T08:30:12.262685)(51ms)[Default][Debug,Warning] : 
(2014-11-12T08:30:12.262739)(51ms)[Default,Utilities][Warning][Non-fatal] : WARNING: A problem has been raised by one of the utility codes.
Raised at line 541 in function Gambit::module_functor_common::module_functor_common(Gambit::str, Gambit::str, Gambit::str, Gambit::str, Gambit::Models::ModelFunctorClaw&) of Utils/src/functors.cpp.
Error retrieving LogTag number (in functors.cpp, constructor for module_functor_common)! No match for module name in tag2str map! Probably this is just a model functor, so this is no problem. (myOrigin=TWOHDM_demo, myName=primary_parameters)
(2014-11-12T08:30:12.262742)(51ms)[Default][Debug,Warning] : 
(2014-11-12T08:30:12.262773)(51ms)[Default,Utilities][Warning][Non-fatal] : WARNING: A problem has been raised by one of the utility codes.
Raised at line 541 in function Gambit::module_functor_common::module_functor_common(Gambit::str, Gambit::str, Gambit::str, Gambit::str, Gambit::Models::ModelFunctorClaw&) of Utils/src/functors.cpp.
Error retrieving LogTag number (in functors.cpp, constructor for module_functor_common)! No match for module name in tag2str map! Probably this is just a model functor, so this is no problem. (myOrigin=TWOHDM_demo, myName=TWOHDM_demo_parent_parameters)
(2014-11-12T08:30:12.262776)(51ms)[Default][Debug,Warning] : 
(2014-11-12T08:30:12.262805)(51ms)[Default,Utilities][Warning][Non-fatal] : WARNING: A problem has been raised by one of the utility codes.
Raised at line 541 in function Gambit::module_functor_common::module_functor_common(Gambit::str, Gambit::str, Gambit::str, Gambit::str, Gambit::Models::ModelFunctorClaw&) of Utils/src/functors.cpp.
Error retrieving LogTag number (in functors.cpp, constructor for module_functor_common)! No match for module name in tag2str map! Probably this is just a model functor, so this is no problem. (myOrigin=TWOHDM_demo, myName=MSSM_demo_parameters)
(2014-11-12T08:30:12.262808)(51ms)[Default][Debug,Warning] : 
(2014-11-12T08:30:12.262903)(51ms)[Default,Utilities][Warning][Non-fatal] : WARNING: A problem has been raised by one of the utility codes.
Raised at line 541 in function Gambit::module_functor_common::module_functor_common(Gambit::str, Gambit::str, Gambit::str, Gambit::str, Gambit::Models::ModelFunctorClaw&) of Utils/src/functors.cpp.
Error retrieving LogTag number (in functors.cpp, constructor for module_functor_common)! No match for module name in tag2str map! Probably this is just a model functor, so this is no problem. (myOrigin=TWOHDM_sub_demo, myName=primary_parameters)
(2014-11-12T08:30:12.262906)(51ms)[Default][Debug,Warning] : 
(2014-11-12T08:30:12.262932)(51ms)[Default,Utilities][Warning][Non-fatal] : WARNING: A problem has been raised by one of the utility codes.
Raised at line 541 in function Gambit::module_functor_common::module_functor_common(Gambit::str, Gambit::str, Gambit::str, Gambit::str, Gambit::Models::ModelFunctorClaw&) of Utils/src/functors.cpp.
Error retrieving LogTag number (in functors.cpp, constructor for module_functor_common)! No match for module name in tag2str map! Probably this is just a model functor, so this is no problem. (myOrigin=TWOHDM_sub_demo, myName=TWOHDM_demo_parameters)
(2014-11-12T08:30:12.262935)(51ms)[Default][Debug,Warning] : 
(2014-11-12T08:30:12.262996)(51ms)[Default,Utilities][Warning][Non-fatal] : WARNING: A problem has been raised by one of the utility codes.
Raised at line 541 in function Gambit::module_functor_common::module_functor_common(Gambit::str, Gambit::str, Gambit::str, Gambit::str, Gambit::Models::ModelFunctorClaw&) of Utils/src/functors.cpp.
Error retrieving LogTag number (in functors.cpp, constructor for module_functor_common)! No match for module name in tag2str map! Probably this is just a model functor, so this is no problem. (myOrigin=SingletDM, myName=primary_parameters)
(2014-11-12T08:30:12.262999)(51ms)[Default][Debug,Warning] : 
(2014-11-12T08:30:12.267378)(55ms)[Default,Backends][Warning][Non-fatal] : WARNING: A problem has been raised by the backend system.
Raised at line 21 in function void Gambit::Backends::BOSSMinimalExample_1_0::loadLibrary() of Backends/include/frontends/BOSSMinimalExample_1_0.hpp.
Failed loading library from Backends/lib/libminimal_1_0.so due to error: Backends/lib/libminimal_1_0.so: cannot open shared object file: No such file or directory
All functors generated from this library will get status=-1.
(2014-11-12T08:30:12.310155)(98ms)[Default,Backends][Warning][Non-fatal] : WARNING: A problem has been raised by the backend system.
Raised at line 22 in function void Gambit::Backends::HiggsBounds_4_1::loadLibrary() of Backends/include/frontends/HiggsBounds.hpp.
Failed loading library from Backends/lib/libHB.so due to error: Backends/lib/libHB.so: cannot open shared object file: No such file or directory
All functors generated from this library will get status=-1.
(2014-11-12T08:30:12.310651)(99ms)[Default,Backends][Warning][Non-fatal] : WARNING: A problem has been raised by the backend system.
Raised at line 25 in function void Gambit::Backends::Pythia_8_186::loadLibrary() of Backends/include/frontends/Pythia_8_186.hpp.
Failed loading library from Backends/lib/libpythia8.so due to error: Backends/lib/libpythia8.so: cannot open shared object file: No such file or directory
All functors generated from this library will get status=-1.
(2014-11-12T08:30:12.311937)(100ms)[Default,Backends][Warning][Non-fatal] : WARNING: A problem has been raised by the backend system.
Raised at line 16 in function void Gambit::Backends::LibFarrayTest_1_0::loadLibrary() of Backends/include/frontends/libFarrayTest.hpp.
Failed loading library from Backends/lib/libFarrayTest.so due to error: Backends/lib/libFarrayTest.so: cannot open shared object file: No such file or directory
All functors generated from this library will get status=-1.
(2014-11-12T08:30:12.312237)(100ms)[Default,Backends][Warning][Non-fatal] : WARNING: A problem has been raised by the backend system.
Raised at line 24 in function void Gambit::Backends::LibFastSim_1_0::loadLibrary() of Backends/include/frontends/FastSim.hpp.
Failed loading library from Backends/lib/libfastsim.so due to error: Backends/lib/libfastsim.so: cannot open shared object file: No such file or directory
All functors generated from this library will get status=-1.
(2014-11-12T08:30:12.312369)(100ms)[Default,Backends][Warning][Non-fatal] : WARNING: A problem has been raised by the backend system.
Raised at line 16 in function void Gambit::Backends::LibFortran_1_0::loadLibrary() of Backends/include/frontends/libfortran.hpp.
Failed loading library from Backends/lib/libfortran.so due to error: Backends/lib/libfortran.so: cannot open shared object file: No such file or directory
All functors generated from this library will get status=-1.
(2014-11-12T08:30:12.312669)(101ms)[Default,Backends][Warning][Non-fatal] : WARNING: A problem has been raised by the backend system.
Raised at line 22 in function void Gambit::Backends::SuperIso_3_4::loadLibrary() of Backends/include/frontends/SuperIso.hpp.
Failed loading library from Backends/lib/libsuperiso.so due to error: Backends/lib/libsuperiso.so: cannot open shared object file: No such file or directory
All functors generated from this library will get status=-1.
(2014-11-12T08:30:12.313951)(102ms)[Default,Backends][Warning][Non-fatal] : WARNING: A problem has been raised by the backend system.
Raised at line 38 in function void Gambit::Backends::FlexibleSUSY_MSSM_0_1::loadLibrary() of Backends/include/frontends/FlexibleSUSY_MSSM.hpp.
Failed loading library from tba due to error: tba: cannot open shared object file: No such file or directory
All functors generated from this library will get status=-1.
(2014-11-12T08:30:12.315052)(103ms)[Default,Backends][Warning][Non-fatal] : WARNING: A problem has been raised by the backend system.
Raised at line 17 in function void Gambit::Backends::micromegas_0_1::loadLibrary() of Backends/include/frontends/micromegas.hpp.
Failed loading library from Backends/lib/micromegas.so due to error: Backends/lib/micromegas.so: cannot open shared object file: No such file or directory
All functors generated from this library will get status=-1.
(2014-11-12T08:30:12.315435)(103ms)[Default,Backends][Warning][Non-fatal] : WARNING: A problem has been raised by the backend system.
Raised at line 31 in function void Gambit::Backends::nulike_1_0_0::loadLibrary() of Backends/include/frontends/nulike.hpp.
Failed loading library from Backends/lib/libnulike.so due to error: Backends/lib/libnulike.so: cannot open shared object file: No such file or directory
All functors generated from this library will get status=-1.
(2014-11-12T08:30:12.315657)(104ms)[Default,Backends][Warning][Non-fatal] : WARNING: A problem has been raised by the backend system.
Raised at line 21 in function void Gambit::Backends::BOSSMinimalExample_1_1::loadLibrary() of Backends/include/frontends/BOSSMinimalExample_1_1.hpp.
Failed loading library from Backends/lib/libminimal_1_1.so due to error: Backends/lib/libminimal_1_1.so: cannot open shared object file: No such file or directory
All functors generated from this library will get status=-1.
(2014-11-12T08:30:12.315872)(104ms)[Default,Backends][Warning][Non-fatal] : WARNING: A problem has been raised by the backend system.
Raised at line 50 in function void Gambit::Backends::DarkSUSY_0_1::loadLibrary() of Backends/include/frontends/DarkSUSY.hpp.
Failed loading library from Backends/lib/libdarksusy.so due to error: Backends/lib/libdarksusy.so: cannot open shared object file: No such file or directory
All functors generated from this library will get status=-1.
(2014-11-12T08:30:12.317049)(105ms)[Default,Backends][Warning][Non-fatal] : WARNING: A problem has been raised by the backend system.
Raised at line 21 in function void Gambit::Backends::BOSSMinimalExample_1_2::loadLibrary() of Backends/include/frontends/BOSSMinimalExample_1_2.hpp.
Failed loading library from Backends/lib/libminimal_1_2.so due to error: Backends/lib/libminimal_1_2.so: cannot open shared object file: No such file or directory
All functors generated from this library will get status=-1.
(2014-11-12T08:30:12.317253)(105ms)[Default,Backends][Warning][Non-fatal] : WARNING: A problem has been raised by the backend system.
Raised at line 35 in function void Gambit::Backends::DDCalc0_0_0::loadLibrary() of Backends/include/frontends/DDCalc0.hpp.
Failed loading library from Backends/lib/libDDCalc0.so due to error: Backends/lib/libDDCalc0.so: cannot open shared object file: No such file or directory
All functors generated from this library will get status=-1.
(2014-11-12T08:30:12.318145)(106ms)[Default,Backends][Warning][Non-fatal] : WARNING: A problem has been raised by the backend system.
Raised at line 31 in function void Gambit::Backends::gamLike_1_0_0::loadLibrary() of Backends/include/frontends/gamLike.hpp.
Failed loading library from Backends/lib/libgamLike.so due to error: Backends/lib/libgamLike.so: cannot open shared object file: No such file or directory
All functors generated from this library will get status=-1.
(2014-11-12T08:30:12.318365)(106ms)[Default,Backends][Warning][Non-fatal] : WARNING: A problem has been raised by the backend system.
Raised at line 22 in function void Gambit::Backends::HiggsSignals_1_2::loadLibrary() of Backends/include/frontends/HiggsSignals.hpp.
Failed loading library from Backends/lib/libhiggssignals.so due to error: Backends/lib/libhiggssignals.so: cannot open shared object file: No such file or directory
All functors generated from this library will get status=-1.
(2014-11-12T08:30:12.318652)(107ms)[Default,Backends][Warning][Non-fatal] : WARNING: A problem has been raised by the backend system.
Raised at line 27 in function void Gambit::Backends::LibFirst_1_0::loadLibrary() of Backends/include/frontends/libfirst_1_0.hpp.
Failed loading library from Backends/lib/libfirst.so due to error: Backends/lib/libfirst.so: cannot open shared object file: No such file or directory
All functors generated from this library will get status=-1.
(2014-11-12T08:30:12.318962)(107ms)[Default,Backends][Warning][Non-fatal] : WARNING: A problem has been raised by the backend system.
Raised at line 35 in function void Gambit::Backends::LibFirst_1_1::loadLibrary() of Backends/include/frontends/libfirst_1_1.hpp.
Failed loading library from Backends/lib/libfirst.so due to error: Backends/lib/libfirst.so: cannot open shared object file: No such file or directory
All functors generated from this library will get status=-1.
(2014-11-12T08:30:12.433096)(221ms)[Default,Core] : Command invoked: ./gambit -f models_test.yaml 
Starting GAMBIT

(2014-11-12T08:30:12.433109)(221ms)[Default,Core] : Registered module functors [Core().getModuleFunctors().size()]: 152
Registered backend functors [Core().getBackendFunctors().size()]: 201

