This file contains any messages produced by compilers while
running configure, to aid debugging if configure makes a mistake.

It was created by configure, which was
generated by GNU Autoconf 2.59.  Invocation command line was

  $ ./configure --prefix=/home/farmer/Monash005/gambit/GAMBIT-raw/modules/contrib/apache-log4cxx-0.10.0/lib

## --------- ##
## Platform. ##
## --------- ##

hostname = m2-login1
uname -m = x86_64
uname -r = 2.6.18-308.24.1.el5.centos.plusxen
uname -s = Linux
uname -v = #1 SMP Tue Dec 4 20:19:26 EST 2012

/usr/bin/uname -p = unknown
/bin/uname -X     = unknown

/bin/arch              = x86_64
/usr/bin/arch -k       = unknown
/usr/convex/getsysinfo = unknown
hostinfo               = unknown
/bin/machine           = unknown
/usr/bin/oslevel       = unknown
/bin/universe          = unknown

PATH: /home/farmer/bin
PATH: /home/farmer/lib
PATH: /home/farmer/lib/hdf5/lib
PATH: /home/farmer/.local/lib
PATH: /home/farmer/.local/bin
PATH: /home/farmer/.local/include
PATH: /usr/local/gsl/1.12-gcc/bin
PATH: /usr/local/Modules/3.2.8/bin
PATH: /usr/local/python/2.7.1-gcc/bin
PATH: /usr/local/openmpi/1.4.3-gcc/bin
PATH: /usr/local/gcc/4.7.2/bin
PATH: /usr/local/gcc/4.4.5/bin
PATH: /usr/lib64/qt-3.3/bin
PATH: /usr/kerberos/bin
PATH: /usr/local/bin
PATH: /bin
PATH: /usr/bin
PATH: /usr/lpp/mmfs/bin


## ----------- ##
## Core tests. ##
## ----------- ##

configure:1570: checking build system type
configure:1588: result: x86_64-unknown-linux-gnu
configure:1596: checking host system type
configure:1610: result: x86_64-unknown-linux-gnu
configure:1618: checking target system type
configure:1632: result: x86_64-unknown-linux-gnu
configure:1675: checking for a BSD-compatible install
configure:1730: result: /usr/bin/install -c
configure:1741: checking whether build environment is sane
configure:1784: result: yes
configure:1849: checking for gawk
configure:1865: found /bin/gawk
configure:1875: result: gawk
configure:1885: checking whether make sets $(MAKE)
configure:1905: result: yes
configure:2161: checking for style of include used by make
configure:2189: result: GNU
configure:2260: checking for gcc
configure:2276: found /usr/local/gcc/4.7.2/bin/gcc
configure:2286: result: gcc
configure:2530: checking for C compiler version
configure:2533: gcc --version </dev/null >&5
gcc (GCC) 4.7.2
Copyright (C) 2012 Free Software Foundation, Inc.
This is free software; see the source for copying conditions.  There is NO
warranty; not even for MERCHANTABILITY or FITNESS FOR A PARTICULAR PURPOSE.

configure:2536: $? = 0
configure:2538: gcc -v </dev/null >&5
Using built-in specs.
COLLECT_GCC=gcc
COLLECT_LTO_WRAPPER=/usr/local/gcc/4.7.2/libexec/gcc/x86_64-unknown-linux-gnu/4.7.2/lto-wrapper
Target: x86_64-unknown-linux-gnu
Configured with: ../gcc-4.7.2/configure --prefix=/usr/local/gcc/4.7.2 --enable-shared --enable-threads=posix --enable-__cxa_atexit --enable-languages=c,c++,fortran --with-mpfr=/usr/local/mpfr/3.1.2 --with-gmp=/usr/local/gmp/5.1.1 --with-mpc=/usr/local/mpc/1.0.1
Thread model: posix
gcc version 4.7.2 (GCC) 
configure:2541: $? = 0
configure:2543: gcc -V </dev/null >&5
gcc: error: unrecognized command line option '-V'
gcc: fatal error: no input files
compilation terminated.
configure:2546: $? = 1
configure:2569: checking for C compiler default output file name
configure:2572: gcc  -I/usr/local/gsl/1.12-gcc/include/gsl -I/usr/local/gsl/1.12-gcc/include -I/usr/local/boost/1.50.0/include -I/usr/local/atlas/3.8.0-gcc/include -I/usr/local/openmpi/1.4.3-gcc/include -I/usr/local/mpc/1.0.1/include -I/usr/local/mpfr/3.1.2/include -I/usr/local/gmp/5.1.1/include -I/usr/local/lapack/3.3.1/include -L/usr/local/gsl/1.12-gcc/lib/gsl -L/usr/local/gsl/1.12-gcc/lib -L/usr/local/boost/1.50.0/lib -L/usr/local/atlas/3.8.0-gcc/lib -L/usr/local/openmpi/1.4.3-gcc/lib -L/usr/local/mpc/1.0.1/lib -L/usr/local/mpfr/3.1.2/lib -L/usr/local/gmp/5.1.1/lib -L/usr/local/lapack/3.3.1/lib conftest.c  >&5
configure:2575: $? = 0
configure:2621: result: a.out
configure:2626: checking whether the C compiler works
configure:2632: ./a.out
configure:2635: $? = 0
configure:2652: result: yes
configure:2659: checking whether we are cross compiling
configure:2661: result: no
configure:2664: checking for suffix of executables
configure:2666: gcc -o conftest  -I/usr/local/gsl/1.12-gcc/include/gsl -I/usr/local/gsl/1.12-gcc/include -I/usr/local/boost/1.50.0/include -I/usr/local/atlas/3.8.0-gcc/include -I/usr/local/openmpi/1.4.3-gcc/include -I/usr/local/mpc/1.0.1/include -I/usr/local/mpfr/3.1.2/include -I/usr/local/gmp/5.1.1/include -I/usr/local/lapack/3.3.1/include -L/usr/local/gsl/1.12-gcc/lib/gsl -L/usr/local/gsl/1.12-gcc/lib -L/usr/local/boost/1.50.0/lib -L/usr/local/atlas/3.8.0-gcc/lib -L/usr/local/openmpi/1.4.3-gcc/lib -L/usr/local/mpc/1.0.1/lib -L/usr/local/mpfr/3.1.2/lib -L/usr/local/gmp/5.1.1/lib -L/usr/local/lapack/3.3.1/lib conftest.c  >&5
configure:2669: $? = 0
configure:2694: result: 
configure:2700: checking for suffix of object files
configure:2721: gcc -c  -I/usr/local/gsl/1.12-gcc/include/gsl -I/usr/local/gsl/1.12-gcc/include -I/usr/local/boost/1.50.0/include -I/usr/local/atlas/3.8.0-gcc/include -I/usr/local/openmpi/1.4.3-gcc/include -I/usr/local/mpc/1.0.1/include -I/usr/local/mpfr/3.1.2/include -I/usr/local/gmp/5.1.1/include -I/usr/local/lapack/3.3.1/include conftest.c >&5
configure:2724: $? = 0
configure:2746: result: o
configure:2750: checking whether we are using the GNU C compiler
configure:2774: gcc -c  -I/usr/local/gsl/1.12-gcc/include/gsl -I/usr/local/gsl/1.12-gcc/include -I/usr/local/boost/1.50.0/include -I/usr/local/atlas/3.8.0-gcc/include -I/usr/local/openmpi/1.4.3-gcc/include -I/usr/local/mpc/1.0.1/include -I/usr/local/mpfr/3.1.2/include -I/usr/local/gmp/5.1.1/include -I/usr/local/lapack/3.3.1/include conftest.c >&5
configure:2780: $? = 0
configure:2783: test -z 			 || test ! -s conftest.err
configure:2786: $? = 0
configure:2789: test -s conftest.o
configure:2792: $? = 0
configure:2805: result: yes
configure:2811: checking whether gcc accepts -g
configure:2832: gcc -c -g -I/usr/local/gsl/1.12-gcc/include/gsl -I/usr/local/gsl/1.12-gcc/include -I/usr/local/boost/1.50.0/include -I/usr/local/atlas/3.8.0-gcc/include -I/usr/local/openmpi/1.4.3-gcc/include -I/usr/local/mpc/1.0.1/include -I/usr/local/mpfr/3.1.2/include -I/usr/local/gmp/5.1.1/include -I/usr/local/lapack/3.3.1/include conftest.c >&5
configure:2838: $? = 0
configure:2841: test -z 			 || test ! -s conftest.err
configure:2844: $? = 0
configure:2847: test -s conftest.o
configure:2850: $? = 0
configure:2861: result: yes
configure:2878: checking for gcc option to accept ANSI C
configure:2948: gcc  -c -g -O2 -I/usr/local/gsl/1.12-gcc/include/gsl -I/usr/local/gsl/1.12-gcc/include -I/usr/local/boost/1.50.0/include -I/usr/local/atlas/3.8.0-gcc/include -I/usr/local/openmpi/1.4.3-gcc/include -I/usr/local/mpc/1.0.1/include -I/usr/local/mpfr/3.1.2/include -I/usr/local/gmp/5.1.1/include -I/usr/local/lapack/3.3.1/include conftest.c >&5
configure:2954: $? = 0
configure:2957: test -z 			 || test ! -s conftest.err
configure:2960: $? = 0
configure:2963: test -s conftest.o
configure:2966: $? = 0
configure:2984: result: none needed
configure:3002: gcc -c -g -O2 -I/usr/local/gsl/1.12-gcc/include/gsl -I/usr/local/gsl/1.12-gcc/include -I/usr/local/boost/1.50.0/include -I/usr/local/atlas/3.8.0-gcc/include -I/usr/local/openmpi/1.4.3-gcc/include -I/usr/local/mpc/1.0.1/include -I/usr/local/mpfr/3.1.2/include -I/usr/local/gmp/5.1.1/include -I/usr/local/lapack/3.3.1/include conftest.c >&5
conftest.c:2:3: error: unknown type name 'choke'
conftest.c:2:3: error: expected '=', ',', ';', 'asm' or '__attribute__' at end of input
configure:3008: $? = 1
configure: failed program was:
| #ifndef __cplusplus
|   choke me
| #endif
configure:3140: checking dependency style of gcc
configure:3230: result: gcc3
configure:3247: checking for a sed that does not truncate output
configure:3301: result: /bin/sed
configure:3304: checking for egrep
configure:3314: result: grep -E
configure:3330: checking for ld used by gcc
configure:3397: result: /usr/bin/ld
configure:3406: checking if the linker (/usr/bin/ld) is GNU ld
configure:3421: result: yes
configure:3426: checking for /usr/bin/ld option to reload object files
configure:3433: result: -r
configure:3451: checking for BSD-compatible nm
configure:3500: result: /usr/bin/nm -B
configure:3504: checking whether ln -s works
configure:3508: result: yes
configure:3515: checking how to recognise dependent libraries
configure:3691: result: pass_all
configure:3779: gcc -c -g -O2 -I/usr/local/gsl/1.12-gcc/include/gsl -I/usr/local/gsl/1.12-gcc/include -I/usr/local/boost/1.50.0/include -I/usr/local/atlas/3.8.0-gcc/include -I/usr/local/openmpi/1.4.3-gcc/include -I/usr/local/mpc/1.0.1/include -I/usr/local/mpfr/3.1.2/include -I/usr/local/gmp/5.1.1/include -I/usr/local/lapack/3.3.1/include conftest.c >&5
configure:3782: $? = 0
configure:3927: checking how to run the C preprocessor
configure:3962: gcc -E -I/usr/local/gsl/1.12-gcc/include/gsl -I/usr/local/gsl/1.12-gcc/include -I/usr/local/boost/1.50.0/include -I/usr/local/atlas/3.8.0-gcc/include -I/usr/local/openmpi/1.4.3-gcc/include -I/usr/local/mpc/1.0.1/include -I/usr/local/mpfr/3.1.2/include -I/usr/local/gmp/5.1.1/include -I/usr/local/lapack/3.3.1/include conftest.c
configure:3968: $? = 0
configure:4000: gcc -E -I/usr/local/gsl/1.12-gcc/include/gsl -I/usr/local/gsl/1.12-gcc/include -I/usr/local/boost/1.50.0/include -I/usr/local/atlas/3.8.0-gcc/include -I/usr/local/openmpi/1.4.3-gcc/include -I/usr/local/mpc/1.0.1/include -I/usr/local/mpfr/3.1.2/include -I/usr/local/gmp/5.1.1/include -I/usr/local/lapack/3.3.1/include conftest.c
conftest.c:11:28: fatal error: ac_nonexistent.h: No such file or directory
compilation terminated.
configure:4006: $? = 1
configure: failed program was:
| /* confdefs.h.  */
| 
| #define PACKAGE_NAME ""
| #define PACKAGE_TARNAME ""
| #define PACKAGE_VERSION ""
| #define PACKAGE_STRING ""
| #define PACKAGE_BUGREPORT ""
| #define PACKAGE "log4cxx"
| #define VERSION "0.10.0"
| /* end confdefs.h.  */
| #include <ac_nonexistent.h>
configure:4045: result: gcc -E
configure:4069: gcc -E -I/usr/local/gsl/1.12-gcc/include/gsl -I/usr/local/gsl/1.12-gcc/include -I/usr/local/boost/1.50.0/include -I/usr/local/atlas/3.8.0-gcc/include -I/usr/local/openmpi/1.4.3-gcc/include -I/usr/local/mpc/1.0.1/include -I/usr/local/mpfr/3.1.2/include -I/usr/local/gmp/5.1.1/include -I/usr/local/lapack/3.3.1/include conftest.c
configure:4075: $? = 0
configure:4107: gcc -E -I/usr/local/gsl/1.12-gcc/include/gsl -I/usr/local/gsl/1.12-gcc/include -I/usr/local/boost/1.50.0/include -I/usr/local/atlas/3.8.0-gcc/include -I/usr/local/openmpi/1.4.3-gcc/include -I/usr/local/mpc/1.0.1/include -I/usr/local/mpfr/3.1.2/include -I/usr/local/gmp/5.1.1/include -I/usr/local/lapack/3.3.1/include conftest.c
conftest.c:11:28: fatal error: ac_nonexistent.h: No such file or directory
compilation terminated.
configure:4113: $? = 1
configure: failed program was:
| /* confdefs.h.  */
| 
| #define PACKAGE_NAME ""
| #define PACKAGE_TARNAME ""
| #define PACKAGE_VERSION ""
| #define PACKAGE_STRING ""
| #define PACKAGE_BUGREPORT ""
| #define PACKAGE "log4cxx"
| #define VERSION "0.10.0"
| /* end confdefs.h.  */
| #include <ac_nonexistent.h>
configure:4157: checking for ANSI C header files
configure:4182: gcc -c -g -O2 -I/usr/local/gsl/1.12-gcc/include/gsl -I/usr/local/gsl/1.12-gcc/include -I/usr/local/boost/1.50.0/include -I/usr/local/atlas/3.8.0-gcc/include -I/usr/local/openmpi/1.4.3-gcc/include -I/usr/local/mpc/1.0.1/include -I/usr/local/mpfr/3.1.2/include -I/usr/local/gmp/5.1.1/include -I/usr/local/lapack/3.3.1/include conftest.c >&5
configure:4188: $? = 0
configure:4191: test -z 			 || test ! -s conftest.err
configure:4194: $? = 0
configure:4197: test -s conftest.o
configure:4200: $? = 0
configure:4289: gcc -o conftest -g -O2 -I/usr/local/gsl/1.12-gcc/include/gsl -I/usr/local/gsl/1.12-gcc/include -I/usr/local/boost/1.50.0/include -I/usr/local/atlas/3.8.0-gcc/include -I/usr/local/openmpi/1.4.3-gcc/include -I/usr/local/mpc/1.0.1/include -I/usr/local/mpfr/3.1.2/include -I/usr/local/gmp/5.1.1/include -I/usr/local/lapack/3.3.1/include -L/usr/local/gsl/1.12-gcc/lib/gsl -L/usr/local/gsl/1.12-gcc/lib -L/usr/local/boost/1.50.0/lib -L/usr/local/atlas/3.8.0-gcc/lib -L/usr/local/openmpi/1.4.3-gcc/lib -L/usr/local/mpc/1.0.1/lib -L/usr/local/mpfr/3.1.2/lib -L/usr/local/gmp/5.1.1/lib -L/usr/local/lapack/3.3.1/lib conftest.c  >&5
conftest.c: In function 'main':
conftest.c:28:7: warning: incompatible implicit declaration of built-in function 'exit' [enabled by default]
configure:4292: $? = 0
configure:4294: ./conftest
configure:4297: $? = 0
configure:4312: result: yes
configure:4336: checking for sys/types.h
configure:4352: gcc -c -g -O2 -I/usr/local/gsl/1.12-gcc/include/gsl -I/usr/local/gsl/1.12-gcc/include -I/usr/local/boost/1.50.0/include -I/usr/local/atlas/3.8.0-gcc/include -I/usr/local/openmpi/1.4.3-gcc/include -I/usr/local/mpc/1.0.1/include -I/usr/local/mpfr/3.1.2/include -I/usr/local/gmp/5.1.1/include -I/usr/local/lapack/3.3.1/include conftest.c >&5
configure:4358: $? = 0
configure:4361: test -z 			 || test ! -s conftest.err
configure:4364: $? = 0
configure:4367: test -s conftest.o
configure:4370: $? = 0
configure:4381: result: yes
configure:4336: checking for sys/stat.h
configure:4352: gcc -c -g -O2 -I/usr/local/gsl/1.12-gcc/include/gsl -I/usr/local/gsl/1.12-gcc/include -I/usr/local/boost/1.50.0/include -I/usr/local/atlas/3.8.0-gcc/include -I/usr/local/openmpi/1.4.3-gcc/include -I/usr/local/mpc/1.0.1/include -I/usr/local/mpfr/3.1.2/include -I/usr/local/gmp/5.1.1/include -I/usr/local/lapack/3.3.1/include conftest.c >&5
configure:4358: $? = 0
configure:4361: test -z 			 || test ! -s conftest.err
configure:4364: $? = 0
configure:4367: test -s conftest.o
configure:4370: $? = 0
configure:4381: result: yes
configure:4336: checking for stdlib.h
configure:4352: gcc -c -g -O2 -I/usr/local/gsl/1.12-gcc/include/gsl -I/usr/local/gsl/1.12-gcc/include -I/usr/local/boost/1.50.0/include -I/usr/local/atlas/3.8.0-gcc/include -I/usr/local/openmpi/1.4.3-gcc/include -I/usr/local/mpc/1.0.1/include -I/usr/local/mpfr/3.1.2/include -I/usr/local/gmp/5.1.1/include -I/usr/local/lapack/3.3.1/include conftest.c >&5
configure:4358: $? = 0
configure:4361: test -z 			 || test ! -s conftest.err
configure:4364: $? = 0
configure:4367: test -s conftest.o
configure:4370: $? = 0
configure:4381: result: yes
configure:4336: checking for string.h
configure:4352: gcc -c -g -O2 -I/usr/local/gsl/1.12-gcc/include/gsl -I/usr/local/gsl/1.12-gcc/include -I/usr/local/boost/1.50.0/include -I/usr/local/atlas/3.8.0-gcc/include -I/usr/local/openmpi/1.4.3-gcc/include -I/usr/local/mpc/1.0.1/include -I/usr/local/mpfr/3.1.2/include -I/usr/local/gmp/5.1.1/include -I/usr/local/lapack/3.3.1/include conftest.c >&5
configure:4358: $? = 0
configure:4361: test -z 			 || test ! -s conftest.err
configure:4364: $? = 0
configure:4367: test -s conftest.o
configure:4370: $? = 0
configure:4381: result: yes
configure:4336: checking for memory.h
configure:4352: gcc -c -g -O2 -I/usr/local/gsl/1.12-gcc/include/gsl -I/usr/local/gsl/1.12-gcc/include -I/usr/local/boost/1.50.0/include -I/usr/local/atlas/3.8.0-gcc/include -I/usr/local/openmpi/1.4.3-gcc/include -I/usr/local/mpc/1.0.1/include -I/usr/local/mpfr/3.1.2/include -I/usr/local/gmp/5.1.1/include -I/usr/local/lapack/3.3.1/include conftest.c >&5
configure:4358: $? = 0
configure:4361: test -z 			 || test ! -s conftest.err
configure:4364: $? = 0
configure:4367: test -s conftest.o
configure:4370: $? = 0
configure:4381: result: yes
configure:4336: checking for strings.h
configure:4352: gcc -c -g -O2 -I/usr/local/gsl/1.12-gcc/include/gsl -I/usr/local/gsl/1.12-gcc/include -I/usr/local/boost/1.50.0/include -I/usr/local/atlas/3.8.0-gcc/include -I/usr/local/openmpi/1.4.3-gcc/include -I/usr/local/mpc/1.0.1/include -I/usr/local/mpfr/3.1.2/include -I/usr/local/gmp/5.1.1/include -I/usr/local/lapack/3.3.1/include conftest.c >&5
configure:4358: $? = 0
configure:4361: test -z 			 || test ! -s conftest.err
configure:4364: $? = 0
configure:4367: test -s conftest.o
configure:4370: $? = 0
configure:4381: result: yes
configure:4336: checking for inttypes.h
configure:4352: gcc -c -g -O2 -I/usr/local/gsl/1.12-gcc/include/gsl -I/usr/local/gsl/1.12-gcc/include -I/usr/local/boost/1.50.0/include -I/usr/local/atlas/3.8.0-gcc/include -I/usr/local/openmpi/1.4.3-gcc/include -I/usr/local/mpc/1.0.1/include -I/usr/local/mpfr/3.1.2/include -I/usr/local/gmp/5.1.1/include -I/usr/local/lapack/3.3.1/include conftest.c >&5
configure:4358: $? = 0
configure:4361: test -z 			 || test ! -s conftest.err
configure:4364: $? = 0
configure:4367: test -s conftest.o
configure:4370: $? = 0
configure:4381: result: yes
configure:4336: checking for stdint.h
configure:4352: gcc -c -g -O2 -I/usr/local/gsl/1.12-gcc/include/gsl -I/usr/local/gsl/1.12-gcc/include -I/usr/local/boost/1.50.0/include -I/usr/local/atlas/3.8.0-gcc/include -I/usr/local/openmpi/1.4.3-gcc/include -I/usr/local/mpc/1.0.1/include -I/usr/local/mpfr/3.1.2/include -I/usr/local/gmp/5.1.1/include -I/usr/local/lapack/3.3.1/include conftest.c >&5
configure:4358: $? = 0
configure:4361: test -z 			 || test ! -s conftest.err
configure:4364: $? = 0
configure:4367: test -s conftest.o
configure:4370: $? = 0
configure:4381: result: yes
configure:4336: checking for unistd.h
configure:4352: gcc -c -g -O2 -I/usr/local/gsl/1.12-gcc/include/gsl -I/usr/local/gsl/1.12-gcc/include -I/usr/local/boost/1.50.0/include -I/usr/local/atlas/3.8.0-gcc/include -I/usr/local/openmpi/1.4.3-gcc/include -I/usr/local/mpc/1.0.1/include -I/usr/local/mpfr/3.1.2/include -I/usr/local/gmp/5.1.1/include -I/usr/local/lapack/3.3.1/include conftest.c >&5
configure:4358: $? = 0
configure:4361: test -z 			 || test ! -s conftest.err
configure:4364: $? = 0
configure:4367: test -s conftest.o
configure:4370: $? = 0
configure:4381: result: yes
configure:4407: checking dlfcn.h usability
configure:4419: gcc -c -g -O2 -I/usr/local/gsl/1.12-gcc/include/gsl -I/usr/local/gsl/1.12-gcc/include -I/usr/local/boost/1.50.0/include -I/usr/local/atlas/3.8.0-gcc/include -I/usr/local/openmpi/1.4.3-gcc/include -I/usr/local/mpc/1.0.1/include -I/usr/local/mpfr/3.1.2/include -I/usr/local/gmp/5.1.1/include -I/usr/local/lapack/3.3.1/include conftest.c >&5
configure:4425: $? = 0
configure:4428: test -z 			 || test ! -s conftest.err
configure:4431: $? = 0
configure:4434: test -s conftest.o
configure:4437: $? = 0
configure:4447: result: yes
configure:4451: checking dlfcn.h presence
configure:4461: gcc -E -I/usr/local/gsl/1.12-gcc/include/gsl -I/usr/local/gsl/1.12-gcc/include -I/usr/local/boost/1.50.0/include -I/usr/local/atlas/3.8.0-gcc/include -I/usr/local/openmpi/1.4.3-gcc/include -I/usr/local/mpc/1.0.1/include -I/usr/local/mpfr/3.1.2/include -I/usr/local/gmp/5.1.1/include -I/usr/local/lapack/3.3.1/include conftest.c
configure:4467: $? = 0
configure:4487: result: yes
configure:4522: checking for dlfcn.h
configure:4529: result: yes
configure:4594: checking for g++
configure:4610: found /usr/local/gcc/4.7.2/bin/g++
configure:4620: result: g++
configure:4636: checking for C++ compiler version
configure:4639: g++ --version </dev/null >&5
g++ (GCC) 4.7.2
Copyright (C) 2012 Free Software Foundation, Inc.
This is free software; see the source for copying conditions.  There is NO
warranty; not even for MERCHANTABILITY or FITNESS FOR A PARTICULAR PURPOSE.

configure:4642: $? = 0
configure:4644: g++ -v </dev/null >&5
Using built-in specs.
COLLECT_GCC=g++
COLLECT_LTO_WRAPPER=/usr/local/gcc/4.7.2/libexec/gcc/x86_64-unknown-linux-gnu/4.7.2/lto-wrapper
Target: x86_64-unknown-linux-gnu
Configured with: ../gcc-4.7.2/configure --prefix=/usr/local/gcc/4.7.2 --enable-shared --enable-threads=posix --enable-__cxa_atexit --enable-languages=c,c++,fortran --with-mpfr=/usr/local/mpfr/3.1.2 --with-gmp=/usr/local/gmp/5.1.1 --with-mpc=/usr/local/mpc/1.0.1
Thread model: posix
gcc version 4.7.2 (GCC) 
configure:4647: $? = 0
configure:4649: g++ -V </dev/null >&5
g++: error: unrecognized command line option '-V'
g++: fatal error: no input files
compilation terminated.
configure:4652: $? = 1
configure:4655: checking whether we are using the GNU C++ compiler
configure:4679: g++ -c  -I/usr/local/gsl/1.12-gcc/include/gsl -I/usr/local/gsl/1.12-gcc/include -I/usr/local/boost/1.50.0/include -I/usr/local/atlas/3.8.0-gcc/include -I/usr/local/openmpi/1.4.3-gcc/include -I/usr/local/mpc/1.0.1/include -I/usr/local/mpfr/3.1.2/include -I/usr/local/gmp/5.1.1/include -I/usr/local/lapack/3.3.1/include conftest.cc >&5
configure:4685: $? = 0
configure:4688: test -z 			 || test ! -s conftest.err
configure:4691: $? = 0
configure:4694: test -s conftest.o
configure:4697: $? = 0
configure:4710: result: yes
configure:4716: checking whether g++ accepts -g
configure:4737: g++ -c -g -I/usr/local/gsl/1.12-gcc/include/gsl -I/usr/local/gsl/1.12-gcc/include -I/usr/local/boost/1.50.0/include -I/usr/local/atlas/3.8.0-gcc/include -I/usr/local/openmpi/1.4.3-gcc/include -I/usr/local/mpc/1.0.1/include -I/usr/local/mpfr/3.1.2/include -I/usr/local/gmp/5.1.1/include -I/usr/local/lapack/3.3.1/include conftest.cc >&5
configure:4743: $? = 0
configure:4746: test -z 			 || test ! -s conftest.err
configure:4749: $? = 0
configure:4752: test -s conftest.o
configure:4755: $? = 0
configure:4766: result: yes
configure:4808: g++ -c -g -O2 -I/usr/local/gsl/1.12-gcc/include/gsl -I/usr/local/gsl/1.12-gcc/include -I/usr/local/boost/1.50.0/include -I/usr/local/atlas/3.8.0-gcc/include -I/usr/local/openmpi/1.4.3-gcc/include -I/usr/local/mpc/1.0.1/include -I/usr/local/mpfr/3.1.2/include -I/usr/local/gmp/5.1.1/include -I/usr/local/lapack/3.3.1/include conftest.cc >&5
configure:4814: $? = 0
configure:4817: test -z 			 || test ! -s conftest.err
configure:4820: $? = 0
configure:4823: test -s conftest.o
configure:4826: $? = 0
configure:4852: g++ -c -g -O2 -I/usr/local/gsl/1.12-gcc/include/gsl -I/usr/local/gsl/1.12-gcc/include -I/usr/local/boost/1.50.0/include -I/usr/local/atlas/3.8.0-gcc/include -I/usr/local/openmpi/1.4.3-gcc/include -I/usr/local/mpc/1.0.1/include -I/usr/local/mpfr/3.1.2/include -I/usr/local/gmp/5.1.1/include -I/usr/local/lapack/3.3.1/include conftest.cc >&5
conftest.cc: In function 'int main()':
conftest.cc:26:9: error: 'exit' was not declared in this scope
configure:4858: $? = 1
configure: failed program was:
| /* confdefs.h.  */
| 
| #define PACKAGE_NAME ""
| #define PACKAGE_TARNAME ""
| #define PACKAGE_VERSION ""
| #define PACKAGE_STRING ""
| #define PACKAGE_BUGREPORT ""
| #define PACKAGE "log4cxx"
| #define VERSION "0.10.0"
| #define STDC_HEADERS 1
| #define HAVE_SYS_TYPES_H 1
| #define HAVE_SYS_STAT_H 1
| #define HAVE_STDLIB_H 1
| #define HAVE_STRING_H 1
| #define HAVE_MEMORY_H 1
| #define HAVE_STRINGS_H 1
| #define HAVE_INTTYPES_H 1
| #define HAVE_STDINT_H 1
| #define HAVE_UNISTD_H 1
| #define HAVE_DLFCN_H 1
| /* end confdefs.h.  */
| 
| int
| main ()
| {
| exit (42);
|   ;
|   return 0;
| }
configure:4808: g++ -c -g -O2 -I/usr/local/gsl/1.12-gcc/include/gsl -I/usr/local/gsl/1.12-gcc/include -I/usr/local/boost/1.50.0/include -I/usr/local/atlas/3.8.0-gcc/include -I/usr/local/openmpi/1.4.3-gcc/include -I/usr/local/mpc/1.0.1/include -I/usr/local/mpfr/3.1.2/include -I/usr/local/gmp/5.1.1/include -I/usr/local/lapack/3.3.1/include conftest.cc >&5
conftest.cc:22:40: error: 'void std::exit(int)' should have been declared inside 'std'
configure:4814: $? = 1
configure: failed program was:
| /* confdefs.h.  */
| 
| #define PACKAGE_NAME ""
| #define PACKAGE_TARNAME ""
| #define PACKAGE_VERSION ""
| #define PACKAGE_STRING ""
| #define PACKAGE_BUGREPORT ""
| #define PACKAGE "log4cxx"
| #define VERSION "0.10.0"
| #define STDC_HEADERS 1
| #define HAVE_SYS_TYPES_H 1
| #define HAVE_SYS_STAT_H 1
| #define HAVE_STDLIB_H 1
| #define HAVE_STRING_H 1
| #define HAVE_MEMORY_H 1
| #define HAVE_STRINGS_H 1
| #define HAVE_INTTYPES_H 1
| #define HAVE_STDINT_H 1
| #define HAVE_UNISTD_H 1
| #define HAVE_DLFCN_H 1
| /* end confdefs.h.  */
| extern "C" void std::exit (int) throw (); using std::exit;
| #include <stdlib.h>
| int
| main ()
| {
| exit (42);
|   ;
|   return 0;
| }
configure:4808: g++ -c -g -O2 -I/usr/local/gsl/1.12-gcc/include/gsl -I/usr/local/gsl/1.12-gcc/include -I/usr/local/boost/1.50.0/include -I/usr/local/atlas/3.8.0-gcc/include -I/usr/local/openmpi/1.4.3-gcc/include -I/usr/local/mpc/1.0.1/include -I/usr/local/mpfr/3.1.2/include -I/usr/local/gmp/5.1.1/include -I/usr/local/lapack/3.3.1/include conftest.cc >&5
conftest.cc:22:31: error: 'void std::exit(int)' should have been declared inside 'std'
In file included from conftest.cc:23:0:
/usr/include/stdlib.h:646:70: error: declaration of 'void std::exit(int) throw ()' has a different exception specifier
conftest.cc:22:17: error: from previous declaration 'void std::exit(int)'
configure:4814: $? = 1
configure: failed program was:
| /* confdefs.h.  */
| 
| #define PACKAGE_NAME ""
| #define PACKAGE_TARNAME ""
| #define PACKAGE_VERSION ""
| #define PACKAGE_STRING ""
| #define PACKAGE_BUGREPORT ""
| #define PACKAGE "log4cxx"
| #define VERSION "0.10.0"
| #define STDC_HEADERS 1
| #define HAVE_SYS_TYPES_H 1
| #define HAVE_SYS_STAT_H 1
| #define HAVE_STDLIB_H 1
| #define HAVE_STRING_H 1
| #define HAVE_MEMORY_H 1
| #define HAVE_STRINGS_H 1
| #define HAVE_INTTYPES_H 1
| #define HAVE_STDINT_H 1
| #define HAVE_UNISTD_H 1
| #define HAVE_DLFCN_H 1
| /* end confdefs.h.  */
| extern "C" void std::exit (int); using std::exit;
| #include <stdlib.h>
| int
| main ()
| {
| exit (42);
|   ;
|   return 0;
| }
configure:4808: g++ -c -g -O2 -I/usr/local/gsl/1.12-gcc/include/gsl -I/usr/local/gsl/1.12-gcc/include -I/usr/local/boost/1.50.0/include -I/usr/local/atlas/3.8.0-gcc/include -I/usr/local/openmpi/1.4.3-gcc/include -I/usr/local/mpc/1.0.1/include -I/usr/local/mpfr/3.1.2/include -I/usr/local/gmp/5.1.1/include -I/usr/local/lapack/3.3.1/include conftest.cc >&5
configure:4814: $? = 0
configure:4817: test -z 			 || test ! -s conftest.err
configure:4820: $? = 0
configure:4823: test -s conftest.o
configure:4826: $? = 0
configure:4852: g++ -c -g -O2 -I/usr/local/gsl/1.12-gcc/include/gsl -I/usr/local/gsl/1.12-gcc/include -I/usr/local/boost/1.50.0/include -I/usr/local/atlas/3.8.0-gcc/include -I/usr/local/openmpi/1.4.3-gcc/include -I/usr/local/mpc/1.0.1/include -I/usr/local/mpfr/3.1.2/include -I/usr/local/gmp/5.1.1/include -I/usr/local/lapack/3.3.1/include conftest.cc >&5
configure:4858: $? = 0
configure:4861: test -z 			 || test ! -s conftest.err
configure:4864: $? = 0
configure:4867: test -s conftest.o
configure:4870: $? = 0
configure:4895: checking dependency style of g++
configure:4985: result: gcc3
configure:5012: checking how to run the C++ preprocessor
configure:5043: g++ -E -I/usr/local/gsl/1.12-gcc/include/gsl -I/usr/local/gsl/1.12-gcc/include -I/usr/local/boost/1.50.0/include -I/usr/local/atlas/3.8.0-gcc/include -I/usr/local/openmpi/1.4.3-gcc/include -I/usr/local/mpc/1.0.1/include -I/usr/local/mpfr/3.1.2/include -I/usr/local/gmp/5.1.1/include -I/usr/local/lapack/3.3.1/include conftest.cc
configure:5049: $? = 0
configure:5081: g++ -E -I/usr/local/gsl/1.12-gcc/include/gsl -I/usr/local/gsl/1.12-gcc/include -I/usr/local/boost/1.50.0/include -I/usr/local/atlas/3.8.0-gcc/include -I/usr/local/openmpi/1.4.3-gcc/include -I/usr/local/mpc/1.0.1/include -I/usr/local/mpfr/3.1.2/include -I/usr/local/gmp/5.1.1/include -I/usr/local/lapack/3.3.1/include conftest.cc
conftest.cc:25:28: fatal error: ac_nonexistent.h: No such file or directory
compilation terminated.
configure:5087: $? = 1
configure: failed program was:
| /* confdefs.h.  */
| 
| #define PACKAGE_NAME ""
| #define PACKAGE_TARNAME ""
| #define PACKAGE_VERSION ""
| #define PACKAGE_STRING ""
| #define PACKAGE_BUGREPORT ""
| #define PACKAGE "log4cxx"
| #define VERSION "0.10.0"
| #define STDC_HEADERS 1
| #define HAVE_SYS_TYPES_H 1
| #define HAVE_SYS_STAT_H 1
| #define HAVE_STDLIB_H 1
| #define HAVE_STRING_H 1
| #define HAVE_MEMORY_H 1
| #define HAVE_STRINGS_H 1
| #define HAVE_INTTYPES_H 1
| #define HAVE_STDINT_H 1
| #define HAVE_UNISTD_H 1
| #define HAVE_DLFCN_H 1
| #ifdef __cplusplus
| extern "C" void exit (int) throw ();
| #endif
| /* end confdefs.h.  */
| #include <ac_nonexistent.h>
configure:5126: result: g++ -E
configure:5150: g++ -E -I/usr/local/gsl/1.12-gcc/include/gsl -I/usr/local/gsl/1.12-gcc/include -I/usr/local/boost/1.50.0/include -I/usr/local/atlas/3.8.0-gcc/include -I/usr/local/openmpi/1.4.3-gcc/include -I/usr/local/mpc/1.0.1/include -I/usr/local/mpfr/3.1.2/include -I/usr/local/gmp/5.1.1/include -I/usr/local/lapack/3.3.1/include conftest.cc
configure:5156: $? = 0
configure:5188: g++ -E -I/usr/local/gsl/1.12-gcc/include/gsl -I/usr/local/gsl/1.12-gcc/include -I/usr/local/boost/1.50.0/include -I/usr/local/atlas/3.8.0-gcc/include -I/usr/local/openmpi/1.4.3-gcc/include -I/usr/local/mpc/1.0.1/include -I/usr/local/mpfr/3.1.2/include -I/usr/local/gmp/5.1.1/include -I/usr/local/lapack/3.3.1/include conftest.cc
conftest.cc:25:28: fatal error: ac_nonexistent.h: No such file or directory
compilation terminated.
configure:5194: $? = 1
configure: failed program was:
| /* confdefs.h.  */
| 
| #define PACKAGE_NAME ""
| #define PACKAGE_TARNAME ""
| #define PACKAGE_VERSION ""
| #define PACKAGE_STRING ""
| #define PACKAGE_BUGREPORT ""
| #define PACKAGE "log4cxx"
| #define VERSION "0.10.0"
| #define STDC_HEADERS 1
| #define HAVE_SYS_TYPES_H 1
| #define HAVE_SYS_STAT_H 1
| #define HAVE_STDLIB_H 1
| #define HAVE_STRING_H 1
| #define HAVE_MEMORY_H 1
| #define HAVE_STRINGS_H 1
| #define HAVE_INTTYPES_H 1
| #define HAVE_STDINT_H 1
| #define HAVE_UNISTD_H 1
| #define HAVE_DLFCN_H 1
| #ifdef __cplusplus
| extern "C" void exit (int) throw ();
| #endif
| /* end confdefs.h.  */
| #include <ac_nonexistent.h>
configure:5291: checking for g77
configure:5307: found /usr/bin/g77
configure:5317: result: g77
configure:5332: checking for Fortran 77 compiler version
configure:5335: g77 --version </dev/null >&5
GNU Fortran (GCC) 3.4.6 20060404 (Red Hat 3.4.6-4.1)
Copyright (C) 2006 Free Software Foundation, Inc.

GNU Fortran comes with NO WARRANTY, to the extent permitted by law.
You may redistribute copies of GNU Fortran
under the terms of the GNU General Public License.
For more information about these matters, see the file named COPYING
or type the command `info -f g77 Copying'.
configure:5338: $? = 0
configure:5340: g77 -v </dev/null >&5
Reading specs from /usr/lib/gcc/x86_64-redhat-linux/3.4.6/specs
Configured with: ../configure --prefix=/usr --mandir=/usr/share/man --infodir=/usr/share/info --enable-shared --enable-threads=posix --disable-checking --with-system-zlib --enable-__cxa_atexit --disable-libunwind-exceptions --enable-languages=c,c++,f77 --disable-libgcj --host=x86_64-redhat-linux
Thread model: posix
gcc version 3.4.6 20060404 (Red Hat 3.4.6-4.1)
configure:5343: $? = 0
configure:5345: g77 -V </dev/null >&5
g77: `-V' option must have argument
configure:5348: $? = 1
configure:5356: checking whether we are using the GNU Fortran 77 compiler
configure:5370: g77 -c  conftest.F >&5
configure:5376: $? = 0
configure:5379: test -z 			 || test ! -s conftest.err
configure:5382: $? = 0
configure:5385: test -s conftest.o
configure:5388: $? = 0
configure:5401: result: yes
configure:5407: checking whether g77 accepts -g
configure:5419: g77 -c -g conftest.f >&5
configure:5425: $? = 0
configure:5428: test -z 			 || test ! -s conftest.err
configure:5431: $? = 0
configure:5434: test -s conftest.o
configure:5437: $? = 0
configure:5449: result: yes
configure:5479: checking the maximum length of command line arguments
configure:5588: result: 32768
configure:5599: checking command to parse /usr/bin/nm -B output from gcc object
configure:5704: gcc -c -g -O2 -I/usr/local/gsl/1.12-gcc/include/gsl -I/usr/local/gsl/1.12-gcc/include -I/usr/local/boost/1.50.0/include -I/usr/local/atlas/3.8.0-gcc/include -I/usr/local/openmpi/1.4.3-gcc/include -I/usr/local/mpc/1.0.1/include -I/usr/local/mpfr/3.1.2/include -I/usr/local/gmp/5.1.1/include -I/usr/local/lapack/3.3.1/include conftest.c >&5
configure:5707: $? = 0
configure:5711: /usr/bin/nm -B conftest.o \| sed -n -e 's/^.*[ 	]\([ABCDGIRSTW][ABCDGIRSTW]*\)[ 	][ 	]*\([_A-Za-z][_A-Za-z0-9]*\)$/\1 \2 \2/p' \> conftest.nm
configure:5714: $? = 0
configure:5766: gcc -o conftest -g -O2 -I/usr/local/gsl/1.12-gcc/include/gsl -I/usr/local/gsl/1.12-gcc/include -I/usr/local/boost/1.50.0/include -I/usr/local/atlas/3.8.0-gcc/include -I/usr/local/openmpi/1.4.3-gcc/include -I/usr/local/mpc/1.0.1/include -I/usr/local/mpfr/3.1.2/include -I/usr/local/gmp/5.1.1/include -I/usr/local/lapack/3.3.1/include -L/usr/local/gsl/1.12-gcc/lib/gsl -L/usr/local/gsl/1.12-gcc/lib -L/usr/local/boost/1.50.0/lib -L/usr/local/atlas/3.8.0-gcc/lib -L/usr/local/openmpi/1.4.3-gcc/lib -L/usr/local/mpc/1.0.1/lib -L/usr/local/mpfr/3.1.2/lib -L/usr/local/gmp/5.1.1/lib -L/usr/local/lapack/3.3.1/lib conftest.c conftstm.o >&5
configure:5769: $? = 0
configure:5807: result: ok
configure:5811: checking for objdir
configure:5826: result: .libs
configure:5916: checking for ar
configure:5932: found /usr/bin/ar
configure:5943: result: ar
configure:5996: checking for ranlib
configure:6012: found /usr/bin/ranlib
configure:6023: result: ranlib
configure:6076: checking for strip
configure:6092: found /usr/bin/strip
configure:6103: result: strip
configure:6375: checking if gcc supports -fno-rtti -fno-exceptions
configure:6393: gcc -c -g -O2 -I/usr/local/gsl/1.12-gcc/include/gsl -I/usr/local/gsl/1.12-gcc/include -I/usr/local/boost/1.50.0/include -I/usr/local/atlas/3.8.0-gcc/include -I/usr/local/openmpi/1.4.3-gcc/include -I/usr/local/mpc/1.0.1/include -I/usr/local/mpfr/3.1.2/include -I/usr/local/gmp/5.1.1/include -I/usr/local/lapack/3.3.1/include -fno-rtti -fno-exceptions conftest.c >&5
cc1: warning: command line option '-fno-rtti' is valid for C++/ObjC++ but not for C [enabled by default]
configure:6397: $? = 0
configure:6410: result: no
configure:6425: checking for gcc option to produce PIC
configure:6635: result: -fPIC
configure:6643: checking if gcc PIC flag -fPIC works
configure:6661: gcc -c -g -O2 -I/usr/local/gsl/1.12-gcc/include/gsl -I/usr/local/gsl/1.12-gcc/include -I/usr/local/boost/1.50.0/include -I/usr/local/atlas/3.8.0-gcc/include -I/usr/local/openmpi/1.4.3-gcc/include -I/usr/local/mpc/1.0.1/include -I/usr/local/mpfr/3.1.2/include -I/usr/local/gmp/5.1.1/include -I/usr/local/lapack/3.3.1/include -fPIC -DPIC conftest.c >&5
configure:6665: $? = 0
configure:6678: result: yes
configure:6706: checking if gcc static flag -static works
configure:6734: result: yes
configure:6744: checking if gcc supports -c -o file.o
configure:6765: gcc -c -g -O2 -I/usr/local/gsl/1.12-gcc/include/gsl -I/usr/local/gsl/1.12-gcc/include -I/usr/local/boost/1.50.0/include -I/usr/local/atlas/3.8.0-gcc/include -I/usr/local/openmpi/1.4.3-gcc/include -I/usr/local/mpc/1.0.1/include -I/usr/local/mpfr/3.1.2/include -I/usr/local/gmp/5.1.1/include -I/usr/local/lapack/3.3.1/include -o out/conftest2.o conftest.c >&5
configure:6769: $? = 0
configure:6791: result: yes
configure:6817: checking whether the gcc linker (/usr/bin/ld -m elf_x86_64) supports shared libraries
configure:7783: result: yes
configure:7804: checking whether -lc should be explicitly linked in
configure:7809: gcc -c -g -O2 -I/usr/local/gsl/1.12-gcc/include/gsl -I/usr/local/gsl/1.12-gcc/include -I/usr/local/boost/1.50.0/include -I/usr/local/atlas/3.8.0-gcc/include -I/usr/local/openmpi/1.4.3-gcc/include -I/usr/local/mpc/1.0.1/include -I/usr/local/mpfr/3.1.2/include -I/usr/local/gmp/5.1.1/include -I/usr/local/lapack/3.3.1/include conftest.c >&5
configure:7812: $? = 0
configure:7827: gcc -shared conftest.o  -v -Wl,-soname -Wl,conftest -o conftest 2\>\&1 \| grep  -lc  \>/dev/null 2\>\&1
configure:7830: $? = 0
configure:7842: result: no
configure:7850: checking dynamic linker characteristics
configure:8450: result: GNU/Linux ld.so
configure:8459: checking how to hardcode library paths into programs
configure:8484: result: immediate
configure:8498: checking whether stripping libraries is possible
configure:8503: result: yes
configure:9330: checking if libtool supports shared libraries
configure:9332: result: yes
configure:9335: checking whether to build shared libraries
configure:9356: result: yes
configure:9359: checking whether to build static libraries
configure:9363: result: yes
configure:9455: creating libtool
configure:10043: checking for ld used by g++
configure:10110: result: /usr/bin/ld -m elf_x86_64
configure:10119: checking if the linker (/usr/bin/ld -m elf_x86_64) is GNU ld
configure:10134: result: yes
configure:10185: checking whether the g++ linker (/usr/bin/ld -m elf_x86_64) supports shared libraries
configure:11121: result: yes
configure:11139: g++ -c -g -O2 -I/usr/local/gsl/1.12-gcc/include/gsl -I/usr/local/gsl/1.12-gcc/include -I/usr/local/boost/1.50.0/include -I/usr/local/atlas/3.8.0-gcc/include -I/usr/local/openmpi/1.4.3-gcc/include -I/usr/local/mpc/1.0.1/include -I/usr/local/mpfr/3.1.2/include -I/usr/local/gmp/5.1.1/include -I/usr/local/lapack/3.3.1/include conftest.cpp >&5
configure:11142: $? = 0
configure:11261: checking for g++ option to produce PIC
configure:11535: result: -fPIC
configure:11543: checking if g++ PIC flag -fPIC works
configure:11561: g++ -c -g -O2 -I/usr/local/gsl/1.12-gcc/include/gsl -I/usr/local/gsl/1.12-gcc/include -I/usr/local/boost/1.50.0/include -I/usr/local/atlas/3.8.0-gcc/include -I/usr/local/openmpi/1.4.3-gcc/include -I/usr/local/mpc/1.0.1/include -I/usr/local/mpfr/3.1.2/include -I/usr/local/gmp/5.1.1/include -I/usr/local/lapack/3.3.1/include -fPIC -DPIC conftest.cpp >&5
configure:11565: $? = 0
configure:11578: result: yes
configure:11606: checking if g++ static flag -static works
configure:11634: result: yes
configure:11644: checking if g++ supports -c -o file.o
configure:11665: g++ -c -g -O2 -I/usr/local/gsl/1.12-gcc/include/gsl -I/usr/local/gsl/1.12-gcc/include -I/usr/local/boost/1.50.0/include -I/usr/local/atlas/3.8.0-gcc/include -I/usr/local/openmpi/1.4.3-gcc/include -I/usr/local/mpc/1.0.1/include -I/usr/local/mpfr/3.1.2/include -I/usr/local/gmp/5.1.1/include -I/usr/local/lapack/3.3.1/include -o out/conftest2.o conftest.cpp >&5
configure:11669: $? = 0
configure:11691: result: yes
configure:11717: checking whether the g++ linker (/usr/bin/ld -m elf_x86_64) supports shared libraries
configure:11748: result: yes
configure:11815: checking dynamic linker characteristics
configure:12415: result: GNU/Linux ld.so
configure:12424: checking how to hardcode library paths into programs
configure:12449: result: immediate
configure:12975: checking if libtool supports shared libraries
configure:12977: result: yes
configure:12980: checking whether to build shared libraries
configure:13000: result: yes
configure:13003: checking whether to build static libraries
configure:13007: result: yes
configure:13017: checking for g77 option to produce PIC
configure:13227: result: -fPIC
configure:13235: checking if g77 PIC flag -fPIC works
configure:13253: g77 -c -g -O2 -fPIC conftest.f >&5
configure:13257: $? = 0
configure:13270: result: yes
configure:13298: checking if g77 static flag -static works
configure:13326: result: yes
configure:13336: checking if g77 supports -c -o file.o
configure:13357: g77 -c -g -O2 -o out/conftest2.o conftest.f >&5
configure:13361: $? = 0
configure:13383: result: yes
configure:13409: checking whether the g77 linker (/usr/bin/ld -m elf_x86_64) supports shared libraries
configure:14355: result: yes
configure:14422: checking dynamic linker characteristics
configure:15022: result: GNU/Linux ld.so
configure:15031: checking how to hardcode library paths into programs
configure:15056: result: immediate
configure:18652: checking for a BSD-compatible install
configure:18707: result: /usr/bin/install -c
configure:18718: checking whether make sets $(MAKE)
configure:18738: result: yes
configure:18842: checking for C++ compiler version
configure:18845: g++ --version </dev/null >&5
g++ (GCC) 4.7.2
Copyright (C) 2012 Free Software Foundation, Inc.
This is free software; see the source for copying conditions.  There is NO
warranty; not even for MERCHANTABILITY or FITNESS FOR A PARTICULAR PURPOSE.

configure:18848: $? = 0
configure:18850: g++ -v </dev/null >&5
Using built-in specs.
COLLECT_GCC=g++
COLLECT_LTO_WRAPPER=/usr/local/gcc/4.7.2/libexec/gcc/x86_64-unknown-linux-gnu/4.7.2/lto-wrapper
Target: x86_64-unknown-linux-gnu
Configured with: ../gcc-4.7.2/configure --prefix=/usr/local/gcc/4.7.2 --enable-shared --enable-threads=posix --enable-__cxa_atexit --enable-languages=c,c++,fortran --with-mpfr=/usr/local/mpfr/3.1.2 --with-gmp=/usr/local/gmp/5.1.1 --with-mpc=/usr/local/mpc/1.0.1
Thread model: posix
gcc version 4.7.2 (GCC) 
configure:18853: $? = 0
configure:18855: g++ -V </dev/null >&5
g++: error: unrecognized command line option '-V'
g++: fatal error: no input files
compilation terminated.
configure:18858: $? = 1
configure:18861: checking whether we are using the GNU C++ compiler
configure:18916: result: yes
configure:18922: checking whether g++ accepts -g
configure:18972: result: yes
configure:19014: g++ -c -g -O2 -I/usr/local/gsl/1.12-gcc/include/gsl -I/usr/local/gsl/1.12-gcc/include -I/usr/local/boost/1.50.0/include -I/usr/local/atlas/3.8.0-gcc/include -I/usr/local/openmpi/1.4.3-gcc/include -I/usr/local/mpc/1.0.1/include -I/usr/local/mpfr/3.1.2/include -I/usr/local/gmp/5.1.1/include -I/usr/local/lapack/3.3.1/include conftest.cc >&5
configure:19020: $? = 0
configure:19023: test -z 			 || test ! -s conftest.err
configure:19026: $? = 0
configure:19029: test -s conftest.o
configure:19032: $? = 0
configure:19058: g++ -c -g -O2 -I/usr/local/gsl/1.12-gcc/include/gsl -I/usr/local/gsl/1.12-gcc/include -I/usr/local/boost/1.50.0/include -I/usr/local/atlas/3.8.0-gcc/include -I/usr/local/openmpi/1.4.3-gcc/include -I/usr/local/mpc/1.0.1/include -I/usr/local/mpfr/3.1.2/include -I/usr/local/gmp/5.1.1/include -I/usr/local/lapack/3.3.1/include conftest.cc >&5
configure:19064: $? = 0
configure:19067: test -z 			 || test ! -s conftest.err
configure:19070: $? = 0
configure:19073: test -s conftest.o
configure:19076: $? = 0
configure:19101: checking dependency style of g++
configure:19191: result: gcc3
configure:19214: checking how to run the C++ preprocessor
configure:19328: result: g++ -E
configure:19352: g++ -E -I/usr/local/gsl/1.12-gcc/include/gsl -I/usr/local/gsl/1.12-gcc/include -I/usr/local/boost/1.50.0/include -I/usr/local/atlas/3.8.0-gcc/include -I/usr/local/openmpi/1.4.3-gcc/include -I/usr/local/mpc/1.0.1/include -I/usr/local/mpfr/3.1.2/include -I/usr/local/gmp/5.1.1/include -I/usr/local/lapack/3.3.1/include conftest.cc
configure:19358: $? = 0
configure:19390: g++ -E -I/usr/local/gsl/1.12-gcc/include/gsl -I/usr/local/gsl/1.12-gcc/include -I/usr/local/boost/1.50.0/include -I/usr/local/atlas/3.8.0-gcc/include -I/usr/local/openmpi/1.4.3-gcc/include -I/usr/local/mpc/1.0.1/include -I/usr/local/mpfr/3.1.2/include -I/usr/local/gmp/5.1.1/include -I/usr/local/lapack/3.3.1/include conftest.cc
conftest.cc:25:28: fatal error: ac_nonexistent.h: No such file or directory
compilation terminated.
configure:19396: $? = 1
configure: failed program was:
| /* confdefs.h.  */
| 
| #define PACKAGE_NAME ""
| #define PACKAGE_TARNAME ""
| #define PACKAGE_VERSION ""
| #define PACKAGE_STRING ""
| #define PACKAGE_BUGREPORT ""
| #define PACKAGE "log4cxx"
| #define VERSION "0.10.0"
| #define STDC_HEADERS 1
| #define HAVE_SYS_TYPES_H 1
| #define HAVE_SYS_STAT_H 1
| #define HAVE_STDLIB_H 1
| #define HAVE_STRING_H 1
| #define HAVE_MEMORY_H 1
| #define HAVE_STRINGS_H 1
| #define HAVE_INTTYPES_H 1
| #define HAVE_STDINT_H 1
| #define HAVE_UNISTD_H 1
| #define HAVE_DLFCN_H 1
| #ifdef __cplusplus
| extern "C" void exit (int) throw ();
| #endif
| /* end confdefs.h.  */
| #include <ac_nonexistent.h>
configure:19490: checking for doxygen
configure:19523: result: no
configure:19648: checking for APR
configure:19733: result: no
configure:19737: error: APR could not be located. Please use the --with-apr option.

## ---------------- ##
## Cache variables. ##
## ---------------- ##

ac_cv_build=x86_64-unknown-linux-gnu
ac_cv_build_alias=x86_64-unknown-linux-gnu
ac_cv_c_compiler_gnu=yes
ac_cv_cxx_compiler_gnu=yes
ac_cv_env_CC_set=
ac_cv_env_CC_value=
ac_cv_env_CFLAGS_set=
ac_cv_env_CFLAGS_value=
ac_cv_env_CPPFLAGS_set=set
ac_cv_env_CPPFLAGS_value='-I/usr/local/gsl/1.12-gcc/include/gsl -I/usr/local/gsl/1.12-gcc/include -I/usr/local/boost/1.50.0/include -I/usr/local/atlas/3.8.0-gcc/include -I/usr/local/openmpi/1.4.3-gcc/include -I/usr/local/mpc/1.0.1/include -I/usr/local/mpfr/3.1.2/include -I/usr/local/gmp/5.1.1/include -I/usr/local/lapack/3.3.1/include'
ac_cv_env_CPP_set=
ac_cv_env_CPP_value=
ac_cv_env_CXXCPP_set=
ac_cv_env_CXXCPP_value=
ac_cv_env_CXXFLAGS_set=
ac_cv_env_CXXFLAGS_value=
ac_cv_env_CXX_set=
ac_cv_env_CXX_value=
ac_cv_env_F77_set=
ac_cv_env_F77_value=
ac_cv_env_FFLAGS_set=
ac_cv_env_FFLAGS_value=
ac_cv_env_LDFLAGS_set=set
ac_cv_env_LDFLAGS_value='-L/usr/local/gsl/1.12-gcc/lib/gsl -L/usr/local/gsl/1.12-gcc/lib -L/usr/local/boost/1.50.0/lib -L/usr/local/atlas/3.8.0-gcc/lib -L/usr/local/openmpi/1.4.3-gcc/lib -L/usr/local/mpc/1.0.1/lib -L/usr/local/mpfr/3.1.2/lib -L/usr/local/gmp/5.1.1/lib -L/usr/local/lapack/3.3.1/lib'
ac_cv_env_build_alias_set=
ac_cv_env_build_alias_value=
ac_cv_env_host_alias_set=
ac_cv_env_host_alias_value=
ac_cv_env_target_alias_set=
ac_cv_env_target_alias_value=
ac_cv_exeext=
ac_cv_f77_compiler_gnu=yes
ac_cv_header_dlfcn_h=yes
ac_cv_header_inttypes_h=yes
ac_cv_header_memory_h=yes
ac_cv_header_stdc=yes
ac_cv_header_stdint_h=yes
ac_cv_header_stdlib_h=yes
ac_cv_header_string_h=yes
ac_cv_header_strings_h=yes
ac_cv_header_sys_stat_h=yes
ac_cv_header_sys_types_h=yes
ac_cv_header_unistd_h=yes
ac_cv_host=x86_64-unknown-linux-gnu
ac_cv_host_alias=x86_64-unknown-linux-gnu
ac_cv_objext=o
ac_cv_path_install='/usr/bin/install -c'
ac_cv_prog_AWK=gawk
ac_cv_prog_CPP='gcc -E'
ac_cv_prog_CXXCPP='g++ -E'
ac_cv_prog_ac_ct_AR=ar
ac_cv_prog_ac_ct_CC=gcc
ac_cv_prog_ac_ct_CXX=g++
ac_cv_prog_ac_ct_F77=g77
ac_cv_prog_ac_ct_RANLIB=ranlib
ac_cv_prog_ac_ct_STRIP=strip
ac_cv_prog_cc_g=yes
ac_cv_prog_cc_stdc=
ac_cv_prog_cxx_g=yes
ac_cv_prog_egrep='grep -E'
ac_cv_prog_f77_g=yes
ac_cv_prog_make_make_set=yes
ac_cv_target=x86_64-unknown-linux-gnu
ac_cv_target_alias=x86_64-unknown-linux-gnu
am_cv_CC_dependencies_compiler_type=gcc3
am_cv_CXX_dependencies_compiler_type=gcc3
lt_cv_deplibs_check_method=pass_all
lt_cv_file_magic_cmd='$MAGIC_CMD'
lt_cv_file_magic_test_file=
lt_cv_ld_reload_flag=-r
lt_cv_objdir=.libs
lt_cv_path_LD=/usr/bin/ld
lt_cv_path_LDCXX='/usr/bin/ld -m elf_x86_64'
lt_cv_path_NM='/usr/bin/nm -B'
lt_cv_path_SED=/bin/sed
lt_cv_prog_compiler_c_o=yes
lt_cv_prog_compiler_c_o_CXX=yes
lt_cv_prog_compiler_c_o_F77=yes
lt_cv_prog_compiler_rtti_exceptions=no
lt_cv_prog_gnu_ld=yes
lt_cv_prog_gnu_ldcxx=yes
lt_cv_sys_global_symbol_pipe='sed -n -e '\''s/^.*[ 	]\([ABCDGIRSTW][ABCDGIRSTW]*\)[ 	][ 	]*\([_A-Za-z][_A-Za-z0-9]*\)$/\1 \2 \2/p'\'''
lt_cv_sys_global_symbol_to_c_name_address='sed -n -e '\''s/^: \([^ ]*\) $/  {\"\1\", (lt_ptr) 0},/p'\'' -e '\''s/^[BCDEGRST] \([^ ]*\) \([^ ]*\)$/  {"\2", (lt_ptr) \&\2},/p'\'''
lt_cv_sys_global_symbol_to_cdecl='sed -n -e '\''s/^. .* \(.*\)$/extern int \1;/p'\'''
lt_cv_sys_max_cmd_len=32768
lt_lt_cv_prog_compiler_c_o='"yes"'
lt_lt_cv_prog_compiler_c_o_CXX='"yes"'
lt_lt_cv_prog_compiler_c_o_F77='"yes"'
lt_lt_cv_sys_global_symbol_pipe='"sed -n -e '\''s/^.*[ 	]\\([ABCDGIRSTW][ABCDGIRSTW]*\\)[ 	][ 	]*\\([_A-Za-z][_A-Za-z0-9]*\\)\$/\\1 \\2 \\2/p'\''"'
lt_lt_cv_sys_global_symbol_to_c_name_address='"sed -n -e '\''s/^: \\([^ ]*\\) \$/  {\\\"\\1\\\", (lt_ptr) 0},/p'\'' -e '\''s/^[BCDEGRST] \\([^ ]*\\) \\([^ ]*\\)\$/  {\"\\2\", (lt_ptr) \\&\\2},/p'\''"'
lt_lt_cv_sys_global_symbol_to_cdecl='"sed -n -e '\''s/^. .* \\(.*\\)\$/extern int \\1;/p'\''"'

## ----------------- ##
## Output variables. ##
## ----------------- ##

ACLOCAL='${SHELL} /home/farmer/Monash005/gambit/GAMBIT-raw/modules/contrib/apache-log4cxx-0.10.0/missing --run aclocal-1.9'
AMDEPBACKSLASH='\'
AMDEP_FALSE='#'
AMDEP_TRUE=''
AMTAR='${SHELL} /home/farmer/Monash005/gambit/GAMBIT-raw/modules/contrib/apache-log4cxx-0.10.0/missing --run tar'
APR_LIBS=''
APU_LIBS=''
AR='ar'
AUTOCONF='${SHELL} /home/farmer/Monash005/gambit/GAMBIT-raw/modules/contrib/apache-log4cxx-0.10.0/missing --run autoconf'
AUTOHEADER='${SHELL} /home/farmer/Monash005/gambit/GAMBIT-raw/modules/contrib/apache-log4cxx-0.10.0/missing --run autoheader'
AUTOMAKE='${SHELL} /home/farmer/Monash005/gambit/GAMBIT-raw/modules/contrib/apache-log4cxx-0.10.0/missing --run automake-1.9'
AWK='gawk'
CC='gcc'
CCDEPMODE='depmode=gcc3'
CFLAGS='-g -O2'
CFSTRING_API=''
CHARSET_EBCDIC=''
CHARSET_ISO88591=''
CHARSET_USASCII=''
CHARSET_UTF8=''
CHAR_API=''
CPP='gcc -E'
CPPFLAGS='-I/usr/local/gsl/1.12-gcc/include/gsl -I/usr/local/gsl/1.12-gcc/include -I/usr/local/boost/1.50.0/include -I/usr/local/atlas/3.8.0-gcc/include -I/usr/local/openmpi/1.4.3-gcc/include -I/usr/local/mpc/1.0.1/include -I/usr/local/mpfr/3.1.2/include -I/usr/local/gmp/5.1.1/include -I/usr/local/lapack/3.3.1/include'
CPPFLAGS_ODBC=''
CXX='g++'
CXXCPP='g++ -E'
CXXDEPMODE='depmode=gcc3'
CXXFLAGS='-g -O2'
CYGPATH_W='echo'
DEFS=''
DEPDIR='.deps'
DOC_FALSE=''
DOC_TRUE='#'
DOT=''
DOXYGEN=''
ECHO='echo'
ECHO_C=''
ECHO_N='-n'
ECHO_T=''
EGREP='grep -E'
EXEEXT=''
F77='g77'
FFLAGS='-g -O2'
HAS_FWIDE=''
HAS_LIBESMTP=''
HAS_MBSRTOWCS=''
HAS_ODBC=''
HAS_STD_LOCALE=''
HAS_SYSLOG=''
HAS_WCHAR_T=''
HAS_WCSTOMBS=''
INSTALL_DATA='${INSTALL} -m 644'
INSTALL_PROGRAM='${INSTALL}'
INSTALL_SCRIPT='${INSTALL}'
INSTALL_STRIP_PROGRAM='${SHELL} $(install_sh) -c -s'
IODBC_CONFIG=''
LATEX_DOC_FALSE=''
LATEX_DOC_TRUE='#'
LDFLAGS='-L/usr/local/gsl/1.12-gcc/lib/gsl -L/usr/local/gsl/1.12-gcc/lib -L/usr/local/boost/1.50.0/lib -L/usr/local/atlas/3.8.0-gcc/lib -L/usr/local/openmpi/1.4.3-gcc/lib -L/usr/local/mpc/1.0.1/lib -L/usr/local/mpfr/3.1.2/lib -L/usr/local/gmp/5.1.1/lib -L/usr/local/lapack/3.3.1/lib'
LIBOBJS=''
LIBS=''
LIBS_ODBC=''
LIBTOOL='$(SHELL) $(top_builddir)/libtool'
LN_S='ln -s'
LOGCHAR_IS_UNICHAR=''
LOGCHAR_IS_UTF8=''
LOGCHAR_IS_WCHAR=''
LTLIBOBJS=''
LT_VERSION='10:0:0'
MAKEINFO='${SHELL} /home/farmer/Monash005/gambit/GAMBIT-raw/modules/contrib/apache-log4cxx-0.10.0/missing --run makeinfo'
OBJEXT='o'
PACKAGE='log4cxx'
PACKAGE_BUGREPORT=''
PACKAGE_NAME=''
PACKAGE_STRING=''
PACKAGE_TARNAME=''
PACKAGE_VERSION=''
PATH_SEPARATOR=':'
RANLIB='ranlib'
SET_MAKE=''
SHELL='/bin/sh'
STRIP='strip'
UNICHAR_API=''
VERSION='0.10.0'
WCHAR_T_API=''
ac_ct_AR='ar'
ac_ct_CC='gcc'
ac_ct_CXX='g++'
ac_ct_F77='g77'
ac_ct_RANLIB='ranlib'
ac_ct_STRIP='strip'
am__fastdepCC_FALSE='#'
am__fastdepCC_TRUE=''
am__fastdepCXX_FALSE='#'
am__fastdepCXX_TRUE=''
am__include='include'
am__leading_dot='.'
am__quote=''
am__tar='${AMTAR} chof - "$$tardir"'
am__untar='${AMTAR} xf -'
base_dir='/home/farmer/Monash005/gambit/GAMBIT-raw/modules/contrib/apache-log4cxx-0.10.0'
bindir='${exec_prefix}/bin'
build='x86_64-unknown-linux-gnu'
build_alias=''
build_cpu='x86_64'
build_os='linux-gnu'
build_vendor='unknown'
datadir='${prefix}/share'
enable_dot='no'
enable_html_docs='yes'
enable_latex_docs='no'
exec_prefix='NONE'
host='x86_64-unknown-linux-gnu'
host_alias=''
host_cpu='x86_64'
host_os='linux-gnu'
host_vendor='unknown'
includedir='${prefix}/include'
infodir='${prefix}/info'
install_sh='/home/farmer/Monash005/gambit/GAMBIT-raw/modules/contrib/apache-log4cxx-0.10.0/install-sh'
libdir='${exec_prefix}/lib'
libexecdir='${exec_prefix}/libexec'
localstatedir='${prefix}/var'
mandir='${prefix}/man'
manual_dest='manual'
mkdir_p='mkdir -p --'
oldincludedir='/usr/include'
prefix='/home/farmer/Monash005/gambit/GAMBIT-raw/modules/contrib/apache-log4cxx-0.10.0/lib'
program_transform_name='s,x,x,'
sbindir='${exec_prefix}/sbin'
sharedstatedir='${prefix}/com'
sysconfdir='${prefix}/etc'
target='x86_64-unknown-linux-gnu'
target_alias=''
target_cpu='x86_64'
target_os='linux-gnu'
target_vendor='unknown'

## ----------- ##
## confdefs.h. ##
## ----------- ##

#define HAVE_DLFCN_H 1
#define HAVE_INTTYPES_H 1
#define HAVE_MEMORY_H 1
#define HAVE_STDINT_H 1
#define HAVE_STDLIB_H 1
#define HAVE_STRINGS_H 1
#define HAVE_STRING_H 1
#define HAVE_SYS_STAT_H 1
#define HAVE_SYS_TYPES_H 1
#define HAVE_UNISTD_H 1
#define PACKAGE "log4cxx"
#define PACKAGE_BUGREPORT ""
#define PACKAGE_NAME ""
#define PACKAGE_STRING ""
#define PACKAGE_TARNAME ""
#define PACKAGE_VERSION ""
#define STDC_HEADERS 1
#define VERSION "0.10.0"
#endif
#ifdef __cplusplus
extern "C" void exit (int) throw ();

configure: exit 1
