This is pdfTeX, Version 3.1415926-1.40.10 (TeX Live 2009/Debian) (format=pdflatex 2011.12.26)  26 SEP 2013 21:56
entering extended mode
 %&-line parsing enabled.
**"BIRS application.tex"
(./BIRS application.tex
LaTeX2e <2009/09/24>
Babel <v3.8l> and hyphenation patterns for english, usenglishmax, dumylang, noh
yphenation, loaded.
(/usr/share/texmf-texlive/tex/latex/base/article.cls
Document Class: article 2007/10/19 v1.4h Standard LaTeX document class
(/usr/share/texmf-texlive/tex/latex/base/size11.clo
File: size11.clo 2007/10/19 v1.4h Standard LaTeX file (size option)
)
\c@part=\count79
\c@section=\count80
\c@subsection=\count81
\c@subsubsection=\count82
\c@paragraph=\count83
\c@subparagraph=\count84
\c@figure=\count85
\c@table=\count86
\abovecaptionskip=\skip41
\belowcaptionskip=\skip42
\bibindent=\dimen102
)
(/usr/share/texmf-texlive/tex/latex/natbib/natbib.sty
Package: natbib 2009/07/16 8.31 (PWD, AO)
\bibhang=\skip43
\bibsep=\skip44
LaTeX Info: Redefining \cite on input line 694.
\c@NAT@ctr=\count87
) (./BIRS application.aux)
\openout1 = `"BIRS application.aux"'.

LaTeX Font Info:    Checking defaults for OML/cmm/m/it on input line 18.
LaTeX Font Info:    ... okay on input line 18.
LaTeX Font Info:    Checking defaults for T1/cmr/m/n on input line 18.
LaTeX Font Info:    ... okay on input line 18.
LaTeX Font Info:    Checking defaults for OT1/cmr/m/n on input line 18.
LaTeX Font Info:    ... okay on input line 18.
LaTeX Font Info:    Checking defaults for OMS/cmsy/m/n on input line 18.
LaTeX Font Info:    ... okay on input line 18.
LaTeX Font Info:    Checking defaults for OMX/cmex/m/n on input line 18.
LaTeX Font Info:    ... okay on input line 18.
LaTeX Font Info:    Checking defaults for U/cmr/m/n on input line 18.
LaTeX Font Info:    ... okay on input line 18.
[1

{/var/lib/texmf/fonts/map/pdftex/updmap/pdftex.map}] [2] [3] [4]
LaTeX Font Info:    External font `cmex10' loaded for size
(Font)              <10.95> on input line 339.
LaTeX Font Info:    External font `cmex10' loaded for size
(Font)              <8> on input line 339.
LaTeX Font Info:    External font `cmex10' loaded for size
(Font)              <6> on input line 339.
 [5]
Overfull \hbox (9.05914pt too wide) in paragraph at lines 389--390
[]\OT1/cmr/m/n/10.95 The fol-low-ing par-tic-i-pants have been con-tacted and e
x-pressed \OT1/cmr/bx/n/10.95 very strong
 []

[6] [7] (./BIRS application.aux) ) 
Here is how much of TeX's memory you used:
 723 strings out of 495061
 7784 string characters out of 1182620
 57144 words of memory out of 3000000
 3970 multiletter control sequences out of 15000+50000
 8411 words of font info for 30 fonts, out of 3000000 for 9000
 28 hyphenation exceptions out of 8191
 23i,4n,28p,1323b,229s stack positions out of 5000i,500n,10000p,200000b,50000s
</home/pat/texmf/fonts/type1/bluesky/cm/cmbx1
0.pfb></home/pat/texmf/fonts/type1/bluesky/cm/cmbx12.pfb></home/pat/texmf/fonts
/type1/bluesky/cm/cmmi10.pfb></home/pat/texmf/fonts/type1/bluesky/cm/cmmi8.pfb>
</home/pat/texmf/fonts/type1/bluesky/cm/cmr10.pfb></home/pat/texmf/fonts/type1/
bluesky/cm/cmr8.pfb></home/pat/texmf/fonts/type1/bluesky/cm/cmsy10.pfb></home/p
at/texmf/fonts/type1/bluesky/cm/cmsy8.pfb></home/pat/texmf/fonts/type1/bluesky/
cm/cmti10.pfb></home/pat/texmf/fonts/type1/bluesky/cm/cmtt10.pfb>
Output written on "BIRS application.pdf" (7 pages, 88688 bytes).
PDF statistics:
 66 PDF objects out of 1000 (max. 8388607)
 0 named destinations out of 1000 (max. 500000)
 1 words of extra memory for PDF output out of 10000 (max. 10000000)

