This is pdfTeX, Version 3.1415926-2.4-1.40.13 (TeX Live 2012/Debian) (format=pdflatex 2015.2.5)  26 APR 2015 22:42
entering extended mode
 restricted \write18 enabled.
 %&-line parsing enabled.
**PS_Madrid.tex
(./PS_Madrid.tex
LaTeX2e <2011/06/27>
Babel <v3.8m> and hyphenation patterns for english, dumylang, nohyphenation, lo
aded.
(/usr/share/texmf/tex/latex/beamer/base/beamer.cls
(/usr/share/texmf/tex/latex/beamer/base/beamerbasercs.sty
Package: beamerbasercs 2010/06/12 (rcs-revision c3821710bb40)
)
Document Class: beamer 2010/06/21 development version 3.10 A class for typesett
ing presentations (rcs-revision a6b1a8434d30)
(/usr/share/texmf/tex/latex/beamer/base/beamerbasemodes.sty
Package: beamerbasemodes 2010/05/01 (rcs-revision efa082c6111d)
\beamer@tempbox=\box26
\beamer@tempcount=\count79
\c@beamerpauses=\count80

(/usr/share/texmf/tex/latex/beamer/base/beamerbasedecode.sty
Package: beamerbasedecode 2010/05/01 (rcs-revision efa082c6111d)
\beamer@slideinframe=\count81
\beamer@minimum=\count82
)
\beamer@commentbox=\box27
\beamer@modecount=\count83
)
\headheight=\dimen102
\headdp=\dimen103
\footheight=\dimen104
\sidebarheight=\dimen105
\beamer@tempdim=\dimen106
\beamer@finalheight=\dimen107
\beamer@animht=\dimen108
\beamer@animdp=\dimen109
\beamer@animwd=\dimen110
\beamer@leftmargin=\dimen111
\beamer@rightmargin=\dimen112
\beamer@leftsidebar=\dimen113
\beamer@rightsidebar=\dimen114
\beamer@boxsize=\dimen115
\beamer@vboxoffset=\dimen116
\beamer@descdefault=\dimen117
\beamer@descriptionwidth=\dimen118
\beamer@lastskip=\skip41
\beamer@areabox=\box28
\beamer@animcurrent=\box29
\beamer@animshowbox=\box30
\beamer@sectionbox=\box31
\beamer@logobox=\box32
\beamer@linebox=\box33
\beamer@sectioncount=\count84
\beamer@subsubsectionmax=\count85
\beamer@subsectionmax=\count86
\beamer@sectionmax=\count87
\beamer@totalheads=\count88
\beamer@headcounter=\count89
\beamer@partstartpage=\count90
\beamer@sectionstartpage=\count91
\beamer@subsectionstartpage=\count92
\beamer@animationtempa=\count93
\beamer@animationtempb=\count94
\beamer@xpos=\count95
\beamer@ypos=\count96
\beamer@showpartnumber=\count97
\beamer@currentsubsection=\count98
\beamer@coveringdepth=\count99
\beamer@sectionadjust=\count100
\beamer@tocsectionnumber=\count101

(/usr/share/texmf/tex/latex/beamer/base/beamerbaseoptions.sty
Package: beamerbaseoptions 2010/04/27 (rcs-revision 982469101dd6)

(/usr/share/texlive/texmf-dist/tex/latex/graphics/keyval.sty
Package: keyval 1999/03/16 v1.13 key=value parser (DPC)
\KV@toks@=\toks14
))
\beamer@paperwidth=\skip42
\beamer@paperheight=\skip43

(/usr/share/texlive/texmf-dist/tex/latex/geometry/geometry.sty
Package: geometry 2010/09/12 v5.6 Page Geometry

(/usr/share/texlive/texmf-dist/tex/generic/oberdiek/ifpdf.sty
Package: ifpdf 2011/01/30 v2.3 Provides the ifpdf switch (HO)
Package ifpdf Info: pdfTeX in PDF mode is detected.
)
(/usr/share/texlive/texmf-dist/tex/generic/oberdiek/ifvtex.sty
Package: ifvtex 2010/03/01 v1.5 Detect VTeX and its facilities (HO)
Package ifvtex Info: VTeX not detected.
)
(/usr/share/texlive/texmf-dist/tex/generic/ifxetex/ifxetex.sty
Package: ifxetex 2010/09/12 v0.6 Provides ifxetex conditional
)
\Gm@cnth=\count102
\Gm@cntv=\count103
\c@Gm@tempcnt=\count104
\Gm@bindingoffset=\dimen119
\Gm@wd@mp=\dimen120
\Gm@odd@mp=\dimen121
\Gm@even@mp=\dimen122
\Gm@layoutwidth=\dimen123
\Gm@layoutheight=\dimen124
\Gm@layouthoffset=\dimen125
\Gm@layoutvoffset=\dimen126
\Gm@dimlist=\toks15
)
(/usr/share/texlive/texmf-dist/tex/latex/base/size11.clo
File: size11.clo 2007/10/19 v1.4h Standard LaTeX file (size option)
)
(/usr/share/texmf/tex/latex/pgf/basiclayer/pgfcore.sty
(/usr/share/texlive/texmf-dist/tex/latex/graphics/graphicx.sty
Package: graphicx 1999/02/16 v1.0f Enhanced LaTeX Graphics (DPC,SPQR)

(/usr/share/texlive/texmf-dist/tex/latex/graphics/graphics.sty
Package: graphics 2009/02/05 v1.0o Standard LaTeX Graphics (DPC,SPQR)

(/usr/share/texlive/texmf-dist/tex/latex/graphics/trig.sty
Package: trig 1999/03/16 v1.09 sin cos tan (DPC)
)
(/usr/share/texlive/texmf-dist/tex/latex/latexconfig/graphics.cfg
File: graphics.cfg 2010/04/23 v1.9 graphics configuration of TeX Live
)
Package graphics Info: Driver file: pdftex.def on input line 91.

(/usr/share/texlive/texmf-dist/tex/latex/pdftex-def/pdftex.def
File: pdftex.def 2011/05/27 v0.06d Graphics/color for pdfTeX

(/usr/share/texlive/texmf-dist/tex/generic/oberdiek/infwarerr.sty
Package: infwarerr 2010/04/08 v1.3 Providing info/warning/error messages (HO)
)
(/usr/share/texlive/texmf-dist/tex/generic/oberdiek/ltxcmds.sty
Package: ltxcmds 2011/11/09 v1.22 LaTeX kernel commands for general use (HO)
)
\Gread@gobject=\count105
))
\Gin@req@height=\dimen127
\Gin@req@width=\dimen128
)
(/usr/share/texmf/tex/latex/pgf/systemlayer/pgfsys.sty
(/usr/share/texmf/tex/latex/pgf/utilities/pgfrcs.sty
(/usr/share/texmf/tex/generic/pgf/utilities/pgfutil-common.tex
\pgfutil@everybye=\toks16
)
(/usr/share/texmf/tex/generic/pgf/utilities/pgfutil-latex.def
\pgfutil@abb=\box34

(/usr/share/texlive/texmf-dist/tex/latex/ms/everyshi.sty
Package: everyshi 2001/05/15 v3.00 EveryShipout Package (MS)
))
(/usr/share/texmf/tex/generic/pgf/utilities/pgfrcs.code.tex
Package: pgfrcs 2010/10/25 v2.10 (rcs-revision 1.24)
))
(/usr/share/texmf/tex/generic/pgf/systemlayer/pgfsys.code.tex
Package: pgfsys 2010/06/30 v2.10 (rcs-revision 1.37)

(/usr/share/texmf/tex/generic/pgf/utilities/pgfkeys.code.tex
\pgfkeys@pathtoks=\toks17
\pgfkeys@temptoks=\toks18

(/usr/share/texmf/tex/generic/pgf/utilities/pgfkeysfiltered.code.tex
\pgfkeys@tmptoks=\toks19
))
\pgf@x=\dimen129
\pgf@y=\dimen130
\pgf@xa=\dimen131
\pgf@ya=\dimen132
\pgf@xb=\dimen133
\pgf@yb=\dimen134
\pgf@xc=\dimen135
\pgf@yc=\dimen136
\w@pgf@writea=\write3
\r@pgf@reada=\read1
\c@pgf@counta=\count106
\c@pgf@countb=\count107
\c@pgf@countc=\count108
\c@pgf@countd=\count109

(/usr/share/texmf/tex/generic/pgf/systemlayer/pgf.cfg
File: pgf.cfg 2008/05/14  (rcs-revision 1.7)
)
Package pgfsys Info: Driver file for pgf: pgfsys-pdftex.def on input line 900.

(/usr/share/texmf/tex/generic/pgf/systemlayer/pgfsys-pdftex.def
File: pgfsys-pdftex.def 2009/05/22  (rcs-revision 1.26)

(/usr/share/texmf/tex/generic/pgf/systemlayer/pgfsys-common-pdf.def
File: pgfsys-common-pdf.def 2008/05/19  (rcs-revision 1.10)
)))
(/usr/share/texmf/tex/generic/pgf/systemlayer/pgfsyssoftpath.code.tex
File: pgfsyssoftpath.code.tex 2008/07/18  (rcs-revision 1.7)
\pgfsyssoftpath@smallbuffer@items=\count110
\pgfsyssoftpath@bigbuffer@items=\count111
)
(/usr/share/texmf/tex/generic/pgf/systemlayer/pgfsysprotocol.code.tex
File: pgfsysprotocol.code.tex 2006/10/16  (rcs-revision 1.4)
))
(/usr/share/texmf/tex/latex/xcolor/xcolor.sty
Package: xcolor 2007/01/21 v2.11 LaTeX color extensions (UK)

(/usr/share/texlive/texmf-dist/tex/latex/latexconfig/color.cfg
File: color.cfg 2007/01/18 v1.5 color configuration of teTeX/TeXLive
)
Package xcolor Info: Driver file: pdftex.def on input line 225.
Package xcolor Info: Model `cmy' substituted by `cmy0' on input line 1337.
Package xcolor Info: Model `hsb' substituted by `rgb' on input line 1341.
Package xcolor Info: Model `RGB' extended on input line 1353.
Package xcolor Info: Model `HTML' substituted by `rgb' on input line 1355.
Package xcolor Info: Model `Hsb' substituted by `hsb' on input line 1356.
Package xcolor Info: Model `tHsb' substituted by `hsb' on input line 1357.
Package xcolor Info: Model `HSB' substituted by `hsb' on input line 1358.
Package xcolor Info: Model `Gray' substituted by `gray' on input line 1359.
Package xcolor Info: Model `wave' substituted by `hsb' on input line 1360.

(/usr/share/texlive/texmf-dist/tex/latex/graphics/dvipsnam.def
File: dvipsnam.def 1999/02/16 v3.0i Driver-dependant file (DPC,SPQR)
))
(/usr/share/texmf/tex/generic/pgf/basiclayer/pgfcore.code.tex
Package: pgfcore 2010/04/11 v2.10 (rcs-revision 1.7)

(/usr/share/texmf/tex/generic/pgf/math/pgfmath.code.tex
(/usr/share/texmf/tex/generic/pgf/math/pgfmathcalc.code.tex
(/usr/share/texmf/tex/generic/pgf/math/pgfmathutil.code.tex)
(/usr/share/texmf/tex/generic/pgf/math/pgfmathparser.code.tex
\pgfmath@dimen=\dimen137
\pgfmath@count=\count112
\pgfmath@box=\box35
\pgfmath@toks=\toks20
\pgfmath@stack@operand=\toks21
\pgfmath@stack@operation=\toks22
)
(/usr/share/texmf/tex/generic/pgf/math/pgfmathfunctions.code.tex
(/usr/share/texmf/tex/generic/pgf/math/pgfmathfunctions.basic.code.tex)
(/usr/share/texmf/tex/generic/pgf/math/pgfmathfunctions.trigonometric.code.tex)
(/usr/share/texmf/tex/generic/pgf/math/pgfmathfunctions.random.code.tex)
(/usr/share/texmf/tex/generic/pgf/math/pgfmathfunctions.comparison.code.tex)
(/usr/share/texmf/tex/generic/pgf/math/pgfmathfunctions.base.code.tex)
(/usr/share/texmf/tex/generic/pgf/math/pgfmathfunctions.round.code.tex)
(/usr/share/texmf/tex/generic/pgf/math/pgfmathfunctions.misc.code.tex)))
(/usr/share/texmf/tex/generic/pgf/math/pgfmathfloat.code.tex
\c@pgfmathroundto@lastzeros=\count113
))
(/usr/share/texmf/tex/generic/pgf/basiclayer/pgfcorepoints.code.tex
File: pgfcorepoints.code.tex 2010/04/09  (rcs-revision 1.20)
\pgf@picminx=\dimen138
\pgf@picmaxx=\dimen139
\pgf@picminy=\dimen140
\pgf@picmaxy=\dimen141
\pgf@pathminx=\dimen142
\pgf@pathmaxx=\dimen143
\pgf@pathminy=\dimen144
\pgf@pathmaxy=\dimen145
\pgf@xx=\dimen146
\pgf@xy=\dimen147
\pgf@yx=\dimen148
\pgf@yy=\dimen149
\pgf@zx=\dimen150
\pgf@zy=\dimen151
)
(/usr/share/texmf/tex/generic/pgf/basiclayer/pgfcorepathconstruct.code.tex
File: pgfcorepathconstruct.code.tex 2010/08/03  (rcs-revision 1.24)
\pgf@path@lastx=\dimen152
\pgf@path@lasty=\dimen153
)
(/usr/share/texmf/tex/generic/pgf/basiclayer/pgfcorepathusage.code.tex
File: pgfcorepathusage.code.tex 2008/04/22  (rcs-revision 1.12)
\pgf@shorten@end@additional=\dimen154
\pgf@shorten@start@additional=\dimen155
)
(/usr/share/texmf/tex/generic/pgf/basiclayer/pgfcorescopes.code.tex
File: pgfcorescopes.code.tex 2010/09/08  (rcs-revision 1.34)
\pgfpic=\box36
\pgf@hbox=\box37
\pgf@layerbox@main=\box38
\pgf@picture@serial@count=\count114
)
(/usr/share/texmf/tex/generic/pgf/basiclayer/pgfcoregraphicstate.code.tex
File: pgfcoregraphicstate.code.tex 2008/04/22  (rcs-revision 1.9)
\pgflinewidth=\dimen156
)
(/usr/share/texmf/tex/generic/pgf/basiclayer/pgfcoretransformations.code.tex
File: pgfcoretransformations.code.tex 2009/06/10  (rcs-revision 1.11)
\pgf@pt@x=\dimen157
\pgf@pt@y=\dimen158
\pgf@pt@temp=\dimen159
)
(/usr/share/texmf/tex/generic/pgf/basiclayer/pgfcorequick.code.tex
File: pgfcorequick.code.tex 2008/10/09  (rcs-revision 1.3)
)
(/usr/share/texmf/tex/generic/pgf/basiclayer/pgfcoreobjects.code.tex
File: pgfcoreobjects.code.tex 2006/10/11  (rcs-revision 1.2)
)
(/usr/share/texmf/tex/generic/pgf/basiclayer/pgfcorepathprocessing.code.tex
File: pgfcorepathprocessing.code.tex 2008/10/09  (rcs-revision 1.8)
)
(/usr/share/texmf/tex/generic/pgf/basiclayer/pgfcorearrows.code.tex
File: pgfcorearrows.code.tex 2008/04/23  (rcs-revision 1.11)
)
(/usr/share/texmf/tex/generic/pgf/basiclayer/pgfcoreshade.code.tex
File: pgfcoreshade.code.tex 2008/11/23  (rcs-revision 1.13)
\pgf@max=\dimen160
\pgf@sys@shading@range@num=\count115
)
(/usr/share/texmf/tex/generic/pgf/basiclayer/pgfcoreimage.code.tex
File: pgfcoreimage.code.tex 2010/03/25  (rcs-revision 1.16)

(/usr/share/texmf/tex/generic/pgf/basiclayer/pgfcoreexternal.code.tex
File: pgfcoreexternal.code.tex 2010/09/01  (rcs-revision 1.17)
\pgfexternal@startupbox=\box39
))
(/usr/share/texmf/tex/generic/pgf/basiclayer/pgfcorelayers.code.tex
File: pgfcorelayers.code.tex 2010/08/27  (rcs-revision 1.2)
)
(/usr/share/texmf/tex/generic/pgf/basiclayer/pgfcoretransparency.code.tex
File: pgfcoretransparency.code.tex 2008/01/17  (rcs-revision 1.2)
)
(/usr/share/texmf/tex/generic/pgf/basiclayer/pgfcorepatterns.code.tex
File: pgfcorepatterns.code.tex 2009/07/02  (rcs-revision 1.3)
)))
(/usr/share/texmf/tex/latex/pgf/utilities/xxcolor.sty
Package: xxcolor 2003/10/24 ver 0.1
\XC@nummixins=\count116
\XC@countmixins=\count117
)
(/usr/share/texlive/texmf-dist/tex/latex/hyperref/hyperref.sty
Package: hyperref 2012/05/13 v6.82q Hypertext links for LaTeX

(/usr/share/texlive/texmf-dist/tex/generic/oberdiek/hobsub-hyperref.sty
Package: hobsub-hyperref 2012/05/28 v1.13 Bundle oberdiek, subset hyperref (HO)


(/usr/share/texlive/texmf-dist/tex/generic/oberdiek/hobsub-generic.sty
Package: hobsub-generic 2012/05/28 v1.13 Bundle oberdiek, subset generic (HO)
Package: hobsub 2012/05/28 v1.13 Construct package bundles (HO)
Package hobsub Info: Skipping package `infwarerr' (already loaded).
Package hobsub Info: Skipping package `ltxcmds' (already loaded).
Package: ifluatex 2010/03/01 v1.3 Provides the ifluatex switch (HO)
Package ifluatex Info: LuaTeX not detected.
Package hobsub Info: Skipping package `ifvtex' (already loaded).
Package: intcalc 2007/09/27 v1.1 Expandable calculations with integers (HO)
Package hobsub Info: Skipping package `ifpdf' (already loaded).
Package: etexcmds 2011/02/16 v1.5 Avoid name clashes with e-TeX commands (HO)
Package etexcmds Info: Could not find \expanded.
(etexcmds)             That can mean that you are not using pdfTeX 1.50 or
(etexcmds)             that some package has redefined \expanded.
(etexcmds)             In the latter case, load this package earlier.
Package: kvsetkeys 2012/04/25 v1.16 Key value parser (HO)
Package: kvdefinekeys 2011/04/07 v1.3 Define keys (HO)
Package: pdftexcmds 2011/11/29 v0.20 Utility functions of pdfTeX for LuaTeX (HO
)
Package pdftexcmds Info: LuaTeX not detected.
Package pdftexcmds Info: \pdf@primitive is available.
Package pdftexcmds Info: \pdf@ifprimitive is available.
Package pdftexcmds Info: \pdfdraftmode found.
Package: pdfescape 2011/11/25 v1.13 Implements pdfTeX's escape features (HO)
Package: bigintcalc 2012/04/08 v1.3 Expandable calculations on big integers (HO
)
Package: bitset 2011/01/30 v1.1 Handle bit-vector datatype (HO)
Package: uniquecounter 2011/01/30 v1.2 Provide unlimited unique counter (HO)
)
Package hobsub Info: Skipping package `hobsub' (already loaded).
Package: letltxmacro 2010/09/02 v1.4 Let assignment for LaTeX macros (HO)
Package: hopatch 2012/05/28 v1.2 Wrapper for package hooks (HO)
Package: xcolor-patch 2011/01/30 xcolor patch
Package: atveryend 2011/06/30 v1.8 Hooks at the very end of document (HO)
Package atveryend Info: \enddocument detected (standard20110627).
Package: atbegshi 2011/10/05 v1.16 At begin shipout hook (HO)
Package: refcount 2011/10/16 v3.4 Data extraction from label references (HO)
Package: hycolor 2011/01/30 v1.7 Color options for hyperref/bookmark (HO)
)
(/usr/share/texlive/texmf-dist/tex/latex/oberdiek/kvoptions.sty
Package: kvoptions 2011/06/30 v3.11 Key value format for package options (HO)
)
\@linkdim=\dimen161
\Hy@linkcounter=\count118
\Hy@pagecounter=\count119

(/usr/share/texlive/texmf-dist/tex/latex/hyperref/pd1enc.def
File: pd1enc.def 2012/05/13 v6.82q Hyperref: PDFDocEncoding definition (HO)
)
\Hy@SavedSpaceFactor=\count120

(/usr/share/texlive/texmf-dist/tex/latex/latexconfig/hyperref.cfg
File: hyperref.cfg 2002/06/06 v1.2 hyperref configuration of TeXLive
)
Package hyperref Info: Option `bookmarks' set `true' on input line 3941.
Package hyperref Info: Option `bookmarksopen' set `true' on input line 3941.
Package hyperref Info: Option `implicit' set `false' on input line 3941.
Package hyperref Info: Hyper figures OFF on input line 4062.
Package hyperref Info: Link nesting OFF on input line 4067.
Package hyperref Info: Hyper index ON on input line 4070.
Package hyperref Info: Plain pages OFF on input line 4077.
Package hyperref Info: Backreferencing OFF on input line 4082.
Package hyperref Info: Implicit mode OFF; no redefinition of LaTeX internals.
Package hyperref Info: Bookmarks ON on input line 4300.
\c@Hy@tempcnt=\count121

(/usr/share/texlive/texmf-dist/tex/latex/url/url.sty
\Urlmuskip=\muskip10
Package: url 2006/04/12  ver 3.3  Verb mode for urls, etc.
)
LaTeX Info: Redefining \url on input line 4653.
\Fld@menulength=\count122
\Field@Width=\dimen162
\Fld@charsize=\dimen163
Package hyperref Info: Hyper figures OFF on input line 5773.
Package hyperref Info: Link nesting OFF on input line 5778.
Package hyperref Info: Hyper index ON on input line 5781.
Package hyperref Info: backreferencing OFF on input line 5788.
Package hyperref Info: Link coloring OFF on input line 5793.
Package hyperref Info: Link coloring with OCG OFF on input line 5798.
Package hyperref Info: PDF/A mode OFF on input line 5803.
LaTeX Info: Redefining \ref on input line 5843.
LaTeX Info: Redefining \pageref on input line 5847.
\Hy@abspage=\count123


Package hyperref Message: Stopped early.

)

Package hyperref Message: Driver (autodetected): hpdftex.

(/usr/share/texlive/texmf-dist/tex/latex/hyperref/hpdftex.def
File: hpdftex.def 2012/05/13 v6.82q Hyperref driver for pdfTeX
\Fld@listcount=\count124
\c@bookmark@seq@number=\count125

(/usr/share/texlive/texmf-dist/tex/latex/oberdiek/rerunfilecheck.sty
Package: rerunfilecheck 2011/04/15 v1.7 Rerun checks for auxiliary files (HO)
Package uniquecounter Info: New unique counter `rerunfilecheck' on input line 2
82.
))
(/usr/share/texmf/tex/latex/beamer/base/beamerbaserequires.sty
Package: beamerbaserequires 2010/05/01  (rcs-revision efa082c6111d)

(/usr/share/texmf/tex/latex/beamer/base/beamerbasecompatibility.sty
Package: beamerbasecompatibility 2010/07/12  (rcs-revision 6648c3177e4e)
)
(/usr/share/texmf/tex/latex/beamer/base/beamerbasefont.sty
Package: beamerbasefont 2010/05/10  (rcs-revision cd36e8a33c6b)

(/usr/share/texlive/texmf-dist/tex/latex/amsfonts/amssymb.sty
Package: amssymb 2009/06/22 v3.00

(/usr/share/texlive/texmf-dist/tex/latex/amsfonts/amsfonts.sty
Package: amsfonts 2009/06/22 v3.00 Basic AMSFonts support
\@emptytoks=\toks23
\symAMSa=\mathgroup4
\symAMSb=\mathgroup5
LaTeX Font Info:    Overwriting math alphabet `\mathfrak' in version `bold'
(Font)                  U/euf/m/n --> U/euf/b/n on input line 96.
)))
(/usr/share/texmf/tex/latex/beamer/base/beamerbasetranslator.sty
Package: beamerbasetranslator 2010/06/11  (rcs-revision 85fd1cc7fc42)

(/usr/share/texmf/tex/latex/beamer/base/translator/translator.sty
Package: translator 2010/06/12 ver 1.10

(/usr/share/texmf/tex/latex/beamer/base/translator/translator-language-mappings
.tex))) (/usr/share/texmf/tex/latex/beamer/base/beamerbasemisc.sty
Package: beamerbasemisc 2010/06/06  (rcs-revision bff0a9294b45)
)
(/usr/share/texmf/tex/latex/beamer/base/beamerbasetwoscreens.sty
Package: beamerbasetwoscreens 2010/05/01  (rcs-revision efa082c6111d)
)
(/usr/share/texmf/tex/latex/beamer/base/beamerbaseoverlay.sty
Package: beamerbaseoverlay 2010/05/07  (rcs-revision 5584dad462a9)
\beamer@argscount=\count126
\beamer@lastskipcover=\skip44
\beamer@trivlistdepth=\count127
)
(/usr/share/texmf/tex/latex/beamer/base/beamerbasetitle.sty
Package: beamerbasetitle 2010/06/12  (rcs-revision 717e481ca47a)
)
(/usr/share/texmf/tex/latex/beamer/base/beamerbasesection.sty
Package: beamerbasesection 2010/06/17  (rcs-revision e0d9401bb743)
\c@lecture=\count128
\c@part=\count129
\c@section=\count130
\c@subsection=\count131
\c@subsubsection=\count132
)
(/usr/share/texmf/tex/latex/beamer/base/beamerbaseframe.sty
Package: beamerbaseframe 2010/06/06  (rcs-revision bff0a9294b45)
\beamer@framebox=\box40
\beamer@frametitlebox=\box41
\beamer@zoombox=\box42
\beamer@zoomcount=\count133
\beamer@zoomframecount=\count134
\beamer@frametextheight=\dimen164
\c@subsectionslide=\count135
\beamer@frametopskip=\skip45
\beamer@framebottomskip=\skip46
\beamer@frametopskipautobreak=\skip47
\beamer@framebottomskipautobreak=\skip48
\beamer@envbody=\toks24
\c@framenumber=\count136
)
(/usr/share/texmf/tex/latex/beamer/base/beamerbaseverbatim.sty
Package: beamerbaseverbatim 2010/05/01  (rcs-revision efa082c6111d)
\beamer@verbatimfileout=\write4
)
(/usr/share/texmf/tex/latex/beamer/base/beamerbaseframesize.sty
Package: beamerbaseframesize 2010/06/27  (rcs-revision 6baa2d92e6f1)
\beamer@splitbox=\box43
\beamer@autobreakcount=\count137
\beamer@autobreaklastheight=\dimen165
\beamer@frametitletoks=\toks25
\beamer@framesubtitletoks=\toks26
)
(/usr/share/texmf/tex/latex/beamer/base/beamerbaseframecomponents.sty
Package: beamerbaseframecomponents 2010/07/12  (rcs-revision 09e82992d9b1)
\beamer@footins=\box44
)
(/usr/share/texmf/tex/latex/beamer/base/beamerbasecolor.sty
Package: beamerbasecolor 2010/06/06  (rcs-revision d1a9b48be06d)
)
(/usr/share/texmf/tex/latex/beamer/base/beamerbasenotes.sty
Package: beamerbasenotes 2010/05/01  (rcs-revision efa082c6111d)
\beamer@frameboxcopy=\box45
)
(/usr/share/texmf/tex/latex/beamer/base/beamerbasetoc.sty
Package: beamerbasetoc 2010/06/11  (rcs-revision 242ecaa6783b)
)
(/usr/share/texmf/tex/latex/beamer/base/beamerbasetemplates.sty
Package: beamerbasetemplates 2010/05/01  (rcs-revision efa082c6111d)
\beamer@sbttoks=\toks27

(/usr/share/texmf/tex/latex/beamer/base/beamerbaseauxtemplates.sty
Package: beamerbaseauxtemplates 2010/05/01  (rcs-revision efa082c6111d)

(/usr/share/texmf/tex/latex/beamer/base/beamerbaseboxes.sty
Package: beamerbaseboxes 2010/05/01  (rcs-revision efa082c6111d)
\bmb@box=\box46
\bmb@colorbox=\box47
\bmb@boxshadow=\box48
\bmb@boxshadowball=\box49
\bmb@boxshadowballlarge=\box50
\bmb@temp=\dimen166
\bmb@dima=\dimen167
\bmb@dimb=\dimen168
\bmb@prevheight=\dimen169
)
\beamer@blockheadheight=\dimen170
))
(/usr/share/texmf/tex/latex/beamer/base/beamerbaselocalstructure.sty
Package: beamerbaselocalstructure 2010/06/01  (rcs-revision 81f9e33f7cc2)

(/usr/share/texlive/texmf-dist/tex/latex/tools/enumerate.sty
Package: enumerate 1999/03/05 v3.00 enumerate extensions (DPC)
\@enLab=\toks28
)
\c@figure=\count138
\c@table=\count139
\abovecaptionskip=\skip49
\belowcaptionskip=\skip50
)
(/usr/share/texmf/tex/latex/beamer/base/beamerbasenavigation.sty
Package: beamerbasenavigation 2010/05/01  (rcs-revision efa082c6111d)
)
(/usr/share/texmf/tex/latex/beamer/base/beamerbasetheorems.sty
Package: beamerbasetheorems 2010/06/06  (rcs-revision 7e7cc5e53e9d)

(/usr/share/texlive/texmf-dist/tex/latex/amsmath/amsmath.sty
Package: amsmath 2000/07/18 v2.13 AMS math features
\@mathmargin=\skip51

For additional information on amsmath, use the `?' option.
(/usr/share/texlive/texmf-dist/tex/latex/amsmath/amstext.sty
Package: amstext 2000/06/29 v2.01

(/usr/share/texlive/texmf-dist/tex/latex/amsmath/amsgen.sty
File: amsgen.sty 1999/11/30 v2.0
\@emptytoks=\toks29
\ex@=\dimen171
))
(/usr/share/texlive/texmf-dist/tex/latex/amsmath/amsbsy.sty
Package: amsbsy 1999/11/29 v1.2d
\pmbraise@=\dimen172
)
(/usr/share/texlive/texmf-dist/tex/latex/amsmath/amsopn.sty
Package: amsopn 1999/12/14 v2.01 operator names
)
\inf@bad=\count140
LaTeX Info: Redefining \frac on input line 211.
\uproot@=\count141
\leftroot@=\count142
LaTeX Info: Redefining \overline on input line 307.
\classnum@=\count143
\DOTSCASE@=\count144
LaTeX Info: Redefining \ldots on input line 379.
LaTeX Info: Redefining \dots on input line 382.
LaTeX Info: Redefining \cdots on input line 467.
\Mathstrutbox@=\box51
\strutbox@=\box52
\big@size=\dimen173
LaTeX Font Info:    Redeclaring font encoding OML on input line 567.
LaTeX Font Info:    Redeclaring font encoding OMS on input line 568.
\macc@depth=\count145
\c@MaxMatrixCols=\count146
\dotsspace@=\muskip11
\c@parentequation=\count147
\dspbrk@lvl=\count148
\tag@help=\toks30
\row@=\count149
\column@=\count150
\maxfields@=\count151
\andhelp@=\toks31
\eqnshift@=\dimen174
\alignsep@=\dimen175
\tagshift@=\dimen176
\tagwidth@=\dimen177
\totwidth@=\dimen178
\lineht@=\dimen179
\@envbody=\toks32
\multlinegap=\skip52
\multlinetaggap=\skip53
\mathdisplay@stack=\toks33
LaTeX Info: Redefining \[ on input line 2666.
LaTeX Info: Redefining \] on input line 2667.
)
(/usr/share/texlive/texmf-dist/tex/latex/amscls/amsthm.sty
Package: amsthm 2009/07/02 v2.20.1
\thm@style=\toks34
\thm@bodyfont=\toks35
\thm@headfont=\toks36
\thm@notefont=\toks37
\thm@headpunct=\toks38
\thm@preskip=\skip54
\thm@postskip=\skip55
\thm@headsep=\skip56
\dth@everypar=\toks39
)
\c@theorem=\count152
)
(/usr/share/texmf/tex/latex/beamer/base/beamerbasethemes.sty
Package: beamerbasethemes 2010/05/01  (rcs-revision efa082c6111d)
))
(/usr/share/texmf/tex/latex/beamer/base/themes/theme/beamerthemedefault.sty
Package: beamerthemedefault 2010/06/17  (rcs-revision d02a7cf4d8ae)

(/usr/share/texmf/tex/latex/beamer/base/themes/font/beamerfontthemedefault.sty
Package: beamerfontthemedefault 2010/06/17  (rcs-revision d02a7cf4d8ae)
)
(/usr/share/texmf/tex/latex/beamer/base/themes/color/beamercolorthemedefault.st
y
Package: beamercolorthemedefault 2010/06/17  (rcs-revision d02a7cf4d8ae)
)
(/usr/share/texmf/tex/latex/beamer/base/themes/inner/beamerinnerthemedefault.st
y
Package: beamerinnerthemedefault 2010/06/17  (rcs-revision d02a7cf4d8ae)
\beamer@dima=\dimen180
\beamer@dimb=\dimen181
)
(/usr/share/texmf/tex/latex/beamer/base/themes/outer/beamerouterthemedefault.st
y
Package: beamerouterthemedefault 2010/06/17  (rcs-revision d02a7cf4d8ae)
))) (/usr/share/texlive/texmf-dist/tex/generic/babel/babel.sty
Package: babel 2008/07/08 v3.8m The Babel package

(/usr/share/texlive/texmf-dist/tex/generic/babel/english.ldf
Language: english 2005/03/30 v3.3o English support from the babel system

(/usr/share/texlive/texmf-dist/tex/generic/babel/babel.def
File: babel.def 2008/07/08 v3.8m Babel common definitions
LaTeX Info: Redefining \textlatin on input line 82.
\babel@savecnt=\count153
\U@D=\dimen182
)
\l@british = a dialect from \language\l@english 
\l@UKenglish = a dialect from \language\l@english 
\l@canadian = a dialect from \language\l@american 
\l@australian = a dialect from \language\l@british 
\l@newzealand = a dialect from \language\l@british 
))
(/usr/share/texlive/texmf-dist/tex/latex/base/inputenc.sty
Package: inputenc 2008/03/30 v1.1d Input encoding file
\inpenc@prehook=\toks40
\inpenc@posthook=\toks41

(/usr/share/texlive/texmf-dist/tex/latex/base/latin1.def
File: latin1.def 2008/03/30 v1.1d Input encoding file
))
(/usr/share/texlive/texmf-dist/tex/latex/psnfss/times.sty
Package: times 2005/04/12 PSNFSS-v9.2a (SPQR) 
)
(/usr/share/texlive/texmf-dist/tex/latex/base/fontenc.sty
Package: fontenc 2005/09/27 v1.99g Standard LaTeX package

(/usr/share/texlive/texmf-dist/tex/latex/base/t1enc.def
File: t1enc.def 2005/09/27 v1.99g Standard LaTeX file
LaTeX Font Info:    Redeclaring font encoding T1 on input line 43.
))
(/usr/share/texlive/texmf-dist/tex/latex/textpos/textpos.sty
Package: textpos 2012/06/01 v1.7h

Package: textpos 2012/06/01 1.7h, absolute positioning of text on the page
\TP@textbox=\box53
\TP@holdbox=\box54
\TPHorizModule=\dimen183
\TPVertModule=\dimen184
\TP@margin=\dimen185
\TP@absmargin=\dimen186
Grid set 16 x 16 = 22.7622pt x 17.07166pt
\TPboxrulesize=\dimen187
\TP@ox=\dimen188
\TP@oy=\dimen189
\TP@tbargs=\toks42
\TP@prevdepth=\dimen190
TextBlockOrigin set to 0pt x 0pt
) (/usr/share/texmf/tex/latex/pgf/frontendlayer/tikz.sty
(/usr/share/texmf/tex/latex/pgf/basiclayer/pgf.sty
Package: pgf 2008/01/15 v2.10 (rcs-revision 1.12)

(/usr/share/texmf/tex/generic/pgf/modules/pgfmoduleshapes.code.tex
File: pgfmoduleshapes.code.tex 2010/09/09  (rcs-revision 1.13)
\pgfnodeparttextbox=\box55
)
(/usr/share/texmf/tex/generic/pgf/modules/pgfmoduleplot.code.tex
File: pgfmoduleplot.code.tex 2010/10/22  (rcs-revision 1.8)
)
(/usr/share/texmf/tex/latex/pgf/compatibility/pgfcomp-version-0-65.sty
Package: pgfcomp-version-0-65 2007/07/03 v2.10 (rcs-revision 1.7)
\pgf@nodesepstart=\dimen191
\pgf@nodesepend=\dimen192
)
(/usr/share/texmf/tex/latex/pgf/compatibility/pgfcomp-version-1-18.sty
Package: pgfcomp-version-1-18 2007/07/23 v2.10 (rcs-revision 1.1)
))
(/usr/share/texmf/tex/latex/pgf/utilities/pgffor.sty
(/usr/share/texmf/tex/latex/pgf/utilities/pgfkeys.sty
(/usr/share/texmf/tex/generic/pgf/utilities/pgfkeys.code.tex))
(/usr/share/texmf/tex/generic/pgf/utilities/pgffor.code.tex
Package: pgffor 2010/03/23 v2.10 (rcs-revision 1.18)
\pgffor@iter=\dimen193
\pgffor@skip=\dimen194
\pgffor@stack=\toks43
\pgffor@toks=\toks44
))
(/usr/share/texmf/tex/generic/pgf/frontendlayer/tikz/tikz.code.tex
Package: tikz 2010/10/13 v2.10 (rcs-revision 1.76)

(/usr/share/texmf/tex/generic/pgf/libraries/pgflibraryplothandlers.code.tex
File: pgflibraryplothandlers.code.tex 2010/05/31 v2.10 (rcs-revision 1.15)
\pgf@plot@mark@count=\count154
\pgfplotmarksize=\dimen195
)
\tikz@lastx=\dimen196
\tikz@lasty=\dimen197
\tikz@lastxsaved=\dimen198
\tikz@lastysaved=\dimen199
\tikzleveldistance=\dimen200
\tikzsiblingdistance=\dimen201
\tikz@figbox=\box56
\tikz@tempbox=\box57
\tikztreelevel=\count155
\tikznumberofchildren=\count156
\tikznumberofcurrentchild=\count157
\tikz@fig@count=\count158

(/usr/share/texmf/tex/generic/pgf/modules/pgfmodulematrix.code.tex
File: pgfmodulematrix.code.tex 2010/08/24  (rcs-revision 1.4)
\pgfmatrixcurrentrow=\count159
\pgfmatrixcurrentcolumn=\count160
\pgf@matrix@numberofcolumns=\count161
)
\tikz@expandcount=\count162

(/usr/share/texmf/tex/generic/pgf/frontendlayer/tikz/libraries/tikzlibrarytopat
hs.code.tex
File: tikzlibrarytopaths.code.tex 2008/06/17 v2.10 (rcs-revision 1.2)
)))
(/usr/share/texmf/tex/latex/beamer/base/multimedia/multimedia.sty
Package: multimedia 2004/04/10 ver 0.01
\mm@movie=\count163
)
(/usr/share/texlive/texmf-dist/tex/latex/soul/soul.sty
Package: soul 2003/11/17 v2.4 letterspacing/underlining (mf)
\SOUL@word=\toks45
\SOUL@lasttoken=\toks46
\SOUL@cmds=\toks47
\SOUL@buffer=\toks48
\SOUL@token=\toks49
\SOUL@spaceskip=\skip57
\SOUL@ttwidth=\dimen202
\SOUL@uldp=\dimen203
\SOUL@ulht=\dimen204
)
(/usr/share/texlive/texmf-dist/tex/latex/wasysym/wasysym.sty
Package: wasysym 2003/10/30 v2.0 Wasy-2 symbol support package
\symwasy=\mathgroup6
LaTeX Font Info:    Overwriting symbol font `wasy' in version `bold'
(Font)                  U/wasy/m/n --> U/wasy/b/n on input line 90.
)
(/usr/share/texlive/texmf-dist/tex/latex/cancel/cancel.sty
Package: cancel 2000/03/12 v2.1 Cancel math terms
)
(/usr/share/texmf/tex/latex/beamer/base/themes/theme/beamerthemeWarsaw.sty
Package: beamerthemeWarsaw 2010/06/17  (rcs-revision d02a7cf4d8ae)

(/usr/share/texmf/tex/latex/beamer/base/themes/inner/beamerinnerthemerounded.st
y
Package: beamerinnerthemerounded 2010/06/17  (rcs-revision d02a7cf4d8ae)
)
(/usr/share/texmf/tex/latex/beamer/base/themes/outer/beamerouterthemeshadow.sty
Package: beamerouterthemeshadow 2010/06/17  (rcs-revision d02a7cf4d8ae)
(/usr/share/texmf/tex/latex/beamer/base/themes/outer/beamerouterthemesplit.sty
Package: beamerouterthemesplit 2010/06/17  (rcs-revision d02a7cf4d8ae)
))
(/usr/share/texmf/tex/latex/beamer/base/themes/color/beamercolorthemeorchid.sty
Package: beamercolorthemeorchid 2010/06/17  (rcs-revision d02a7cf4d8ae)
)
(/usr/share/texmf/tex/latex/beamer/base/themes/color/beamercolorthemewhale.sty
Package: beamercolorthemewhale 2010/06/17  (rcs-revision d02a7cf4d8ae)
))
(/usr/share/texmf/tex/latex/beamer/base/themes/color/beamercolorthemestructure.
sty
Package: beamercolorthemestructure 2010/06/17  (rcs-revision d02a7cf4d8ae)
) (./PS_Madrid.aux)
\openout1 = `PS_Madrid.aux'.

LaTeX Font Info:    Checking defaults for OML/cmm/m/it on input line 118.
LaTeX Font Info:    ... okay on input line 118.
LaTeX Font Info:    Checking defaults for T1/cmr/m/n on input line 118.
LaTeX Font Info:    ... okay on input line 118.
LaTeX Font Info:    Checking defaults for OT1/cmr/m/n on input line 118.
LaTeX Font Info:    ... okay on input line 118.
LaTeX Font Info:    Checking defaults for OMS/cmsy/m/n on input line 118.
LaTeX Font Info:    ... okay on input line 118.
LaTeX Font Info:    Checking defaults for OMX/cmex/m/n on input line 118.
LaTeX Font Info:    ... okay on input line 118.
LaTeX Font Info:    Checking defaults for U/cmr/m/n on input line 118.
LaTeX Font Info:    ... okay on input line 118.
LaTeX Font Info:    Checking defaults for PD1/pdf/m/n on input line 118.
LaTeX Font Info:    ... okay on input line 118.
LaTeX Font Info:    Try loading font information for T1+phv on input line 118.
 (/usr/share/texlive/texmf-dist/tex/latex/psnfss/t1phv.fd
File: t1phv.fd 2001/06/04 scalable font definitions for T1/phv.
)
*geometry* driver: auto-detecting
*geometry* detected driver: pdftex
*geometry* verbose mode - [ preamble ] result:
* driver: pdftex
* paper: custom
* layout: <same size as paper>
* layoutoffset:(h,v)=(0.0pt,0.0pt)
* modes: includehead includefoot 
* h-part:(L,W,R)=(28.45274pt, 307.28987pt, 28.45274pt)
* v-part:(T,H,B)=(0.0pt, 273.14662pt, 0.0pt)
* \paperwidth=364.19536pt
* \paperheight=273.14662pt
* \textwidth=307.28987pt
* \textheight=244.6939pt
* \oddsidemargin=-43.81725pt
* \evensidemargin=-43.81725pt
* \topmargin=-72.26999pt
* \headheight=14.22636pt
* \headsep=0.0pt
* \topskip=11.0pt
* \footskip=14.22636pt
* \marginparwidth=4.0pt
* \marginparsep=10.0pt
* \columnsep=10.0pt
* \skip\footins=10.0pt plus 4.0pt minus 2.0pt
* \hoffset=0.0pt
* \voffset=0.0pt
* \mag=1000
* \@twocolumnfalse
* \@twosidefalse
* \@mparswitchfalse
* \@reversemarginfalse
* (1in=72.27pt=25.4mm, 1cm=28.453pt)

(/usr/share/texlive/texmf-dist/tex/context/base/supp-pdf.mkii
[Loading MPS to PDF converter (version 2006.09.02).]
\scratchcounter=\count164
\scratchdimen=\dimen205
\scratchbox=\box58
\nofMPsegments=\count165
\nofMParguments=\count166
\everyMPshowfont=\toks50
\MPscratchCnt=\count167
\MPscratchDim=\dimen206
\MPnumerator=\count168
\makeMPintoPDFobject=\count169
\everyMPtoPDFconversion=\toks51
) (/usr/share/texlive/texmf-dist/tex/latex/oberdiek/epstopdf-base.sty
Package: epstopdf-base 2010/02/09 v2.5 Base part for package epstopdf

(/usr/share/texlive/texmf-dist/tex/latex/oberdiek/grfext.sty
Package: grfext 2010/08/19 v1.1 Manage graphics extensions (HO)
)
Package grfext Info: Graphics extension search list:
(grfext)             [.png,.pdf,.jpg,.mps,.jpeg,.jbig2,.jb2,.PNG,.PDF,.JPG,.JPE
G,.JBIG2,.JB2,.eps]
(grfext)             \AppendGraphicsExtensions on input line 452.

(/usr/share/texlive/texmf-dist/tex/latex/latexconfig/epstopdf-sys.cfg
File: epstopdf-sys.cfg 2010/07/13 v1.3 Configuration of (r)epstopdf for TeX Liv
e
))
ABD: EveryShipout initializing macros
\AtBeginShipoutBox=\box59
Package hyperref Info: Link coloring OFF on input line 118.

(/usr/share/texlive/texmf-dist/tex/latex/hyperref/nameref.sty
Package: nameref 2010/04/30 v2.40 Cross-referencing by name of section

(/usr/share/texlive/texmf-dist/tex/generic/oberdiek/gettitlestring.sty
Package: gettitlestring 2010/12/03 v1.4 Cleanup title references (HO)
)
\c@section@level=\count170
)
LaTeX Info: Redefining \ref on input line 118.
LaTeX Info: Redefining \pageref on input line 118.
LaTeX Info: Redefining \nameref on input line 118.

(./PS_Madrid.out) (./PS_Madrid.out)
\@outlinefile=\write5
\openout5 = `PS_Madrid.out'.

LaTeX Font Info:    Overwriting symbol font `operators' in version `normal'
(Font)                  OT1/cmr/m/n --> OT1/cmss/m/n on input line 118.
LaTeX Font Info:    Overwriting symbol font `operators' in version `bold'
(Font)                  OT1/cmr/bx/n --> OT1/cmss/bx/n on input line 118.
\symnumbers=\mathgroup7
\sympureletters=\mathgroup8
LaTeX Font Info:    Overwriting math alphabet `\mathrm' in version `normal'
(Font)                  OT1/cmss/m/n --> T1/ptm/m/n on input line 118.
LaTeX Font Info:    Redeclaring math alphabet \mathbf on input line 118.
LaTeX Font Info:    Overwriting math alphabet `\mathbf' in version `normal'
(Font)                  OT1/cmr/bx/n --> T1/phv/bx/n on input line 118.
LaTeX Font Info:    Overwriting math alphabet `\mathbf' in version `bold'
(Font)                  OT1/cmr/bx/n --> T1/phv/bx/n on input line 118.
LaTeX Font Info:    Redeclaring math alphabet \mathsf on input line 118.
LaTeX Font Info:    Overwriting math alphabet `\mathsf' in version `normal'
(Font)                  OT1/cmss/m/n --> T1/phv/m/n on input line 118.
LaTeX Font Info:    Overwriting math alphabet `\mathsf' in version `bold'
(Font)                  OT1/cmss/bx/n --> T1/phv/m/n on input line 118.
LaTeX Font Info:    Redeclaring math alphabet \mathit on input line 118.
LaTeX Font Info:    Overwriting math alphabet `\mathit' in version `normal'
(Font)                  OT1/cmr/m/it --> T1/phv/m/it on input line 118.
LaTeX Font Info:    Overwriting math alphabet `\mathit' in version `bold'
(Font)                  OT1/cmr/bx/it --> T1/phv/m/it on input line 118.
LaTeX Font Info:    Redeclaring math alphabet \mathtt on input line 118.
LaTeX Font Info:    Overwriting math alphabet `\mathtt' in version `normal'
(Font)                  OT1/cmtt/m/n --> T1/pcr/m/n on input line 118.
LaTeX Font Info:    Overwriting math alphabet `\mathtt' in version `bold'
(Font)                  OT1/cmtt/m/n --> T1/pcr/m/n on input line 118.
LaTeX Font Info:    Overwriting symbol font `numbers' in version `bold'
(Font)                  T1/phv/m/n --> T1/phv/bx/n on input line 118.
LaTeX Font Info:    Overwriting symbol font `pureletters' in version `bold'
(Font)                  T1/phv/m/it --> T1/phv/bx/it on input line 118.
LaTeX Font Info:    Overwriting math alphabet `\mathrm' in version `bold'
(Font)                  OT1/cmss/bx/n --> T1/ptm/bx/n on input line 118.
LaTeX Font Info:    Overwriting math alphabet `\mathbf' in version `bold'
(Font)                  T1/phv/bx/n --> T1/phv/bx/n on input line 118.
LaTeX Font Info:    Overwriting math alphabet `\mathsf' in version `bold'
(Font)                  T1/phv/m/n --> T1/phv/bx/n on input line 118.
LaTeX Font Info:    Overwriting math alphabet `\mathit' in version `bold'
(Font)                  T1/phv/m/it --> T1/phv/bx/it on input line 118.
LaTeX Font Info:    Overwriting math alphabet `\mathtt' in version `bold'
(Font)                  T1/pcr/m/n --> T1/pcr/bx/n on input line 118.

(/usr/share/texmf/tex/latex/beamer/base/translator/dicts/translator-basic-dicti
onary/translator-basic-dictionary-English.dict
Dictionary: translator-basic-dictionary, Language: English 
)
(/usr/share/texmf/tex/latex/beamer/base/translator/dicts/translator-bibliograph
y-dictionary/translator-bibliography-dictionary-English.dict
Dictionary: translator-bibliography-dictionary, Language: English 
)
(/usr/share/texmf/tex/latex/beamer/base/translator/dicts/translator-environment
-dictionary/translator-environment-dictionary-English.dict
Dictionary: translator-environment-dictionary, Language: English 
)
(/usr/share/texmf/tex/latex/beamer/base/translator/dicts/translator-months-dict
ionary/translator-months-dictionary-English.dict
Dictionary: translator-months-dictionary, Language: English 
)
(/usr/share/texmf/tex/latex/beamer/base/translator/dicts/translator-numbers-dic
tionary/translator-numbers-dictionary-English.dict
Dictionary: translator-numbers-dictionary, Language: English 
)
(/usr/share/texmf/tex/latex/beamer/base/translator/dicts/translator-theorem-dic
tionary/translator-theorem-dictionary-English.dict
Dictionary: translator-theorem-dictionary, Language: English 
) (./PS_Madrid.nav) [1{/var/lib/texmf/fonts/map/pdftex/updmap/pdftex.map}

 <./Logo2.pdf

pdfTeX warning: pdflatex (file ./Logo2.pdf): PDF inclusion: multiple pdfs with 
page group included in a single page
>]
LaTeX Font Info:    Font shape `T1/phv/m/it' in size <10.95> not available
(Font)              Font shape `T1/phv/m/sl' tried instead on input line 154.
LaTeX Font Info:    Font shape `T1/phv/bx/it' in size <10.95> not available
(Font)              Font shape `T1/phv/b/it' tried instead on input line 154.
LaTeX Font Info:    Font shape `T1/phv/b/it' in size <10.95> not available
(Font)              Font shape `T1/phv/b/sl' tried instead on input line 154.
 [2

] [3

] [4

] [5

] [6

] [7

] [8

] (./PS_Madrid.toc) (./PS_Madrid.toc)
(./PS_Madrid.toc) [9

] (./PS_Madrid.toc) (./PS_Madrid.toc) (./PS_Madrid.toc)
[10

]
LaTeX Font Info:    Try loading font information for U+msa on input line 200.
 (/usr/share/texlive/texmf-dist/tex/latex/amsfonts/umsa.fd
File: umsa.fd 2009/06/22 v3.00 AMS symbols A
)
LaTeX Font Info:    Try loading font information for U+msb on input line 200.

(/usr/share/texlive/texmf-dist/tex/latex/amsfonts/umsb.fd
File: umsb.fd 2009/06/22 v3.00 AMS symbols B
)
LaTeX Font Info:    Try loading font information for U+wasy on input line 200.

(/usr/share/texlive/texmf-dist/tex/latex/wasysym/uwasy.fd
File: uwasy.fd 2003/10/30 v2.0 Wasy-2 symbol font definitions
)
LaTeX Font Info:    Font shape `T1/phv/m/it' in size <8> not available
(Font)              Font shape `T1/phv/m/sl' tried instead on input line 200.
LaTeX Font Info:    Font shape `T1/phv/m/it' in size <6> not available
(Font)              Font shape `T1/phv/m/sl' tried instead on input line 200.

<Fig6a.pdf, id=366, 312.9803pt x 289.08pt>
File: Fig6a.pdf Graphic file (type pdf)
 <use Fig6a.pdf>
Package pdftex.def Info: Fig6a.pdf used on input line 200.
(pdftex.def)             Requested size: 138.2795pt x 127.72049pt.
LaTeX Font Info:    Try loading font information for T1+ptm on input line 200.

(/usr/share/texlive/texmf-dist/tex/latex/psnfss/t1ptm.fd
File: t1ptm.fd 2001/06/04 font definitions for T1/ptm.
)
Overfull \vbox (0.8881pt too high) detected at line 200
 []

[11

 <./Fig6a.pdf>]
File: Fig6a.pdf Graphic file (type pdf)
 <use Fig6a.pdf>
Package pdftex.def Info: Fig6a.pdf used on input line 200.
(pdftex.def)             Requested size: 138.2795pt x 127.72049pt.

Overfull \vbox (0.8881pt too high) detected at line 200
 []

[12

] <Fig3b.pdf, id=468, 312.9803pt x 289.08pt>
File: Fig3b.pdf Graphic file (type pdf)
 <use Fig3b.pdf>
Package pdftex.def Info: Fig3b.pdf used on input line 228.
(pdftex.def)             Requested size: 138.2795pt x 127.72049pt.
 [13

 <./Fig3b.pdf>]
File: Fig3b.pdf Graphic file (type pdf)
 <use Fig3b.pdf>
Package pdftex.def Info: Fig3b.pdf used on input line 228.
(pdftex.def)             Requested size: 138.2795pt x 127.72049pt.
 [14

]
Overfull \vbox (0.70421pt too high) detected at line 251
 []

[15

]
Overfull \vbox (0.70421pt too high) detected at line 251
 []

[16

]
LaTeX Font Info:    Font shape `T1/phv/m/it' in size <10> not available
(Font)              Font shape `T1/phv/m/sl' tried instead on input line 277.
LaTeX Font Info:    Font shape `T1/phv/m/it' in size <7> not available
(Font)              Font shape `T1/phv/m/sl' tried instead on input line 277.
LaTeX Font Info:    Font shape `T1/phv/m/it' in size <5> not available
(Font)              Font shape `T1/phv/m/sl' tried instead on input line 277.

Overfull \vbox (0.2616pt too high) detected at line 277
 []

[17

]
Overfull \vbox (0.2616pt too high) detected at line 277
 []

[18

]
Overfull \vbox (0.2616pt too high) detected at line 277
 []

[19

] (./PS_Madrid.toc) (./PS_Madrid.toc) (./PS_Madrid.toc) [20

]
<LHCmonster.pdf, id=738, 240.9pt x 216.81pt>
File: LHCmonster.pdf Graphic file (type pdf)
 <use LHCmonster.pdf>
Package pdftex.def Info: LHCmonster.pdf used on input line 313.
(pdftex.def)             Requested size: 92.13593pt x 82.92128pt.
 [21

 <./LHCmonster.pdf>]
File: LHCmonster.pdf Graphic file (type pdf)
 <use LHCmonster.pdf>
Package pdftex.def Info: LHCmonster.pdf used on input line 313.
(pdftex.def)             Requested size: 92.13593pt x 82.92128pt.
 [22

]
File: LHCmonster.pdf Graphic file (type pdf)
 <use LHCmonster.pdf>
Package pdftex.def Info: LHCmonster.pdf used on input line 313.
(pdftex.def)             Requested size: 92.13593pt x 82.92128pt.
 [23

]
File: LHCmonster.pdf Graphic file (type pdf)

<use LHCmonster.pdf>
Package pdftex.def Info: LHCmonster.pdf used on input line 313.
(pdftex.def)             Requested size: 92.13593pt x 82.92128pt.
 [24

] [25

] [26

] [27

] [28

]
LaTeX Font Info:    Font shape `T1/phv/m/it' in size <14.4> not available
(Font)              Font shape `T1/phv/m/sl' tried instead on input line 369.
 [29

] [30

] [31

] (./PS_Madrid.toc)
(./PS_Madrid.toc) (./PS_Madrid.toc) [32

]
LaTeX Font Info:    Font shape `T1/phv/bx/n' in size <14.4> not available
(Font)              Font shape `T1/phv/b/n' tried instead on input line 406.
 [33

]
LaTeX Font Info:    Font shape `T1/phv/bx/n' in size <8> not available
(Font)              Font shape `T1/phv/b/n' tried instead on input line 445.

Overfull \hbox (5.43175pt too wide) in paragraph at lines 445--445
[][]  
 []

<Logo2full.pdf, id=1133, 361.09161pt x 334.24602pt>
File: Logo2full.pdf Graphic file (type pdf)
 <use Logo2full.pdf>
Package pdftex.def Info: Logo2full.pdf used on input line 445.
(pdftex.def)             Requested size: 138.20389pt x 127.93283pt.

<GroupPhoto.jpg, id=1134, 1027.84pt x 702.625pt>
File: GroupPhoto.jpg Graphic file (type jpg)
 <use GroupPhoto.jpg>
Package pdftex.def Info: GroupPhoto.jpg used on input line 445.
(pdftex.def)             Requested size: 138.20389pt x 94.47504pt.

Overfull \vbox (3.29326pt too high) detected at line 445
 []

[34

 <./Logo2full.pdf> <./GroupPhoto.jpg>]
Overfull \hbox (5.43175pt too wide) in paragraph at lines 445--445
[][]  
 []

File: Logo2full.pdf Graphic file (type pdf)
<use Logo2full.pdf>
Package pdftex.def Info: Logo2full.pdf used on input line 445.
(pdftex.def)             Requested size: 138.20389pt x 127.93283pt.
File: GroupPhoto.jpg Graphic file (type jpg)
 <use GroupPhoto.jpg>
Package pdftex.def Info: GroupPhoto.jpg used on input line 445.
(pdftex.def)             Requested size: 138.20389pt x 94.47504pt.

Overfull \vbox (3.29326pt too high) detected at line 445
 []

[35

] [36

]
LaTeX Font Info:    Font shape `T1/phv/bx/n' in size <10.95> not available
(Font)              Font shape `T1/phv/b/n' tried instead on input line 483.
 [37

] <backendshot.png, id=1260, 985.6825pt x 422.57875pt>
File: backendshot.png Graphic file (type png)

<use backendshot.png>
Package pdftex.def Info: backendshot.png used on input line 483.
(pdftex.def)             Requested size: 337.83173pt x 144.83551pt.
 [38

 <./backendshot.png>]
<coreChainDiagram_example_wlogo.pdf, id=1289, 845.04686pt x 597.50786pt>
File: coreChainDiagram_example_wlogo.pdf Graphic file (type pdf)

<use coreChainDiagram_example_wlogo.pdf>
Package pdftex.def Info: coreChainDiagram_example_wlogo.pdf used on input line 
489.
(pdftex.def)             Requested size: 276.559pt x 195.54622pt.
 [39

 <./coreChainDiagram_example_wlogo.pdf>] <GAMBIT_active_functor_graph.pdf, id=1
558, 9576.77875pt x 1417.295pt>
File: GAMBIT_active_functor_graph.pdf Graphic file (type pdf)

<use GAMBIT_active_functor_graph.pdf>
Package pdftex.def Info: GAMBIT_active_functor_graph.pdf used on input line 516
.
(pdftex.def)             Requested size: 307.28987pt x 45.45816pt.
 [40

 <./GAMBIT_active_functor_graph.pdf>]
File: GAMBIT_active_functor_graph.pdf Graphic file (type pdf)

<use GAMBIT_active_functor_graph.pdf>
Package pdftex.def Info: GAMBIT_active_functor_graph.pdf used on input line 516
.
(pdftex.def)             Requested size: 307.28987pt x 45.45816pt.
File: GAMBIT_active_functor_graph.pdf Graphic file (type pdf)
 <use GAMBIT_active_functor_graph.pdf>
Package pdftex.def Info: GAMBIT_active_functor_graph.pdf used on input line 516
.
(pdftex.def)             Requested size: 224.19742pt x 205.42682pt.

[41

] <GAMBIT_model_hierarchy.pdf, id=1626, 1361.085pt x 477.785pt>
File: GAMBIT_model_hierarchy.pdf Graphic file (type pdf)

<use GAMBIT_model_hierarchy.pdf>
Package pdftex.def Info: GAMBIT_model_hierarchy.pdf used on input line 532.
(pdftex.def)             Requested size: 245.83282pt x 86.2892pt.
 [42

 <./GAMBIT_model_hierarchy.pdf>]
<yamlshot.png, id=1662, 549.05125pt x 578.16pt>
File: yamlshot.png Graphic file (type png)
 <use yamlshot.png>
Package pdftex.def Info: yamlshot.png used on input line 592.
(pdftex.def)             Requested size: 184.37344pt x 194.14574pt.

Overfull \hbox (30.72852pt too wide) in paragraph at lines 592--592
[][]  
 []


Overfull \hbox (111.2844pt too wide) in paragraph at lines 592--592
[][][] 
 []


Overfull \hbox (111.2844pt too wide) in paragraph at lines 592--592
[][][] 
 []


Overfull \hbox (111.2844pt too wide) in paragraph at lines 592--592
[][][] 
 []


Overfull \hbox (111.2844pt too wide) in paragraph at lines 592--592
[][][] 
 []


Overfull \vbox (1.66606pt too high) detected at line 592
 []

[43

 <./yamlshot.png>]
File: yamlshot.png Graphic file (type png)
 <use yamlshot.png>
Package pdftex.def Info: yamlshot.png used on input line 592.
(pdftex.def)             Requested size: 184.37344pt x 194.14574pt.

Overfull \hbox (30.72852pt too wide) in paragraph at lines 592--592
[][]  
 []


Overfull \hbox (111.2844pt too wide) in paragraph at lines 592--592
[][][][] 
 []


Overfull \hbox (111.2844pt too wide) in paragraph at lines 592--592
[][][] 
 []


Overfull \hbox (111.2844pt too wide) in paragraph at lines 592--592
[][][] 
 []


Overfull \hbox (111.2844pt too wide) in paragraph at lines 592--592
[][][] 
 []


Overfull \vbox (1.66606pt too high) detected at line 592
 []

[44

]
File: yamlshot.png Graphic file (type png)
 <use yamlshot.png>
Package pdftex.def Info: yamlshot.png used on input line 592.
(pdftex.def)             Requested size: 184.37344pt x 194.14574pt.

Overfull \hbox (30.72852pt too wide) in paragraph at lines 592--592
[][]  
 []


Overfull \hbox (111.2844pt too wide) in paragraph at lines 592--592
[][][] 
 []


Overfull \hbox (111.2844pt too wide) in paragraph at lines 592--592
[][][][] 
 []


Overfull \hbox (111.2844pt too wide) in paragraph at lines 592--592
[][][] 
 []


Overfull \hbox (111.2844pt too wide) in paragraph at lines 592--592
[][][] 
 []


Overfull \vbox (1.66606pt too high) detected at line 592
 []

[45

]
File: yamlshot.png Graphic file (type png)
 <use yamlshot.png>
Package pdftex.def Info: yamlshot.png used on input line 592.
(pdftex.def)             Requested size: 184.37344pt x 194.14574pt.

Overfull \hbox (30.72852pt too wide) in paragraph at lines 592--592
[][]  
 []


Overfull \hbox (111.2844pt too wide) in paragraph at lines 592--592
[][][] 
 []


Overfull \hbox (111.2844pt too wide) in paragraph at lines 592--592
[][][] 
 []


Overfull \hbox (111.2844pt too wide) in paragraph at lines 592--592
[][][][] 
 []


Overfull \hbox (111.2844pt too wide) in paragraph at lines 592--592
[][][] 
 []


Overfull \vbox (1.66606pt too high) detected at line 592
 []

[46

]
File: yamlshot.png Graphic file (type png)
 <use yamlshot.png>
Package pdftex.def Info: yamlshot.png used on input line 592.
(pdftex.def)             Requested size: 184.37344pt x 194.14574pt.

Overfull \hbox (30.72852pt too wide) in paragraph at lines 592--592
[][]  
 []


Overfull \hbox (111.2844pt too wide) in paragraph at lines 592--592
[][][] 
 []


Overfull \hbox (111.2844pt too wide) in paragraph at lines 592--592
[][][] 
 []


Overfull \hbox (111.2844pt too wide) in paragraph at lines 592--592
[][][] 
 []


Overfull \hbox (111.2844pt too wide) in paragraph at lines 592--592
[][][][] 
 []


Overfull \vbox (1.66606pt too high) detected at line 592
 []

[47

]
LaTeX Font Info:    Font shape `T1/phv/bx/n' in size <10> not available
(Font)              Font shape `T1/phv/b/n' tried instead on input line 611.
 <rollcallshot.png, id=1811, 1063.975pt x 203.76125pt>
File: rollcallshot.png Graphic file (type png)

<use rollcallshot.png>
Package pdftex.def Info: rollcallshot.png used on input line 611.
(pdftex.def)             Requested size: 307.28987pt x 58.84673pt.

Overfull \hbox (21.90005pt too wide) in paragraph at lines 611--611
[]  
 []

[48

 <./rollcallshot.png>]
LaTeX Font Info:    Font shape `T1/phv/m/it' in size <9> not available
(Font)              Font shape `T1/phv/m/sl' tried instead on input line 626.
LaTeX Font Info:    Font shape `T1/phv/bx/n' in size <9> not available
(Font)              Font shape `T1/phv/b/n' tried instead on input line 626.
 [49

]
Overfull \hbox (2.636pt too wide) in paragraph at lines 651--651
[]\T1/phv/m/n/6 ($\OMS/cmsy/m/n/6 ^^X$\T1/phv/m/n/6 )Monolithic| 
 []


Underfull \hbox (badness 3815) in paragraph at lines 651--651
[]\T1/phv/m/n/6 Differential evo-lu-tion, ge-netic al-go-
 []


Underfull \hbox (badness 4765) in paragraph at lines 651--651
\T1/phv/m/n/6 rithms, ran-dom forests, t-walk, t-
 []


Underfull \hbox (badness 2671) in paragraph at lines 651--651
[]\T1/phv/m/n/6 Nested sam-
 []


Underfull \hbox (badness 2671) in paragraph at lines 651--651
[]\T1/phv/m/n/6 Nested sam-
 []


Underfull \hbox (badness 10000) in paragraph at lines 651--651
[]\T1/phv/m/n/6 None (ran-
 []


Underfull \hbox (badness 10000) in paragraph at lines 651--651
[]\T1/phv/m/n/6 (p)MSSM-25, CMSSM$\OMS/cmsy/m/n/6 ^^F$$\OML/cmm/m/it/6 ^^O$\T1/
phv/m/n/6 , GMSB,
 []


Underfull \hbox (badness 2662) in paragraph at lines 651--651
\T1/phv/m/n/6 op-er-a-tors, iDM, XDM, ADM, UED,
 []


Underfull \hbox (badness 10000) in paragraph at lines 651--651
[]\T1/phv/m/n/6 (p)MSSM-15,
 []


Underfull \hbox (badness 10000) in paragraph at lines 651--651
\T1/phv/m/n/6 CMSSM$\OMS/cmsy/m/n/6 ^^F$$\OML/cmm/m/it/6 ^^O$\T1/phv/m/n/6 ,
 []


Underfull \hbox (badness 1888) in paragraph at lines 651--651
[]\T1/phv/m/n/6 Event-level: Ice-Cube, Fermi, LUX,
 []


Underfull \hbox (badness 3568) in paragraph at lines 651--651
\T1/phv/m/n/6 AMS-02, COUPP, KIMS, CRESST,
 []


Underfull \hbox (badness 1259) in paragraph at lines 651--651
\T1/phv/m/n/6 HESS. Pre-dic-tions: CTA, DAR-WIN,
 []


Underfull \hbox (badness 10000) in paragraph at lines 651--651
\T1/phv/m/n/6 Fermi,
 []


Underfull \hbox (badness 10000) in paragraph at lines 651--651
\T1/phv/m/n/6 Ice-Cube,
 []


Underfull \hbox (badness 10000) in paragraph at lines 651--651
\T1/phv/m/n/6 Fermi,
 []


Underfull \hbox (badness 10000) in paragraph at lines 651--651
\T1/phv/m/n/6 HESS,
 []


Underfull \hbox (badness 10000) in paragraph at lines 651--651
[]\T1/phv/m/n/6 Event-level:
 []


Underfull \hbox (badness 10000) in paragraph at lines 651--651
\T1/phv/m/n/6 Ice-Cube,
 []


Underfull \hbox (badness 10000) in paragraph at lines 651--651
\T1/phv/m/n/6 Hig-gsSig-nals,
 []


Underfull \hbox (badness 1337) in paragraph at lines 651--651
[]\T1/phv/m/n/6 ATLAS di-rect
 []


Underfull \hbox (badness 10000) in paragraph at lines 651--651
\T1/phv/m/n/6 sim, Higgs
 []


Underfull \hbox (badness 10000) in paragraph at lines 651--651
\T1/phv/m/n/6 mass only,
 []


Underfull \hbox (badness 10000) in paragraph at lines 651--651
[]\T1/phv/m/n/6 ATLAS
 []


Underfull \hbox (badness 10000) in paragraph at lines 651--651
\T1/phv/m/n/6 resim,
 []


Underfull \hbox (badness 10000) in paragraph at lines 651--651
\T1/phv/m/n/6 Hig-gsSig-
 []


Underfull \hbox (badness 10000) in paragraph at lines 651--651
\T1/phv/m/n/6 nals, ba-sic
 []


Overfull \hbox (0.9804pt too wide) in paragraph at lines 651--651
[]\T1/phv/m/n/6 ATLAS+CMS 
 []


Underfull \hbox (badness 10000) in paragraph at lines 651--651
[]\T1/phv/m/n/6 SM, the-ory
 []


Underfull \hbox (badness 7099) in paragraph at lines 651--651
\T1/phv/m/n/6 and re-lated
 []


Underfull \hbox (badness 10000) in paragraph at lines 651--651
[]$\T1/phv/m/sl/6 m[]$\T1/phv/m/n/6 , $\T1/phv/m/sl/6 m[]$\T1/phv/m/n/6 ,
 []


Underfull \hbox (badness 10000) in paragraph at lines 651--651
\OML/cmm/m/it/6 []$\T1/phv/m/n/6 ,
 []


Underfull \hbox (badness 10000) in paragraph at lines 651--651
\T1/phv/m/n/6 hadronic
 []


Underfull \hbox (badness 10000) in paragraph at lines 651--651
\T1/phv/m/n/6 ma-trix el-e-
 []


Underfull \hbox (badness 10000) in paragraph at lines 651--651
[]$\T1/phv/m/sl/6 m[]$\T1/phv/m/n/6 , $\T1/phv/m/sl/6 m[]$\T1/phv/m/n/6 ,
 []


Underfull \hbox (badness 10000) in paragraph at lines 651--651
\OML/cmm/m/it/6 []$\T1/phv/m/n/6 , $\OML/cmm/m/it/6 []$\T1/phv/m/n/6 ,
 []


Underfull \hbox (badness 10000) in paragraph at lines 651--651
\T1/phv/m/n/6 DM halo,
 []


Underfull \hbox (badness 10000) in paragraph at lines 651--651
\T1/phv/m/n/6 hadronic
 []


Overfull \hbox (3.5979pt too wide) in paragraph at lines 651--651
[][]  
 []


Overfull \vbox (1.72571pt too high) detected at line 651
 []

[50

]
Overfull \hbox (2.636pt too wide) in paragraph at lines 651--651
[]\T1/phv/m/n/6 ($\OMS/cmsy/m/n/6 ^^X$\T1/phv/m/n/6 )Monolithic| 
 []


Underfull \hbox (badness 3815) in paragraph at lines 651--651
[]\T1/phv/m/n/6 Differential evo-lu-tion, ge-netic al-go-
 []


Underfull \hbox (badness 4765) in paragraph at lines 651--651
\T1/phv/m/n/6 rithms, ran-dom forests, t-walk, t-
 []


Underfull \hbox (badness 2671) in paragraph at lines 651--651
[]\T1/phv/m/n/6 Nested sam-
 []


Underfull \hbox (badness 2671) in paragraph at lines 651--651
[]\T1/phv/m/n/6 Nested sam-
 []


Underfull \hbox (badness 10000) in paragraph at lines 651--651
[]\T1/phv/m/n/6 None (ran-
 []


Underfull \hbox (badness 10000) in paragraph at lines 651--651
[]\T1/phv/m/n/6 (p)MSSM-25, CMSSM$\OMS/cmsy/m/n/6 ^^F$$\OML/cmm/m/it/6 ^^O$\T1/
phv/m/n/6 , GMSB,
 []


Underfull \hbox (badness 2662) in paragraph at lines 651--651
\T1/phv/m/n/6 op-er-a-tors, iDM, XDM, ADM, UED,
 []


Underfull \hbox (badness 10000) in paragraph at lines 651--651
[]\T1/phv/m/n/6 (p)MSSM-15,
 []


Underfull \hbox (badness 10000) in paragraph at lines 651--651
\T1/phv/m/n/6 CMSSM$\OMS/cmsy/m/n/6 ^^F$$\OML/cmm/m/it/6 ^^O$\T1/phv/m/n/6 ,
 []


Underfull \hbox (badness 1888) in paragraph at lines 651--651
[]\T1/phv/m/n/6 Event-level: Ice-Cube, Fermi, LUX,
 []


Underfull \hbox (badness 3568) in paragraph at lines 651--651
\T1/phv/m/n/6 AMS-02, COUPP, KIMS, CRESST,
 []


Underfull \hbox (badness 1259) in paragraph at lines 651--651
\T1/phv/m/n/6 HESS. Pre-dic-tions: CTA, DAR-WIN,
 []


Underfull \hbox (badness 10000) in paragraph at lines 651--651
\T1/phv/m/n/6 Fermi,
 []


Underfull \hbox (badness 10000) in paragraph at lines 651--651
\T1/phv/m/n/6 Ice-Cube,
 []


Underfull \hbox (badness 10000) in paragraph at lines 651--651
\T1/phv/m/n/6 Fermi,
 []


Underfull \hbox (badness 10000) in paragraph at lines 651--651
\T1/phv/m/n/6 HESS,
 []


Underfull \hbox (badness 10000) in paragraph at lines 651--651
[]\T1/phv/m/n/6 Event-level:
 []


Underfull \hbox (badness 10000) in paragraph at lines 651--651
\T1/phv/m/n/6 Ice-Cube,
 []


Underfull \hbox (badness 10000) in paragraph at lines 651--651
\T1/phv/m/n/6 Hig-gsSig-nals,
 []


Underfull \hbox (badness 1337) in paragraph at lines 651--651
[]\T1/phv/m/n/6 ATLAS di-rect
 []


Underfull \hbox (badness 10000) in paragraph at lines 651--651
\T1/phv/m/n/6 sim, Higgs
 []


Underfull \hbox (badness 10000) in paragraph at lines 651--651
\T1/phv/m/n/6 mass only,
 []


Underfull \hbox (badness 10000) in paragraph at lines 651--651
[]\T1/phv/m/n/6 ATLAS
 []


Underfull \hbox (badness 10000) in paragraph at lines 651--651
\T1/phv/m/n/6 resim,
 []


Underfull \hbox (badness 10000) in paragraph at lines 651--651
\T1/phv/m/n/6 Hig-gsSig-
 []


Underfull \hbox (badness 10000) in paragraph at lines 651--651
\T1/phv/m/n/6 nals, ba-sic
 []


Overfull \hbox (0.9804pt too wide) in paragraph at lines 651--651
[]\T1/phv/m/n/6 ATLAS+CMS 
 []


Underfull \hbox (badness 10000) in paragraph at lines 651--651
[]\T1/phv/m/n/6 SM, the-ory
 []


Underfull \hbox (badness 7099) in paragraph at lines 651--651
\T1/phv/m/n/6 and re-lated
 []


Underfull \hbox (badness 10000) in paragraph at lines 651--651
[]$\T1/phv/m/sl/6 m[]$\T1/phv/m/n/6 , $\T1/phv/m/sl/6 m[]$\T1/phv/m/n/6 ,
 []


Underfull \hbox (badness 10000) in paragraph at lines 651--651
\OML/cmm/m/it/6 []$\T1/phv/m/n/6 ,
 []


Underfull \hbox (badness 10000) in paragraph at lines 651--651
\T1/phv/m/n/6 hadronic
 []


Underfull \hbox (badness 10000) in paragraph at lines 651--651
\T1/phv/m/n/6 ma-trix el-e-
 []


Underfull \hbox (badness 10000) in paragraph at lines 651--651
[]$\T1/phv/m/sl/6 m[]$\T1/phv/m/n/6 , $\T1/phv/m/sl/6 m[]$\T1/phv/m/n/6 ,
 []


Underfull \hbox (badness 10000) in paragraph at lines 651--651
\OML/cmm/m/it/6 []$\T1/phv/m/n/6 , $\OML/cmm/m/it/6 []$\T1/phv/m/n/6 ,
 []


Underfull \hbox (badness 10000) in paragraph at lines 651--651
\T1/phv/m/n/6 DM halo,
 []


Underfull \hbox (badness 10000) in paragraph at lines 651--651
\T1/phv/m/n/6 hadronic
 []


Overfull \hbox (3.5979pt too wide) in paragraph at lines 651--651
[][]  
 []


Overfull \vbox (1.72571pt too high) detected at line 651
 []

[51

]
Overfull \hbox (2.636pt too wide) in paragraph at lines 651--651
[]\T1/phv/m/n/6 ($\OMS/cmsy/m/n/6 ^^X$\T1/phv/m/n/6 )Monolithic| 
 []


Underfull \hbox (badness 3815) in paragraph at lines 651--651
[]\T1/phv/m/n/6 Differential evo-lu-tion, ge-netic al-go-
 []


Underfull \hbox (badness 4765) in paragraph at lines 651--651
\T1/phv/m/n/6 rithms, ran-dom forests, t-walk, t-
 []


Underfull \hbox (badness 2671) in paragraph at lines 651--651
[]\T1/phv/m/n/6 Nested sam-
 []


Underfull \hbox (badness 2671) in paragraph at lines 651--651
[]\T1/phv/m/n/6 Nested sam-
 []


Underfull \hbox (badness 10000) in paragraph at lines 651--651
[]\T1/phv/m/n/6 None (ran-
 []


Underfull \hbox (badness 10000) in paragraph at lines 651--651
[]\T1/phv/m/n/6 (p)MSSM-25, CMSSM$\OMS/cmsy/m/n/6 ^^F$$\OML/cmm/m/it/6 ^^O$\T1/
phv/m/n/6 , GMSB,
 []


Underfull \hbox (badness 2662) in paragraph at lines 651--651
\T1/phv/m/n/6 op-er-a-tors, iDM, XDM, ADM, UED,
 []


Underfull \hbox (badness 10000) in paragraph at lines 651--651
[]\T1/phv/m/n/6 (p)MSSM-15,
 []


Underfull \hbox (badness 10000) in paragraph at lines 651--651
\T1/phv/m/n/6 CMSSM$\OMS/cmsy/m/n/6 ^^F$$\OML/cmm/m/it/6 ^^O$\T1/phv/m/n/6 ,
 []


Underfull \hbox (badness 1888) in paragraph at lines 651--651
[]\T1/phv/m/n/6 Event-level: Ice-Cube, Fermi, LUX,
 []


Underfull \hbox (badness 3568) in paragraph at lines 651--651
\T1/phv/m/n/6 AMS-02, COUPP, KIMS, CRESST,
 []


Underfull \hbox (badness 1259) in paragraph at lines 651--651
\T1/phv/m/n/6 HESS. Pre-dic-tions: CTA, DAR-WIN,
 []


Underfull \hbox (badness 10000) in paragraph at lines 651--651
\T1/phv/m/n/6 Fermi,
 []


Underfull \hbox (badness 10000) in paragraph at lines 651--651
\T1/phv/m/n/6 Ice-Cube,
 []


Underfull \hbox (badness 10000) in paragraph at lines 651--651
\T1/phv/m/n/6 Fermi,
 []


Underfull \hbox (badness 10000) in paragraph at lines 651--651
\T1/phv/m/n/6 HESS,
 []


Underfull \hbox (badness 10000) in paragraph at lines 651--651
[]\T1/phv/m/n/6 Event-level:
 []


Underfull \hbox (badness 10000) in paragraph at lines 651--651
\T1/phv/m/n/6 Ice-Cube,
 []


Underfull \hbox (badness 10000) in paragraph at lines 651--651
\T1/phv/m/n/6 Hig-gsSig-nals,
 []


Underfull \hbox (badness 1337) in paragraph at lines 651--651
[]\T1/phv/m/n/6 ATLAS di-rect
 []


Underfull \hbox (badness 10000) in paragraph at lines 651--651
\T1/phv/m/n/6 sim, Higgs
 []


Underfull \hbox (badness 10000) in paragraph at lines 651--651
\T1/phv/m/n/6 mass only,
 []


Underfull \hbox (badness 10000) in paragraph at lines 651--651
[]\T1/phv/m/n/6 ATLAS
 []


Underfull \hbox (badness 10000) in paragraph at lines 651--651
\T1/phv/m/n/6 resim,
 []


Underfull \hbox (badness 10000) in paragraph at lines 651--651
\T1/phv/m/n/6 Hig-gsSig-
 []


Underfull \hbox (badness 10000) in paragraph at lines 651--651
\T1/phv/m/n/6 nals, ba-sic
 []


Overfull \hbox (0.9804pt too wide) in paragraph at lines 651--651
[]\T1/phv/m/n/6 ATLAS+CMS 
 []


Underfull \hbox (badness 10000) in paragraph at lines 651--651
[]\T1/phv/m/n/6 SM, the-ory
 []


Underfull \hbox (badness 7099) in paragraph at lines 651--651
\T1/phv/m/n/6 and re-lated
 []


Underfull \hbox (badness 10000) in paragraph at lines 651--651
[]$\T1/phv/m/sl/6 m[]$\T1/phv/m/n/6 , $\T1/phv/m/sl/6 m[]$\T1/phv/m/n/6 ,
 []


Underfull \hbox (badness 10000) in paragraph at lines 651--651
\OML/cmm/m/it/6 []$\T1/phv/m/n/6 ,
 []


Underfull \hbox (badness 10000) in paragraph at lines 651--651
\T1/phv/m/n/6 hadronic
 []


Underfull \hbox (badness 10000) in paragraph at lines 651--651
\T1/phv/m/n/6 ma-trix el-e-
 []


Underfull \hbox (badness 10000) in paragraph at lines 651--651
[]$\T1/phv/m/sl/6 m[]$\T1/phv/m/n/6 , $\T1/phv/m/sl/6 m[]$\T1/phv/m/n/6 ,
 []


Underfull \hbox (badness 10000) in paragraph at lines 651--651
\OML/cmm/m/it/6 []$\T1/phv/m/n/6 , $\OML/cmm/m/it/6 []$\T1/phv/m/n/6 ,
 []


Underfull \hbox (badness 10000) in paragraph at lines 651--651
\T1/phv/m/n/6 DM halo,
 []


Underfull \hbox (badness 10000) in paragraph at lines 651--651
\T1/phv/m/n/6 hadronic
 []


Overfull \hbox (3.5979pt too wide) in paragraph at lines 651--651
[][]  
 []


Overfull \vbox (1.72571pt too high) detected at line 651
 []

[52

]
Overfull \hbox (2.636pt too wide) in paragraph at lines 651--651
[]\T1/phv/m/n/6 ($\OMS/cmsy/m/n/6 ^^X$\T1/phv/m/n/6 )Monolithic| 
 []


Underfull \hbox (badness 3815) in paragraph at lines 651--651
[]\T1/phv/m/n/6 Differential evo-lu-tion, ge-netic al-go-
 []


Underfull \hbox (badness 4765) in paragraph at lines 651--651
\T1/phv/m/n/6 rithms, ran-dom forests, t-walk, t-
 []


Underfull \hbox (badness 2671) in paragraph at lines 651--651
[]\T1/phv/m/n/6 Nested sam-
 []


Underfull \hbox (badness 2671) in paragraph at lines 651--651
[]\T1/phv/m/n/6 Nested sam-
 []


Underfull \hbox (badness 10000) in paragraph at lines 651--651
[]\T1/phv/m/n/6 None (ran-
 []


Underfull \hbox (badness 10000) in paragraph at lines 651--651
[]\T1/phv/m/n/6 (p)MSSM-25, CMSSM$\OMS/cmsy/m/n/6 ^^F$$\OML/cmm/m/it/6 ^^O$\T1/
phv/m/n/6 , GMSB,
 []


Underfull \hbox (badness 2662) in paragraph at lines 651--651
\T1/phv/m/n/6 op-er-a-tors, iDM, XDM, ADM, UED,
 []


Underfull \hbox (badness 10000) in paragraph at lines 651--651
[]\T1/phv/m/n/6 (p)MSSM-15,
 []


Underfull \hbox (badness 10000) in paragraph at lines 651--651
\T1/phv/m/n/6 CMSSM$\OMS/cmsy/m/n/6 ^^F$$\OML/cmm/m/it/6 ^^O$\T1/phv/m/n/6 ,
 []


Underfull \hbox (badness 1888) in paragraph at lines 651--651
[]\T1/phv/m/n/6 Event-level: Ice-Cube, Fermi, LUX,
 []


Underfull \hbox (badness 3568) in paragraph at lines 651--651
\T1/phv/m/n/6 AMS-02, COUPP, KIMS, CRESST,
 []


Underfull \hbox (badness 1259) in paragraph at lines 651--651
\T1/phv/m/n/6 HESS. Pre-dic-tions: CTA, DAR-WIN,
 []


Underfull \hbox (badness 10000) in paragraph at lines 651--651
\T1/phv/m/n/6 Fermi,
 []


Underfull \hbox (badness 10000) in paragraph at lines 651--651
\T1/phv/m/n/6 Ice-Cube,
 []


Underfull \hbox (badness 10000) in paragraph at lines 651--651
\T1/phv/m/n/6 Fermi,
 []


Underfull \hbox (badness 10000) in paragraph at lines 651--651
\T1/phv/m/n/6 HESS,
 []


Underfull \hbox (badness 10000) in paragraph at lines 651--651
[]\T1/phv/m/n/6 Event-level:
 []


Underfull \hbox (badness 10000) in paragraph at lines 651--651
\T1/phv/m/n/6 Ice-Cube,
 []


Underfull \hbox (badness 10000) in paragraph at lines 651--651
\T1/phv/m/n/6 Hig-gsSig-nals,
 []


Underfull \hbox (badness 1337) in paragraph at lines 651--651
[]\T1/phv/m/n/6 ATLAS di-rect
 []


Underfull \hbox (badness 10000) in paragraph at lines 651--651
\T1/phv/m/n/6 sim, Higgs
 []


Underfull \hbox (badness 10000) in paragraph at lines 651--651
\T1/phv/m/n/6 mass only,
 []


Underfull \hbox (badness 10000) in paragraph at lines 651--651
[]\T1/phv/m/n/6 ATLAS
 []


Underfull \hbox (badness 10000) in paragraph at lines 651--651
\T1/phv/m/n/6 resim,
 []


Underfull \hbox (badness 10000) in paragraph at lines 651--651
\T1/phv/m/n/6 Hig-gsSig-
 []


Underfull \hbox (badness 10000) in paragraph at lines 651--651
\T1/phv/m/n/6 nals, ba-sic
 []


Overfull \hbox (0.9804pt too wide) in paragraph at lines 651--651
[]\T1/phv/m/n/6 ATLAS+CMS 
 []


Underfull \hbox (badness 10000) in paragraph at lines 651--651
[]\T1/phv/m/n/6 SM, the-ory
 []


Underfull \hbox (badness 7099) in paragraph at lines 651--651
\T1/phv/m/n/6 and re-lated
 []


Underfull \hbox (badness 10000) in paragraph at lines 651--651
[]$\T1/phv/m/sl/6 m[]$\T1/phv/m/n/6 , $\T1/phv/m/sl/6 m[]$\T1/phv/m/n/6 ,
 []


Underfull \hbox (badness 10000) in paragraph at lines 651--651
\OML/cmm/m/it/6 []$\T1/phv/m/n/6 ,
 []


Underfull \hbox (badness 10000) in paragraph at lines 651--651
\T1/phv/m/n/6 hadronic
 []


Underfull \hbox (badness 10000) in paragraph at lines 651--651
\T1/phv/m/n/6 ma-trix el-e-
 []


Underfull \hbox (badness 10000) in paragraph at lines 651--651
[]$\T1/phv/m/sl/6 m[]$\T1/phv/m/n/6 , $\T1/phv/m/sl/6 m[]$\T1/phv/m/n/6 ,
 []


Underfull \hbox (badness 10000) in paragraph at lines 651--651
\OML/cmm/m/it/6 []$\T1/phv/m/n/6 , $\OML/cmm/m/it/6 []$\T1/phv/m/n/6 ,
 []


Underfull \hbox (badness 10000) in paragraph at lines 651--651
\T1/phv/m/n/6 DM halo,
 []


Underfull \hbox (badness 10000) in paragraph at lines 651--651
\T1/phv/m/n/6 hadronic
 []


Overfull \hbox (3.5979pt too wide) in paragraph at lines 651--651
[][]  
 []


Overfull \vbox (1.72571pt too high) detected at line 651
 []

[53

]
Overfull \hbox (2.636pt too wide) in paragraph at lines 651--651
[]\T1/phv/m/n/6 ($\OMS/cmsy/m/n/6 ^^X$\T1/phv/m/n/6 )Monolithic| 
 []


Underfull \hbox (badness 3815) in paragraph at lines 651--651
[]\T1/phv/m/n/6 Differential evo-lu-tion, ge-netic al-go-
 []


Underfull \hbox (badness 4765) in paragraph at lines 651--651
\T1/phv/m/n/6 rithms, ran-dom forests, t-walk, t-
 []


Underfull \hbox (badness 2671) in paragraph at lines 651--651
[]\T1/phv/m/n/6 Nested sam-
 []


Underfull \hbox (badness 2671) in paragraph at lines 651--651
[]\T1/phv/m/n/6 Nested sam-
 []


Underfull \hbox (badness 10000) in paragraph at lines 651--651
[]\T1/phv/m/n/6 None (ran-
 []


Underfull \hbox (badness 10000) in paragraph at lines 651--651
[]\T1/phv/m/n/6 (p)MSSM-25, CMSSM$\OMS/cmsy/m/n/6 ^^F$$\OML/cmm/m/it/6 ^^O$\T1/
phv/m/n/6 , GMSB,
 []


Underfull \hbox (badness 2662) in paragraph at lines 651--651
\T1/phv/m/n/6 op-er-a-tors, iDM, XDM, ADM, UED,
 []


Underfull \hbox (badness 10000) in paragraph at lines 651--651
[]\T1/phv/m/n/6 (p)MSSM-15,
 []


Underfull \hbox (badness 10000) in paragraph at lines 651--651
\T1/phv/m/n/6 CMSSM$\OMS/cmsy/m/n/6 ^^F$$\OML/cmm/m/it/6 ^^O$\T1/phv/m/n/6 ,
 []


Underfull \hbox (badness 1888) in paragraph at lines 651--651
[]\T1/phv/m/n/6 Event-level: Ice-Cube, Fermi, LUX,
 []


Underfull \hbox (badness 3568) in paragraph at lines 651--651
\T1/phv/m/n/6 AMS-02, COUPP, KIMS, CRESST,
 []


Underfull \hbox (badness 1259) in paragraph at lines 651--651
\T1/phv/m/n/6 HESS. Pre-dic-tions: CTA, DAR-WIN,
 []


Underfull \hbox (badness 10000) in paragraph at lines 651--651
\T1/phv/m/n/6 Fermi,
 []


Underfull \hbox (badness 10000) in paragraph at lines 651--651
\T1/phv/m/n/6 Ice-Cube,
 []


Underfull \hbox (badness 10000) in paragraph at lines 651--651
\T1/phv/m/n/6 Fermi,
 []


Underfull \hbox (badness 10000) in paragraph at lines 651--651
\T1/phv/m/n/6 HESS,
 []


Underfull \hbox (badness 10000) in paragraph at lines 651--651
[]\T1/phv/m/n/6 Event-level:
 []


Underfull \hbox (badness 10000) in paragraph at lines 651--651
\T1/phv/m/n/6 Ice-Cube,
 []


Underfull \hbox (badness 10000) in paragraph at lines 651--651
\T1/phv/m/n/6 Hig-gsSig-nals,
 []


Underfull \hbox (badness 1337) in paragraph at lines 651--651
[]\T1/phv/m/n/6 ATLAS di-rect
 []


Underfull \hbox (badness 10000) in paragraph at lines 651--651
\T1/phv/m/n/6 sim, Higgs
 []


Underfull \hbox (badness 10000) in paragraph at lines 651--651
\T1/phv/m/n/6 mass only,
 []


Underfull \hbox (badness 10000) in paragraph at lines 651--651
[]\T1/phv/m/n/6 ATLAS
 []


Underfull \hbox (badness 10000) in paragraph at lines 651--651
\T1/phv/m/n/6 resim,
 []


Underfull \hbox (badness 10000) in paragraph at lines 651--651
\T1/phv/m/n/6 Hig-gsSig-
 []


Underfull \hbox (badness 10000) in paragraph at lines 651--651
\T1/phv/m/n/6 nals, ba-sic
 []


Overfull \hbox (0.9804pt too wide) in paragraph at lines 651--651
[]\T1/phv/m/n/6 ATLAS+CMS 
 []


Underfull \hbox (badness 10000) in paragraph at lines 651--651
[]\T1/phv/m/n/6 SM, the-ory
 []


Underfull \hbox (badness 7099) in paragraph at lines 651--651
\T1/phv/m/n/6 and re-lated
 []


Underfull \hbox (badness 10000) in paragraph at lines 651--651
[]$\T1/phv/m/sl/6 m[]$\T1/phv/m/n/6 , $\T1/phv/m/sl/6 m[]$\T1/phv/m/n/6 ,
 []


Underfull \hbox (badness 10000) in paragraph at lines 651--651
\OML/cmm/m/it/6 []$\T1/phv/m/n/6 ,
 []


Underfull \hbox (badness 10000) in paragraph at lines 651--651
\T1/phv/m/n/6 hadronic
 []


Underfull \hbox (badness 10000) in paragraph at lines 651--651
\T1/phv/m/n/6 ma-trix el-e-
 []


Underfull \hbox (badness 10000) in paragraph at lines 651--651
[]$\T1/phv/m/sl/6 m[]$\T1/phv/m/n/6 , $\T1/phv/m/sl/6 m[]$\T1/phv/m/n/6 ,
 []


Underfull \hbox (badness 10000) in paragraph at lines 651--651
\OML/cmm/m/it/6 []$\T1/phv/m/n/6 , $\OML/cmm/m/it/6 []$\T1/phv/m/n/6 ,
 []


Underfull \hbox (badness 10000) in paragraph at lines 651--651
\T1/phv/m/n/6 DM halo,
 []


Underfull \hbox (badness 10000) in paragraph at lines 651--651
\T1/phv/m/n/6 hadronic
 []


Overfull \hbox (3.5979pt too wide) in paragraph at lines 651--651
[][]  
 []


Overfull \vbox (1.72571pt too high) detected at line 651
 []

[54

]
Overfull \hbox (2.636pt too wide) in paragraph at lines 651--651
[]\T1/phv/m/n/6 ($\OMS/cmsy/m/n/6 ^^X$\T1/phv/m/n/6 )Monolithic| 
 []


Underfull \hbox (badness 3815) in paragraph at lines 651--651
[]\T1/phv/m/n/6 Differential evo-lu-tion, ge-netic al-go-
 []


Underfull \hbox (badness 4765) in paragraph at lines 651--651
\T1/phv/m/n/6 rithms, ran-dom forests, t-walk, t-
 []


Underfull \hbox (badness 2671) in paragraph at lines 651--651
[]\T1/phv/m/n/6 Nested sam-
 []


Underfull \hbox (badness 2671) in paragraph at lines 651--651
[]\T1/phv/m/n/6 Nested sam-
 []


Underfull \hbox (badness 10000) in paragraph at lines 651--651
[]\T1/phv/m/n/6 None (ran-
 []


Underfull \hbox (badness 10000) in paragraph at lines 651--651
[]\T1/phv/m/n/6 (p)MSSM-25, CMSSM$\OMS/cmsy/m/n/6 ^^F$$\OML/cmm/m/it/6 ^^O$\T1/
phv/m/n/6 , GMSB,
 []


Underfull \hbox (badness 2662) in paragraph at lines 651--651
\T1/phv/m/n/6 op-er-a-tors, iDM, XDM, ADM, UED,
 []


Underfull \hbox (badness 10000) in paragraph at lines 651--651
[]\T1/phv/m/n/6 (p)MSSM-15,
 []


Underfull \hbox (badness 10000) in paragraph at lines 651--651
\T1/phv/m/n/6 CMSSM$\OMS/cmsy/m/n/6 ^^F$$\OML/cmm/m/it/6 ^^O$\T1/phv/m/n/6 ,
 []


Underfull \hbox (badness 1888) in paragraph at lines 651--651
[]\T1/phv/m/n/6 Event-level: Ice-Cube, Fermi, LUX,
 []


Underfull \hbox (badness 3568) in paragraph at lines 651--651
\T1/phv/m/n/6 AMS-02, COUPP, KIMS, CRESST,
 []


Underfull \hbox (badness 1259) in paragraph at lines 651--651
\T1/phv/m/n/6 HESS. Pre-dic-tions: CTA, DAR-WIN,
 []


Underfull \hbox (badness 10000) in paragraph at lines 651--651
\T1/phv/m/n/6 Fermi,
 []


Underfull \hbox (badness 10000) in paragraph at lines 651--651
\T1/phv/m/n/6 Ice-Cube,
 []


Underfull \hbox (badness 10000) in paragraph at lines 651--651
\T1/phv/m/n/6 Fermi,
 []


Underfull \hbox (badness 10000) in paragraph at lines 651--651
\T1/phv/m/n/6 HESS,
 []


Underfull \hbox (badness 10000) in paragraph at lines 651--651
[]\T1/phv/m/n/6 Event-level:
 []


Underfull \hbox (badness 10000) in paragraph at lines 651--651
\T1/phv/m/n/6 Ice-Cube,
 []


Underfull \hbox (badness 10000) in paragraph at lines 651--651
\T1/phv/m/n/6 Hig-gsSig-nals,
 []


Underfull \hbox (badness 1337) in paragraph at lines 651--651
[]\T1/phv/m/n/6 ATLAS di-rect
 []


Underfull \hbox (badness 10000) in paragraph at lines 651--651
\T1/phv/m/n/6 sim, Higgs
 []


Underfull \hbox (badness 10000) in paragraph at lines 651--651
\T1/phv/m/n/6 mass only,
 []


Underfull \hbox (badness 10000) in paragraph at lines 651--651
[]\T1/phv/m/n/6 ATLAS
 []


Underfull \hbox (badness 10000) in paragraph at lines 651--651
\T1/phv/m/n/6 resim,
 []


Underfull \hbox (badness 10000) in paragraph at lines 651--651
\T1/phv/m/n/6 Hig-gsSig-
 []


Underfull \hbox (badness 10000) in paragraph at lines 651--651
\T1/phv/m/n/6 nals, ba-sic
 []


Overfull \hbox (0.9804pt too wide) in paragraph at lines 651--651
[]\T1/phv/m/n/6 ATLAS+CMS 
 []


Underfull \hbox (badness 10000) in paragraph at lines 651--651
[]\T1/phv/m/n/6 SM, the-ory
 []


Underfull \hbox (badness 7099) in paragraph at lines 651--651
\T1/phv/m/n/6 and re-lated
 []


Underfull \hbox (badness 10000) in paragraph at lines 651--651
[]$\T1/phv/m/sl/6 m[]$\T1/phv/m/n/6 , $\T1/phv/m/sl/6 m[]$\T1/phv/m/n/6 ,
 []


Underfull \hbox (badness 10000) in paragraph at lines 651--651
\OML/cmm/m/it/6 []$\T1/phv/m/n/6 ,
 []


Underfull \hbox (badness 10000) in paragraph at lines 651--651
\T1/phv/m/n/6 hadronic
 []


Underfull \hbox (badness 10000) in paragraph at lines 651--651
\T1/phv/m/n/6 ma-trix el-e-
 []


Underfull \hbox (badness 10000) in paragraph at lines 651--651
[]$\T1/phv/m/sl/6 m[]$\T1/phv/m/n/6 , $\T1/phv/m/sl/6 m[]$\T1/phv/m/n/6 ,
 []


Underfull \hbox (badness 10000) in paragraph at lines 651--651
\OML/cmm/m/it/6 []$\T1/phv/m/n/6 , $\OML/cmm/m/it/6 []$\T1/phv/m/n/6 ,
 []


Underfull \hbox (badness 10000) in paragraph at lines 651--651
\T1/phv/m/n/6 DM halo,
 []


Underfull \hbox (badness 10000) in paragraph at lines 651--651
\T1/phv/m/n/6 hadronic
 []


Overfull \hbox (3.5979pt too wide) in paragraph at lines 651--651
[][]  
 []


Overfull \vbox (1.72571pt too high) detected at line 651
 []

[55

]
Overfull \hbox (2.636pt too wide) in paragraph at lines 651--651
[]\T1/phv/m/n/6 ($\OMS/cmsy/m/n/6 ^^X$\T1/phv/m/n/6 )Monolithic| 
 []


Underfull \hbox (badness 3815) in paragraph at lines 651--651
[]\T1/phv/m/n/6 Differential evo-lu-tion, ge-netic al-go-
 []


Underfull \hbox (badness 4765) in paragraph at lines 651--651
\T1/phv/m/n/6 rithms, ran-dom forests, t-walk, t-
 []


Underfull \hbox (badness 2671) in paragraph at lines 651--651
[]\T1/phv/m/n/6 Nested sam-
 []


Underfull \hbox (badness 2671) in paragraph at lines 651--651
[]\T1/phv/m/n/6 Nested sam-
 []


Underfull \hbox (badness 10000) in paragraph at lines 651--651
[]\T1/phv/m/n/6 None (ran-
 []


Underfull \hbox (badness 10000) in paragraph at lines 651--651
[]\T1/phv/m/n/6 (p)MSSM-25, CMSSM$\OMS/cmsy/m/n/6 ^^F$$\OML/cmm/m/it/6 ^^O$\T1/
phv/m/n/6 , GMSB,
 []


Underfull \hbox (badness 2662) in paragraph at lines 651--651
\T1/phv/m/n/6 op-er-a-tors, iDM, XDM, ADM, UED,
 []


Underfull \hbox (badness 10000) in paragraph at lines 651--651
[]\T1/phv/m/n/6 (p)MSSM-15,
 []


Underfull \hbox (badness 10000) in paragraph at lines 651--651
\T1/phv/m/n/6 CMSSM$\OMS/cmsy/m/n/6 ^^F$$\OML/cmm/m/it/6 ^^O$\T1/phv/m/n/6 ,
 []


Underfull \hbox (badness 1888) in paragraph at lines 651--651
[]\T1/phv/m/n/6 Event-level: Ice-Cube, Fermi, LUX,
 []


Underfull \hbox (badness 3568) in paragraph at lines 651--651
\T1/phv/m/n/6 AMS-02, COUPP, KIMS, CRESST,
 []


Underfull \hbox (badness 1259) in paragraph at lines 651--651
\T1/phv/m/n/6 HESS. Pre-dic-tions: CTA, DAR-WIN,
 []


Underfull \hbox (badness 10000) in paragraph at lines 651--651
\T1/phv/m/n/6 Fermi,
 []


Underfull \hbox (badness 10000) in paragraph at lines 651--651
\T1/phv/m/n/6 Ice-Cube,
 []


Underfull \hbox (badness 10000) in paragraph at lines 651--651
\T1/phv/m/n/6 Fermi,
 []


Underfull \hbox (badness 10000) in paragraph at lines 651--651
\T1/phv/m/n/6 HESS,
 []


Underfull \hbox (badness 10000) in paragraph at lines 651--651
[]\T1/phv/m/n/6 Event-level:
 []


Underfull \hbox (badness 10000) in paragraph at lines 651--651
\T1/phv/m/n/6 Ice-Cube,
 []


Underfull \hbox (badness 10000) in paragraph at lines 651--651
\T1/phv/m/n/6 Hig-gsSig-nals,
 []


Underfull \hbox (badness 1337) in paragraph at lines 651--651
[]\T1/phv/m/n/6 ATLAS di-rect
 []


Underfull \hbox (badness 10000) in paragraph at lines 651--651
\T1/phv/m/n/6 sim, Higgs
 []


Underfull \hbox (badness 10000) in paragraph at lines 651--651
\T1/phv/m/n/6 mass only,
 []


Underfull \hbox (badness 10000) in paragraph at lines 651--651
[]\T1/phv/m/n/6 ATLAS
 []


Underfull \hbox (badness 10000) in paragraph at lines 651--651
\T1/phv/m/n/6 resim,
 []


Underfull \hbox (badness 10000) in paragraph at lines 651--651
\T1/phv/m/n/6 Hig-gsSig-
 []


Underfull \hbox (badness 10000) in paragraph at lines 651--651
\T1/phv/m/n/6 nals, ba-sic
 []


Overfull \hbox (0.9804pt too wide) in paragraph at lines 651--651
[]\T1/phv/m/n/6 ATLAS+CMS 
 []


Underfull \hbox (badness 10000) in paragraph at lines 651--651
[]\T1/phv/m/n/6 SM, the-ory
 []


Underfull \hbox (badness 7099) in paragraph at lines 651--651
\T1/phv/m/n/6 and re-lated
 []


Underfull \hbox (badness 10000) in paragraph at lines 651--651
[]$\T1/phv/m/sl/6 m[]$\T1/phv/m/n/6 , $\T1/phv/m/sl/6 m[]$\T1/phv/m/n/6 ,
 []


Underfull \hbox (badness 10000) in paragraph at lines 651--651
\OML/cmm/m/it/6 []$\T1/phv/m/n/6 ,
 []


Underfull \hbox (badness 10000) in paragraph at lines 651--651
\T1/phv/m/n/6 hadronic
 []


Underfull \hbox (badness 10000) in paragraph at lines 651--651
\T1/phv/m/n/6 ma-trix el-e-
 []


Underfull \hbox (badness 10000) in paragraph at lines 651--651
[]$\T1/phv/m/sl/6 m[]$\T1/phv/m/n/6 , $\T1/phv/m/sl/6 m[]$\T1/phv/m/n/6 ,
 []


Underfull \hbox (badness 10000) in paragraph at lines 651--651
\OML/cmm/m/it/6 []$\T1/phv/m/n/6 , $\OML/cmm/m/it/6 []$\T1/phv/m/n/6 ,
 []


Underfull \hbox (badness 10000) in paragraph at lines 651--651
\T1/phv/m/n/6 DM halo,
 []


Underfull \hbox (badness 10000) in paragraph at lines 651--651
\T1/phv/m/n/6 hadronic
 []


Overfull \hbox (3.5979pt too wide) in paragraph at lines 651--651
[][]  
 []


Overfull \vbox (1.72571pt too high) detected at line 651
 []

[56

]
Overfull \hbox (2.636pt too wide) in paragraph at lines 651--651
[]\T1/phv/m/n/6 ($\OMS/cmsy/m/n/6 ^^X$\T1/phv/m/n/6 )Monolithic| 
 []


Underfull \hbox (badness 3815) in paragraph at lines 651--651
[]\T1/phv/m/n/6 Differential evo-lu-tion, ge-netic al-go-
 []


Underfull \hbox (badness 4765) in paragraph at lines 651--651
\T1/phv/m/n/6 rithms, ran-dom forests, t-walk, t-
 []


Underfull \hbox (badness 2671) in paragraph at lines 651--651
[]\T1/phv/m/n/6 Nested sam-
 []


Underfull \hbox (badness 2671) in paragraph at lines 651--651
[]\T1/phv/m/n/6 Nested sam-
 []


Underfull \hbox (badness 10000) in paragraph at lines 651--651
[]\T1/phv/m/n/6 None (ran-
 []


Underfull \hbox (badness 10000) in paragraph at lines 651--651
[]\T1/phv/m/n/6 (p)MSSM-25, CMSSM$\OMS/cmsy/m/n/6 ^^F$$\OML/cmm/m/it/6 ^^O$\T1/
phv/m/n/6 , GMSB,
 []


Underfull \hbox (badness 2662) in paragraph at lines 651--651
\T1/phv/m/n/6 op-er-a-tors, iDM, XDM, ADM, UED,
 []


Underfull \hbox (badness 10000) in paragraph at lines 651--651
[]\T1/phv/m/n/6 (p)MSSM-15,
 []


Underfull \hbox (badness 10000) in paragraph at lines 651--651
\T1/phv/m/n/6 CMSSM$\OMS/cmsy/m/n/6 ^^F$$\OML/cmm/m/it/6 ^^O$\T1/phv/m/n/6 ,
 []


Underfull \hbox (badness 1888) in paragraph at lines 651--651
[]\T1/phv/m/n/6 Event-level: Ice-Cube, Fermi, LUX,
 []


Underfull \hbox (badness 3568) in paragraph at lines 651--651
\T1/phv/m/n/6 AMS-02, COUPP, KIMS, CRESST,
 []


Underfull \hbox (badness 1259) in paragraph at lines 651--651
\T1/phv/m/n/6 HESS. Pre-dic-tions: CTA, DAR-WIN,
 []


Underfull \hbox (badness 10000) in paragraph at lines 651--651
\T1/phv/m/n/6 Fermi,
 []


Underfull \hbox (badness 10000) in paragraph at lines 651--651
\T1/phv/m/n/6 Ice-Cube,
 []


Underfull \hbox (badness 10000) in paragraph at lines 651--651
\T1/phv/m/n/6 Fermi,
 []


Underfull \hbox (badness 10000) in paragraph at lines 651--651
\T1/phv/m/n/6 HESS,
 []


Underfull \hbox (badness 10000) in paragraph at lines 651--651
[]\T1/phv/m/n/6 Event-level:
 []


Underfull \hbox (badness 10000) in paragraph at lines 651--651
\T1/phv/m/n/6 Ice-Cube,
 []


Underfull \hbox (badness 10000) in paragraph at lines 651--651
\T1/phv/m/n/6 Hig-gsSig-nals,
 []


Underfull \hbox (badness 1337) in paragraph at lines 651--651
[]\T1/phv/m/n/6 ATLAS di-rect
 []


Underfull \hbox (badness 10000) in paragraph at lines 651--651
\T1/phv/m/n/6 sim, Higgs
 []


Underfull \hbox (badness 10000) in paragraph at lines 651--651
\T1/phv/m/n/6 mass only,
 []


Underfull \hbox (badness 10000) in paragraph at lines 651--651
[]\T1/phv/m/n/6 ATLAS
 []


Underfull \hbox (badness 10000) in paragraph at lines 651--651
\T1/phv/m/n/6 resim,
 []


Underfull \hbox (badness 10000) in paragraph at lines 651--651
\T1/phv/m/n/6 Hig-gsSig-
 []


Underfull \hbox (badness 10000) in paragraph at lines 651--651
\T1/phv/m/n/6 nals, ba-sic
 []


Overfull \hbox (0.9804pt too wide) in paragraph at lines 651--651
[]\T1/phv/m/n/6 ATLAS+CMS 
 []


Underfull \hbox (badness 10000) in paragraph at lines 651--651
[]\T1/phv/m/n/6 SM, the-ory
 []


Underfull \hbox (badness 7099) in paragraph at lines 651--651
\T1/phv/m/n/6 and re-lated
 []


Underfull \hbox (badness 10000) in paragraph at lines 651--651
[]$\T1/phv/m/sl/6 m[]$\T1/phv/m/n/6 , $\T1/phv/m/sl/6 m[]$\T1/phv/m/n/6 ,
 []


Underfull \hbox (badness 10000) in paragraph at lines 651--651
\OML/cmm/m/it/6 []$\T1/phv/m/n/6 ,
 []


Underfull \hbox (badness 10000) in paragraph at lines 651--651
\T1/phv/m/n/6 hadronic
 []


Underfull \hbox (badness 10000) in paragraph at lines 651--651
\T1/phv/m/n/6 ma-trix el-e-
 []


Underfull \hbox (badness 10000) in paragraph at lines 651--651
[]$\T1/phv/m/sl/6 m[]$\T1/phv/m/n/6 , $\T1/phv/m/sl/6 m[]$\T1/phv/m/n/6 ,
 []


Underfull \hbox (badness 10000) in paragraph at lines 651--651
\OML/cmm/m/it/6 []$\T1/phv/m/n/6 , $\OML/cmm/m/it/6 []$\T1/phv/m/n/6 ,
 []


Underfull \hbox (badness 10000) in paragraph at lines 651--651
\T1/phv/m/n/6 DM halo,
 []


Underfull \hbox (badness 10000) in paragraph at lines 651--651
\T1/phv/m/n/6 hadronic
 []


Overfull \hbox (3.5979pt too wide) in paragraph at lines 651--651
[][]  
 []


Overfull \vbox (1.72571pt too high) detected at line 651
 []

[57

] [58

] <GAMBIT_wordle.pdf, id=2140, 650.43pt x 469.755pt>
File: GAMBIT_wordle.pdf Graphic file (type pdf)

<use GAMBIT_wordle.pdf>
Package pdftex.def Info: GAMBIT_wordle.pdf used on input line 674.
(pdftex.def)             Requested size: 365.47325pt x 263.95699pt.

Overfull \hbox (58.3535pt too wide) in paragraph at lines 674--674
[][]  
 []

[59

 <./GAMBIT_wordle.pdf>]
\tf@nav=\write6
\openout6 = `PS_Madrid.nav'.

\tf@toc=\write7
\openout7 = `PS_Madrid.toc'.

\tf@snm=\write8
\openout8 = `PS_Madrid.snm'.

Package atveryend Info: Empty hook `BeforeClearDocument' on input line 679.
Package atveryend Info: Empty hook `AfterLastShipout' on input line 679.
 (./PS_Madrid.aux)
Package atveryend Info: Executing hook `AtVeryEndDocument' on input line 679.
Package atveryend Info: Executing hook `AtEndAfterFileList' on input line 679.
Package rerunfilecheck Info: File `PS_Madrid.out' has not changed.
(rerunfilecheck)             Checksum: D91F4A229A11BF6BE4DE4170D923B62D;149.
Package atveryend Info: Empty hook `AtVeryVeryEnd' on input line 679.
 ) 
Here is how much of TeX's memory you used:
 19429 strings out of 495059
 361541 string characters out of 3182031
 468321 words of memory out of 3000000
 21938 multiletter control sequences out of 15000+200000
 89076 words of font info for 114 fonts, out of 3000000 for 9000
 14 hyphenation exceptions out of 8191
 49i,19n,66p,461b,977s stack positions out of 5000i,500n,10000p,200000b,50000s
{/usr/share/texlive/texmf-dist/fonts/enc/dvips/base/8r.enc}</home/crunchbang/
texmf/fonts/type1/bluesky/cm/cmmi10.pfb></home/crunchbang/texmf/fonts/type1/blu
esky/cm/cmmi6.pfb></home/crunchbang/texmf/fonts/type1/bluesky/cm/cmmi7.pfb></ho
me/crunchbang/texmf/fonts/type1/bluesky/cm/cmr10.pfb></home/crunchbang/texmf/fo
nts/type1/bluesky/cm/cmr7.pfb></home/crunchbang/texmf/fonts/type1/bluesky/cm/cm
ss10.pfb></home/crunchbang/texmf/fonts/type1/bluesky/cm/cmss8.pfb></home/crunch
bang/texmf/fonts/type1/bluesky/cm/cmsy10.pfb></home/crunchbang/texmf/fonts/type
1/bluesky/cm/cmsy5.pfb></home/crunchbang/texmf/fonts/type1/bluesky/cm/cmsy6.pfb
></home/crunchbang/texmf/fonts/type1/bluesky/cm/cmsy7.pfb></usr/share/texlive/t
exmf-dist/fonts/type1/urw/helvetic/uhvb8a.pfb></usr/share/texlive/texmf-dist/fo
nts/type1/urw/helvetic/uhvbo8a.pfb></usr/share/texlive/texmf-dist/fonts/type1/u
rw/helvetic/uhvr8a.pfb></usr/share/texlive/texmf-dist/fonts/type1/urw/helvetic/
uhvro8a.pfb></usr/share/texlive/texmf-dist/fonts/type1/urw/ncntrsbk/uncr8a.pfb>
</usr/share/texlive/texmf-dist/fonts/type1/urw/times/utmr8a.pfb>
Output written on PS_Madrid.pdf (59 pages, 2731253 bytes).
PDF statistics:
 2694 PDF objects out of 2984 (max. 8388607)
 2296 compressed objects within 23 object streams
 122 named destinations out of 1000 (max. 500000)
 216 words of extra memory for PDF output out of 10000 (max. 10000000)

